[21:43:12.010] ------------------------------
[21:43:12.394] MelonLoader v0.6.5 Open-Beta
[21:43:12.397] OS: Windows 10
[21:43:12.397] Hash Code: ECEE59E98250B37FBAD36ACD622C0C177FB65E478F6B3EE58F58366B6557DF70
[21:43:12.398] ------------------------------
[21:43:12.398] Game Type: Il2cpp
[21:43:12.399] Game Arch: x64
[21:43:12.399] ------------------------------
[21:43:12.400] Command-Line: E:\PVZ_Hyper_Fusion\PlantsVsZombiesRH.exe
[21:43:12.400] ------------------------------
[21:43:12.401] Core::BasePath = E:\PVZ_Hyper_Fusion
[21:43:12.401] Game::BasePath = E:\PVZ_Hyper_Fusion
[21:43:12.402] Game::DataPath = E:\PVZ_Hyper_Fusion\PlantsVsZombiesRH_Data
[21:43:12.403] Game::ApplicationPath = E:\PVZ_Hyper_Fusion\PlantsVsZombiesRH.exe
[21:43:12.403] Runtime Type: net6
[21:43:13.345] ------------------------------
[21:43:13.346] Game Name: PlantsVsZombiesRH
[21:43:13.346] Game Developer: LanPiaoPiao
[21:43:13.380] Unity Version: 2022.3.20f1c1
[21:43:13.381] Game Version: 2.1.3
[21:43:13.381] ------------------------------

[21:43:25.811] Preferences Loaded!

[21:43:26.743] Loading UserLibs from 'E:\PVZ_Hyper_Fusion\UserLibs'...
[21:43:26.745] ------------------------------
[21:43:27.003] Melon Assembly loaded: '.\UserLibs\ExIni.dll'
[21:43:27.003] SHA256 Hash: 'C073DB2220667E6BBBFFF64E13ED4F7E744AF4B554C408F13EA80BFDFFD859D0'
[21:43:27.675] Melon Assembly loaded: '.\UserLibs\XUnity.AutoTranslator.Plugin.Core.dll'
[21:43:27.675] SHA256 Hash: '068A7021F48B97087F4AD3E201C18BEB5F4F1BCFF363655D57A8FE2E2D2CEC79'
[21:43:27.861] Melon Assembly loaded: '.\UserLibs\XUnity.AutoTranslator.Plugin.ExtProtocol.dll'
[21:43:27.862] SHA256 Hash: '15DC19FB833E55A7628023BB0BFFC18DFB94CB6CA5F6DBA4F171F3A3585A4FF3'
[21:43:28.534] Melon Assembly loaded: '.\UserLibs\XUnity.Common.dll'
[21:43:28.535] SHA256 Hash: '0313777972941AB61806649A74770EA79201E0E4063ADF4E24155976B3AC0D10'
[21:43:28.789] Melon Assembly loaded: '.\UserLibs\XUnity.ResourceRedirector.dll'
[21:43:28.789] SHA256 Hash: 'F65C057681063A60D3DB039427A4667FF473B71DEFB324BF9F7E9D99FA7BC571'

[21:43:28.811] Loading Plugins from 'E:\PVZ_Hyper_Fusion\Plugins'...
[21:43:28.817] 0 Plugins loaded.
[21:43:46.509] Loading Il2CppAssemblyGenerator...
[21:43:46.615] [Il2CppAssemblyGenerator] Contacting RemoteAPI...
[21:43:49.922] [Il2CppAssemblyGenerator] Game Not Found on RemoteAPI Host (https://api.melonloader.com/api/v1/game/plantsvszombiesrh)
[21:43:49.923] [Il2CppAssemblyGenerator] RemoteAPI.DumperVersion = null
[21:43:49.925] [Il2CppAssemblyGenerator] RemoteAPI.ObfuscationRegex = null
[21:43:49.927] [Il2CppAssemblyGenerator] RemoteAPI.MappingURL = null
[21:43:49.928] [Il2CppAssemblyGenerator] RemoteAPI.MappingFileSHA512 = null
[21:43:50.005] [Il2CppAssemblyGenerator] Using Cpp2IL Version: 2022.1.0-pre-release.18
[21:43:50.005] [Il2CppAssemblyGenerator] Using Il2CppInterop Version = 1.4.6-ci.545+3da49636029e18c88fe93901a893499a2d779805
[21:43:50.008] [Il2CppAssemblyGenerator] Using Unity Dependencies Version = 2022.3.20
[21:43:50.009] [Il2CppAssemblyGenerator] Using Deobfuscation Regex = null
[21:43:50.011] [Il2CppAssemblyGenerator] Cpp2IL is up to date.
[21:43:50.011] [Il2CppAssemblyGenerator] UnityDependencies is up to date.
[21:43:50.013] [Il2CppAssemblyGenerator] Checking GameAssembly...
[21:43:50.649] [Il2CppAssemblyGenerator] Assembly is up to date. No Generation Needed.

[21:43:50.656] Loading Mods from 'E:\PVZ_Hyper_Fusion\Mods'...
[21:43:50.658] ------------------------------
[21:43:51.245] Melon Assembly loaded: '.\Mods\PVZ_Hyper_Fusion.dll'
[21:43:51.245] SHA256 Hash: '8EC7A36B35E6BCB31428D57A9B227D8C0B0359901610EC2B689E0B9CD99B01A4'
[21:43:51.305] Melon Assembly loaded: '.\Mods\XUnity.AutoTranslator.Plugin.MelonMod.dll'
[21:43:51.306] SHA256 Hash: '9DBC7E5B0E3F854FFED9BCD39E10C6D7D1D68A45B9B739B3B9A63089697DC0D0'

[21:43:56.099] ------------------------------
[21:43:56.101] PVZ Hyper Fusion v0.0.2
[21:43:56.101] by arifrios1st
[21:43:56.102] Assembly: PVZ_Hyper_Fusion.dll
[21:43:56.104] ------------------------------
[21:43:56.107] ------------------------------
[21:43:56.108] XUnity Auto Translator v5.4.0
[21:43:56.108] by gravydevsupreme
[21:43:56.109] Assembly: XUnity.AutoTranslator.Plugin.MelonMod.dll
[21:43:56.110] ------------------------------
[21:43:56.113] ------------------------------
[21:43:56.115] 2 Mods loaded.

[21:44:38.456] [Il2CppInterop] Class::Init signatures have been exhausted, using a substitute!
[21:44:38.796] [Il2CppInterop] Registered mono type Il2CppInterop.Runtime.DelegateSupport+Il2CppToMonoDelegateReference in il2cpp domain
[21:44:39.111] [Il2CppInterop] Registered mono type MelonLoader.Support.MonoEnumeratorWrapper in il2cpp domain
[21:44:39.345] [Il2CppInterop] Registered mono type MelonLoader.Support.SM_Component in il2cpp domain
[21:44:39.644] Support Module Loaded: E:\PVZ_Hyper_Fusion\MelonLoader\Dependencies\SupportModules\Il2Cpp.dll
[21:44:44.335] [PVZ_Hyper_Fusion] Textures loaded successfully.
[21:44:45.118] [PVZ_Hyper_Fusion] Strings loaded successfully.
[21:46:06.311] [PVZ_Hyper_Fusion] OK! Replaced Texture Sproing
[21:46:06.349] [PVZ_Hyper_Fusion] OK! Replaced Texture Doom
[21:46:06.386] [PVZ_Hyper_Fusion] OK! Replaced Texture ExplosionPowie
[21:46:06.408] [PVZ_Hyper_Fusion] OK! Replaced Texture ExplosionSpudow
[21:46:06.663] [PVZ_Hyper_Fusion] OK! Replaced Texture guang
[21:46:08.544] [Il2CppInterop] Registered mono type XUnity.AutoTranslator.Plugin.Core.PluginLoader+AutoTranslatorProxyBehaviour in il2cpp domain
[21:46:27.285] Screen resolution determine to be: 1366x681
[21:46:27.312] Force loading ALL proxy assemblies.
[21:46:27.342] Force loading assembly: E:\PVZ_Hyper_Fusion\MelonLoader\Il2CppAssemblies\Assembly-CSharp.dll
[21:46:27.470] Force loading assembly: E:\PVZ_Hyper_Fusion\MelonLoader\Il2CppAssemblies\Il2CppMono.Security.dll
[21:46:27.518] Force loading assembly: E:\PVZ_Hyper_Fusion\MelonLoader\Il2CppAssemblies\Il2Cppmscorlib.dll
[21:46:28.261] Force loading assembly: E:\PVZ_Hyper_Fusion\MelonLoader\Il2CppAssemblies\Il2CppSystem.Configuration.dll
[21:46:28.307] Force loading assembly: E:\PVZ_Hyper_Fusion\MelonLoader\Il2CppAssemblies\Il2CppSystem.Core.dll
[21:46:28.690] Force loading assembly: E:\PVZ_Hyper_Fusion\MelonLoader\Il2CppAssemblies\Il2CppSystem.dll
[21:46:29.513] Force loading assembly: E:\PVZ_Hyper_Fusion\MelonLoader\Il2CppAssemblies\Il2CppSystem.Xml.dll
[21:46:29.583] Force loading assembly: E:\PVZ_Hyper_Fusion\MelonLoader\Il2CppAssemblies\Il2Cpp__Generated.dll
[21:46:29.668] Force loading assembly: E:\PVZ_Hyper_Fusion\MelonLoader\Il2CppAssemblies\Unity.2D.Animation.Runtime.dll
[21:46:30.236] Force loading assembly: E:\PVZ_Hyper_Fusion\MelonLoader\Il2CppAssemblies\Unity.Burst.dll
[21:46:31.968] Force loading assembly: E:\PVZ_Hyper_Fusion\MelonLoader\Il2CppAssemblies\Unity.Burst.Unsafe.dll
[21:46:32.169] Force loading assembly: E:\PVZ_Hyper_Fusion\MelonLoader\Il2CppAssemblies\Unity.Collections.dll
[21:46:33.511] Force loading assembly: E:\PVZ_Hyper_Fusion\MelonLoader\Il2CppAssemblies\Unity.Collections.LowLevel.ILSupport.dll
[21:46:33.601] Force loading assembly: E:\PVZ_Hyper_Fusion\MelonLoader\Il2CppAssemblies\Unity.InternalAPIEngineBridge.001.dll
[21:46:33.676] Force loading assembly: E:\PVZ_Hyper_Fusion\MelonLoader\Il2CppAssemblies\Unity.Mathematics.dll
[21:46:35.413] Force loading assembly: E:\PVZ_Hyper_Fusion\MelonLoader\Il2CppAssemblies\Unity.RenderPipeline.Universal.ShaderLibrary.dll
[21:46:35.450] Force loading assembly: E:\PVZ_Hyper_Fusion\MelonLoader\Il2CppAssemblies\Unity.RenderPipelines.Core.Runtime.dll
[21:46:38.260] Force loading assembly: E:\PVZ_Hyper_Fusion\MelonLoader\Il2CppAssemblies\Unity.RenderPipelines.Universal.Runtime.dll
[21:46:39.829] Force loading assembly: E:\PVZ_Hyper_Fusion\MelonLoader\Il2CppAssemblies\Unity.TextMeshPro.dll
[21:46:41.881] Force loading assembly: E:\PVZ_Hyper_Fusion\MelonLoader\Il2CppAssemblies\Unity.VisualScripting.Core.dll
[21:46:44.152] Force loading assembly: E:\PVZ_Hyper_Fusion\MelonLoader\Il2CppAssemblies\UnityEngine.AccessibilityModule.dll
[21:46:44.200] Force loading assembly: E:\PVZ_Hyper_Fusion\MelonLoader\Il2CppAssemblies\UnityEngine.AIModule.dll
[21:46:44.476] Force loading assembly: E:\PVZ_Hyper_Fusion\MelonLoader\Il2CppAssemblies\UnityEngine.AndroidJNIModule.dll
[21:46:45.156] Force loading assembly: E:\PVZ_Hyper_Fusion\MelonLoader\Il2CppAssemblies\UnityEngine.AnimationModule.dll
[21:46:45.759] Force loading assembly: E:\PVZ_Hyper_Fusion\MelonLoader\Il2CppAssemblies\UnityEngine.ARModule.dll
[21:46:45.935] Force loading assembly: E:\PVZ_Hyper_Fusion\MelonLoader\Il2CppAssemblies\UnityEngine.AssetBundleModule.dll
[21:46:46.492] Force loading assembly: E:\PVZ_Hyper_Fusion\MelonLoader\Il2CppAssemblies\UnityEngine.AudioModule.dll
[21:46:48.038] Force loading assembly: E:\PVZ_Hyper_Fusion\MelonLoader\Il2CppAssemblies\UnityEngine.ClothModule.dll
[21:46:48.607] Force loading assembly: E:\PVZ_Hyper_Fusion\MelonLoader\Il2CppAssemblies\UnityEngine.ClusterInputModule.dll
[21:46:49.159] Force loading assembly: E:\PVZ_Hyper_Fusion\MelonLoader\Il2CppAssemblies\UnityEngine.ClusterRendererModule.dll
[21:46:49.237] Force loading assembly: E:\PVZ_Hyper_Fusion\MelonLoader\Il2CppAssemblies\UnityEngine.ContentLoadModule.dll
[21:46:49.277] Force loading assembly: E:\PVZ_Hyper_Fusion\MelonLoader\Il2CppAssemblies\UnityEngine.CoreModule.dll
[21:46:52.562] Force loading assembly: E:\PVZ_Hyper_Fusion\MelonLoader\Il2CppAssemblies\UnityEngine.CrashReportingModule.dll
[21:46:52.607] Force loading assembly: E:\PVZ_Hyper_Fusion\MelonLoader\Il2CppAssemblies\UnityEngine.DirectorModule.dll
[21:46:53.211] Force loading assembly: E:\PVZ_Hyper_Fusion\MelonLoader\Il2CppAssemblies\UnityEngine.dll
[21:46:53.250] Force loading assembly: E:\PVZ_Hyper_Fusion\MelonLoader\Il2CppAssemblies\UnityEngine.DSPGraphModule.dll
[21:46:53.806] Force loading assembly: E:\PVZ_Hyper_Fusion\MelonLoader\Il2CppAssemblies\UnityEngine.GameCenterModule.dll
[21:46:53.839] Force loading assembly: E:\PVZ_Hyper_Fusion\MelonLoader\Il2CppAssemblies\UnityEngine.GIModule.dll
[21:46:54.040] Force loading assembly: E:\PVZ_Hyper_Fusion\MelonLoader\Il2CppAssemblies\UnityEngine.GridModule.dll
[21:46:54.717] Force loading assembly: E:\PVZ_Hyper_Fusion\MelonLoader\Il2CppAssemblies\UnityEngine.HotReloadModule.dll
[21:46:54.759] Force loading assembly: E:\PVZ_Hyper_Fusion\MelonLoader\Il2CppAssemblies\UnityEngine.ImageConversionModule.dll
[21:46:55.557] Force loading assembly: E:\PVZ_Hyper_Fusion\MelonLoader\Il2CppAssemblies\UnityEngine.IMGUIModule.dll
[21:46:55.616] Force loading assembly: E:\PVZ_Hyper_Fusion\MelonLoader\Il2CppAssemblies\UnityEngine.InputLegacyModule.dll
[21:46:56.187] Force loading assembly: E:\PVZ_Hyper_Fusion\MelonLoader\Il2CppAssemblies\UnityEngine.InputModule.dll
[21:46:56.623] Force loading assembly: E:\PVZ_Hyper_Fusion\MelonLoader\Il2CppAssemblies\UnityEngine.JSONSerializeModule.dll
[21:46:56.820] Force loading assembly: E:\PVZ_Hyper_Fusion\MelonLoader\Il2CppAssemblies\UnityEngine.LocalizationModule.dll
[21:46:57.398] Force loading assembly: E:\PVZ_Hyper_Fusion\MelonLoader\Il2CppAssemblies\UnityEngine.NVIDIAModule.dll
[21:46:57.406] Force loading assembly: E:\PVZ_Hyper_Fusion\MelonLoader\Il2CppAssemblies\UnityEngine.ParticleSystemModule.dll
[21:46:57.682] Force loading assembly: E:\PVZ_Hyper_Fusion\MelonLoader\Il2CppAssemblies\UnityEngine.PerformanceReportingModule.dll
[21:46:58.183] Force loading assembly: E:\PVZ_Hyper_Fusion\MelonLoader\Il2CppAssemblies\UnityEngine.Physics2DModule.dll
[21:47:00.439] Force loading assembly: E:\PVZ_Hyper_Fusion\MelonLoader\Il2CppAssemblies\UnityEngine.PhysicsModule.dll
[21:47:01.623] Force loading assembly: E:\PVZ_Hyper_Fusion\MelonLoader\Il2CppAssemblies\UnityEngine.ProfilerModule.dll
[21:47:01.897] Force loading assembly: E:\PVZ_Hyper_Fusion\MelonLoader\Il2CppAssemblies\UnityEngine.PropertiesModule.dll
[21:47:02.502] Force loading assembly: E:\PVZ_Hyper_Fusion\MelonLoader\Il2CppAssemblies\UnityEngine.RuntimeInitializeOnLoadManagerInitializerModule.dll
[21:47:03.108] Force loading assembly: E:\PVZ_Hyper_Fusion\MelonLoader\Il2CppAssemblies\UnityEngine.ScreenCaptureModule.dll
[21:47:03.713] Force loading assembly: E:\PVZ_Hyper_Fusion\MelonLoader\Il2CppAssemblies\UnityEngine.SharedInternalsModule.dll
[21:47:04.318] Force loading assembly: E:\PVZ_Hyper_Fusion\MelonLoader\Il2CppAssemblies\UnityEngine.SpriteMaskModule.dll
[21:47:04.937] Force loading assembly: E:\PVZ_Hyper_Fusion\MelonLoader\Il2CppAssemblies\UnityEngine.SpriteShapeModule.dll
[21:47:04.974] Force loading assembly: E:\PVZ_Hyper_Fusion\MelonLoader\Il2CppAssemblies\UnityEngine.StreamingModule.dll
[21:47:05.553] Force loading assembly: E:\PVZ_Hyper_Fusion\MelonLoader\Il2CppAssemblies\UnityEngine.SubstanceModule.dll
[21:47:05.582] Force loading assembly: E:\PVZ_Hyper_Fusion\MelonLoader\Il2CppAssemblies\UnityEngine.SubsystemsModule.dll
[21:47:05.813] Force loading assembly: E:\PVZ_Hyper_Fusion\MelonLoader\Il2CppAssemblies\UnityEngine.TerrainModule.dll
[21:47:06.743] Force loading assembly: E:\PVZ_Hyper_Fusion\MelonLoader\Il2CppAssemblies\UnityEngine.TerrainPhysicsModule.dll
[21:47:07.148] Force loading assembly: E:\PVZ_Hyper_Fusion\MelonLoader\Il2CppAssemblies\UnityEngine.TextCoreFontEngineModule.dll
[21:47:07.905] Force loading assembly: E:\PVZ_Hyper_Fusion\MelonLoader\Il2CppAssemblies\UnityEngine.TextCoreTextEngineModule.dll
[21:47:08.576] Force loading assembly: E:\PVZ_Hyper_Fusion\MelonLoader\Il2CppAssemblies\UnityEngine.TextRenderingModule.dll
[21:47:08.781] Force loading assembly: E:\PVZ_Hyper_Fusion\MelonLoader\Il2CppAssemblies\UnityEngine.TilemapModule.dll
[21:47:09.543] Force loading assembly: E:\PVZ_Hyper_Fusion\MelonLoader\Il2CppAssemblies\UnityEngine.TLSModule.dll
[21:47:10.117] Force loading assembly: E:\PVZ_Hyper_Fusion\MelonLoader\Il2CppAssemblies\UnityEngine.UI.dll
[21:47:11.590] Force loading assembly: E:\PVZ_Hyper_Fusion\MelonLoader\Il2CppAssemblies\UnityEngine.UIElementsModule.dll
[21:47:14.923] Force loading assembly: E:\PVZ_Hyper_Fusion\MelonLoader\Il2CppAssemblies\UnityEngine.UIModule.dll
[21:47:15.570] Force loading assembly: E:\PVZ_Hyper_Fusion\MelonLoader\Il2CppAssemblies\UnityEngine.UmbraModule.dll
[21:47:16.029] Force loading assembly: E:\PVZ_Hyper_Fusion\MelonLoader\Il2CppAssemblies\UnityEngine.UnityAnalyticsCommonModule.dll
[21:47:16.615] Force loading assembly: E:\PVZ_Hyper_Fusion\MelonLoader\Il2CppAssemblies\UnityEngine.UnityAnalyticsModule.dll
[21:47:17.296] Force loading assembly: E:\PVZ_Hyper_Fusion\MelonLoader\Il2CppAssemblies\UnityEngine.UnityConnectModule.dll
[21:47:17.452] Force loading assembly: E:\PVZ_Hyper_Fusion\MelonLoader\Il2CppAssemblies\UnityEngine.UnityCurlModule.dll
[21:47:17.576] Force loading assembly: E:\PVZ_Hyper_Fusion\MelonLoader\Il2CppAssemblies\UnityEngine.UnityTestProtocolModule.dll
[21:47:17.698] Force loading assembly: E:\PVZ_Hyper_Fusion\MelonLoader\Il2CppAssemblies\UnityEngine.UnityWebRequestAssetBundleModule.dll
[21:47:18.090] Force loading assembly: E:\PVZ_Hyper_Fusion\MelonLoader\Il2CppAssemblies\UnityEngine.UnityWebRequestAudioModule.dll
[21:47:18.400] Force loading assembly: E:\PVZ_Hyper_Fusion\MelonLoader\Il2CppAssemblies\UnityEngine.UnityWebRequestModule.dll
[21:47:18.999] Force loading assembly: E:\PVZ_Hyper_Fusion\MelonLoader\Il2CppAssemblies\UnityEngine.UnityWebRequestTextureModule.dll
[21:47:19.161] Force loading assembly: E:\PVZ_Hyper_Fusion\MelonLoader\Il2CppAssemblies\UnityEngine.UnityWebRequestWWWModule.dll
[21:47:19.346] Force loading assembly: E:\PVZ_Hyper_Fusion\MelonLoader\Il2CppAssemblies\UnityEngine.VehiclesModule.dll
[21:47:19.665] Force loading assembly: E:\PVZ_Hyper_Fusion\MelonLoader\Il2CppAssemblies\UnityEngine.VFXModule.dll
[21:47:20.372] Force loading assembly: E:\PVZ_Hyper_Fusion\MelonLoader\Il2CppAssemblies\UnityEngine.VideoModule.dll
[21:47:20.617] Force loading assembly: E:\PVZ_Hyper_Fusion\MelonLoader\Il2CppAssemblies\UnityEngine.VirtualTexturingModule.dll
[21:47:20.663] Force loading assembly: E:\PVZ_Hyper_Fusion\MelonLoader\Il2CppAssemblies\UnityEngine.VRModule.dll
[21:47:20.730] Force loading assembly: E:\PVZ_Hyper_Fusion\MelonLoader\Il2CppAssemblies\UnityEngine.WindModule.dll
[21:47:20.787] Force loading assembly: E:\PVZ_Hyper_Fusion\MelonLoader\Il2CppAssemblies\UnityEngine.XRModule.dll
[21:47:27.742] An error occurred while resolving type: UnityEngine.TextMesh
System.ArgumentException: TextMesh does not have a corresponding IL2CPP class pointer
   at Il2CppInterop.Runtime.Il2CppType.TypeFromPointerInternal(IntPtr classPointer, String typeName, Boolean throwOnFailure) in /home/runner/work/Il2CppInterop/Il2CppInterop/Il2CppInterop.Runtime/Il2CppType.cs:line 19
   at XUnity.Common.Constants.UnityTypes.FindType(String name)
[21:47:27.882] An error occurred while resolving type: UnityEngine.WWW
System.ArgumentException: WWW does not have a corresponding IL2CPP class pointer
   at Il2CppInterop.Runtime.Il2CppType.TypeFromPointerInternal(IntPtr classPointer, String typeName, Boolean throwOnFailure) in /home/runner/work/Il2CppInterop/Il2CppInterop/Il2CppInterop.Runtime/Il2CppType.cs:line 27
   at XUnity.Common.Constants.UnityTypes.FindType(String name)
[21:47:29.108] [Il2CppInterop] Nested type ToolbarButtonSize on GUI not found!
[21:47:29.109] An error occurred while resolving type: UnityEngine.GUI+ToolbarButtonSize
System.ArgumentException: ToolbarButtonSize does not have a corresponding IL2CPP class pointer
   at Il2CppInterop.Runtime.Il2CppType.TypeFromPointerInternal(IntPtr classPointer, String typeName, Boolean throwOnFailure) in /home/runner/work/Il2CppInterop/Il2CppInterop/Il2CppInterop.Runtime/Il2CppType.cs:line 27
   at XUnity.Common.Constants.UnityTypes.FindType(String name)
[21:47:29.111] An error occurred while resolving type: UnityEngine.ImageConversion
System.ArgumentException: ImageConversion does not have a corresponding IL2CPP class pointer
   at Il2CppInterop.Runtime.Il2CppType.TypeFromPointerInternal(IntPtr classPointer, String typeName, Boolean throwOnFailure) in /home/runner/work/Il2CppInterop/Il2CppInterop/Il2CppInterop.Runtime/Il2CppType.cs:line 27
   at XUnity.Common.Constants.UnityTypes.FindType(String name)
[21:47:30.430] An error occurred while resolving type: UnityEngine.AssetBundle
System.ArgumentException: AssetBundle does not have a corresponding IL2CPP class pointer
   at Il2CppInterop.Runtime.Il2CppType.TypeFromPointerInternal(IntPtr classPointer, String typeName, Boolean throwOnFailure) in /home/runner/work/Il2CppInterop/Il2CppInterop/Il2CppInterop.Runtime/Il2CppType.cs:line 27
   at XUnity.Common.Constants.UnityTypes.FindType(String name)
[21:47:39.336] Hooked UnityEngine.UI.Text.set_text through Harmony hooks.
[21:47:39.467] Hooked UnityEngine.UI.Text.OnEnable through Harmony hooks.
[21:48:19.321] Disabling certificate checks for endpoints because of configuration.
[21:48:19.462] Probing whether OnLevelWasLoaded or SceneManager is supported in this version of Unity. Any warnings related to OnLevelWasLoaded coming from Unity can safely be ignored.
[21:48:19.611] An error occurred while settings up scene-load scans.
System.NotSupportedException: Method unstripping failed
   at lambda_method2(Closure , UnityAction`2 )
   at XUnity.AutoTranslator.Plugin.Utilities.TranslationScopeHelper.RegisterSceneLoadCallback(Action`1 sceneLoaded)
   at XUnity.AutoTranslator.Plugin.Core.AutoTranslationPlugin.EnableSceneLoadScan()
[21:48:19.754] Loaded resize command text files.
[21:48:20.413] --- Loading Global Translations ---
[21:48:20.917] Loaded translation text files (took 0,23 seconds)
[21:48:20.961] Created variation translations (took -0,11 seconds)
[21:48:20.961] Created token translations (took -0 seconds)
[21:48:20.972] Loaded XUnity.AutoTranslator into Unity [2022.3.20f1c1] game.
[21:48:23.711] [Il2CppInterop] Registered mono type XUnity.AutoTranslator.Plugin.Core.Il2CppManagedEnumerator in il2cpp domain
[21:48:57.444] Skipping plugin scan because no plugin-specific translations has been registered.
[21:48:57.658] [PVZ_Hyper_Fusion] OK! Replaced Texture SelectorScreen_Adventure_button
[21:48:57.703] [PVZ_Hyper_Fusion] OK! Replaced Texture SelectorScreen_Adventure_highlight
[21:48:57.745] [PVZ_Hyper_Fusion] OK! Replaced Texture SelectorScreen_Almanac
[21:48:57.793] [PVZ_Hyper_Fusion] OK! Replaced Texture SelectorScreen_AlmanacHighlight
[21:48:57.948] [PVZ_Hyper_Fusion] OK! Replaced Texture SelectorScreen_Challenge_button
[21:48:57.973] [PVZ_Hyper_Fusion] OK! Replaced Texture SelectorScreen_Challenge_highlight
[21:48:58.011] [PVZ_Hyper_Fusion] OK! Replaced Texture SelectorScreen_Challenges_button
[21:48:58.053] [PVZ_Hyper_Fusion] OK! Replaced Texture SelectorScreen_Challenges_highlight
[21:48:58.095] [PVZ_Hyper_Fusion] OK! Replaced Texture SelectorScreen_Help1
[21:48:58.117] [PVZ_Hyper_Fusion] OK! Replaced Texture SelectorScreen_Help2
[21:48:58.161] [PVZ_Hyper_Fusion] OK! Replaced Texture SelectorScreen_Options1
[21:48:58.215] [PVZ_Hyper_Fusion] OK! Replaced Texture SelectorScreen_Options2
[21:48:58.253] [PVZ_Hyper_Fusion] OK! Replaced Texture SelectorScreen_Quit1
[21:48:58.341] [PVZ_Hyper_Fusion] OK! Replaced Texture SelectorScreen_Quit2
[21:48:58.404] [PVZ_Hyper_Fusion] OK! Replaced Texture SelectorScreen_Store
[21:48:58.469] [PVZ_Hyper_Fusion] OK! Replaced Texture SelectorScreen_StoreHighlight
[21:48:58.472] [PVZ_Hyper_Fusion] OK! Replaced Texture SelectorScreen_Vasebreaker_button
[21:48:58.489] [PVZ_Hyper_Fusion] OK! Replaced Texture SelectorScreen_vasebreaker_highlight
[21:48:58.573] [PVZ_Hyper_Fusion] OK! Replaced Texture SelectorScreen_WoodSign1
[21:48:58.610] [PVZ_Hyper_Fusion] OK! Replaced Texture SelectorScreen_WoodSign2
[21:48:58.621] [PVZ_Hyper_Fusion] OK! Replaced Texture SelectorScreen_WoodSign2_press
[21:48:58.623] [PVZ_Hyper_Fusion] OK! Replaced Texture SelectorScreen_ZenGarden
[21:48:58.674] [PVZ_Hyper_Fusion] OK! Replaced Texture SelectorScreen_ZenGardenHighlight
[21:49:13.925] Preferences Saved!
