[23:09:21.446] ------------------------------
[23:09:21.484] MelonLoader v0.6.5 Open-Beta
[23:09:21.486] OS: Windows 10
[23:09:21.486] Hash Code: ECEE59E98250B37FBAD36ACD622C0C177FB65E478F6B3EE58F58366B6557DF70
[23:09:21.486] ------------------------------
[23:09:21.486] Game Type: Il2cpp
[23:09:21.487] Game Arch: x64
[23:09:21.487] ------------------------------
[23:09:21.487] Command-Line: D:\Games\[Series] PvZ Mods\PvZ Fusion English 2.1.3\Game Files\PlantsVsZombiesRH.exe
[23:09:21.487] ------------------------------
[23:09:21.487] Core::BasePath = D:\Games\[Series] PvZ Mods\PvZ Fusion English 2.1.3\Game Files
[23:09:21.487] Game::BasePath = D:\Games\[Series] PvZ Mods\PvZ Fusion English 2.1.3\Game Files
[23:09:21.488] Game::DataPath = D:\Games\[Series] PvZ Mods\PvZ Fusion English 2.1.3\Game Files\PlantsVsZombiesRH_Data
[23:09:21.488] Game::ApplicationPath = D:\Games\[Series] PvZ Mods\PvZ Fusion English 2.1.3\Game Files\PlantsVsZombiesRH.exe
[23:09:21.488] Runtime Type: net6
[23:09:21.655] ------------------------------
[23:09:21.655] Game Name: PlantsVsZombiesRH
[23:09:21.655] Game Developer: LanPiaoPiao
[23:09:21.657] Unity Version: 2022.3.20f1c1
[23:09:21.657] Game Version: 2.1.3
[23:09:21.657] ------------------------------

[23:09:23.010] Preferences Loaded!

[23:09:23.103] Loading UserLibs from 'D:\Games\[Series] PvZ Mods\PvZ Fusion English 2.1.3\Game Files\UserLibs'...
[23:09:23.104] ------------------------------
[23:09:23.108] Melon Assembly loaded: '.\UserLibs\ExIni.dll'
[23:09:23.108] SHA256 Hash: 'C073DB2220667E6BBBFFF64E13ED4F7E744AF4B554C408F13EA80BFDFFD859D0'
[23:09:23.125] Melon Assembly loaded: '.\UserLibs\XUnity.AutoTranslator.Plugin.Core.dll'
[23:09:23.125] SHA256 Hash: '068A7021F48B97087F4AD3E201C18BEB5F4F1BCFF363655D57A8FE2E2D2CEC79'
[23:09:23.128] Melon Assembly loaded: '.\UserLibs\XUnity.AutoTranslator.Plugin.ExtProtocol.dll'
[23:09:23.128] SHA256 Hash: '15DC19FB833E55A7628023BB0BFFC18DFB94CB6CA5F6DBA4F171F3A3585A4FF3'
[23:09:23.134] Melon Assembly loaded: '.\UserLibs\XUnity.Common.dll'
[23:09:23.134] SHA256 Hash: '0313777972941AB61806649A74770EA79201E0E4063ADF4E24155976B3AC0D10'
[23:09:23.138] Melon Assembly loaded: '.\UserLibs\XUnity.ResourceRedirector.dll'
[23:09:23.138] SHA256 Hash: 'F65C057681063A60D3DB039427A4667FF473B71DEFB324BF9F7E9D99FA7BC571'

[23:09:23.152] Loading Plugins from 'D:\Games\[Series] PvZ Mods\PvZ Fusion English 2.1.3\Game Files\Plugins'...
[23:09:23.155] 0 Plugins loaded.
[23:09:23.574] Loading Il2CppAssemblyGenerator...
[23:09:23.619] [Il2CppAssemblyGenerator] Contacting RemoteAPI...
[23:09:24.295] [Il2CppAssemblyGenerator] Game Not Found on RemoteAPI Host (https://api.melonloader.com/api/v1/game/plantsvszombiesrh)
[23:09:24.295] [Il2CppAssemblyGenerator] RemoteAPI.DumperVersion = null
[23:09:24.296] [Il2CppAssemblyGenerator] RemoteAPI.ObfuscationRegex = null
[23:09:24.298] [Il2CppAssemblyGenerator] RemoteAPI.MappingURL = null
[23:09:24.298] [Il2CppAssemblyGenerator] RemoteAPI.MappingFileSHA512 = null
[23:09:24.306] [Il2CppAssemblyGenerator] Using Cpp2IL Version: 2022.1.0-pre-release.18
[23:09:24.307] [Il2CppAssemblyGenerator] Using Il2CppInterop Version = 1.4.6-ci.545+3da49636029e18c88fe93901a893499a2d779805
[23:09:24.307] [Il2CppAssemblyGenerator] Using Unity Dependencies Version = 2022.3.20
[23:09:24.308] [Il2CppAssemblyGenerator] Using Deobfuscation Regex = null
[23:09:24.309] [Il2CppAssemblyGenerator] Cpp2IL is up to date.
[23:09:24.309] [Il2CppAssemblyGenerator] UnityDependencies is up to date.
[23:09:24.310] [Il2CppAssemblyGenerator] Checking GameAssembly...
[23:09:24.412] [Il2CppAssemblyGenerator] Assembly is up to date. No Generation Needed.

[23:09:24.415] Loading Mods from 'D:\Games\[Series] PvZ Mods\PvZ Fusion English 2.1.3\Game Files\Mods'...
[23:09:24.416] ------------------------------
[23:09:24.418] Melon Assembly loaded: '.\Mods\PVZ_Hyper_Fusion.dll'
[23:09:24.418] SHA256 Hash: 'DD0BE0F8647EFCF574C4C710A86AC6F1F4E22125F4929B5F063726624C1E93E9'
[23:09:24.421] Melon Assembly loaded: '.\Mods\XUnity.AutoTranslator.Plugin.MelonMod.dll'
[23:09:24.422] SHA256 Hash: '9DBC7E5B0E3F854FFED9BCD39E10C6D7D1D68A45B9B739B3B9A63089697DC0D0'

[23:09:24.629] ------------------------------
[23:09:24.629] PVZ Hyper Fusion v0.0.2
[23:09:24.629] by arifrios1st
[23:09:24.630] Assembly: PVZ_Hyper_Fusion.dll
[23:09:24.632] ------------------------------
[23:09:24.636] ------------------------------
[23:09:24.637] XUnity Auto Translator v5.4.0
[23:09:24.637] by gravydevsupreme
[23:09:24.638] Assembly: XUnity.AutoTranslator.Plugin.MelonMod.dll
[23:09:24.639] ------------------------------
[23:09:24.640] ------------------------------
[23:09:24.641] 2 Mods loaded.

[23:09:25.698] [Il2CppInterop] Class::Init signatures have been exhausted, using a substitute!
[23:09:25.827] [Il2CppInterop] Registered mono type Il2CppInterop.Runtime.DelegateSupport+Il2CppToMonoDelegateReference in il2cpp domain
[23:09:25.927] [Il2CppInterop] Registered mono type MelonLoader.Support.MonoEnumeratorWrapper in il2cpp domain
[23:09:25.967] [Il2CppInterop] Registered mono type MelonLoader.Support.SM_Component in il2cpp domain
[23:09:25.987] Support Module Loaded: D:\Games\[Series] PvZ Mods\PvZ Fusion English 2.1.3\Game Files\MelonLoader\Dependencies\SupportModules\Il2Cpp.dll
[23:09:27.313] [PVZ_Hyper_Fusion] Textures loaded successfully.
[23:09:27.358] [PVZ_Hyper_Fusion] Strings loaded successfully.
[23:09:33.291] [PVZ_Hyper_Fusion] OK! Replaced Texture Sproing
[23:09:33.295] [PVZ_Hyper_Fusion] OK! Replaced Texture Doom
[23:09:33.297] [PVZ_Hyper_Fusion] OK! Replaced Texture ExplosionPowie
[23:09:33.300] [PVZ_Hyper_Fusion] OK! Replaced Texture ExplosionSpudow
[23:09:33.303] [PVZ_Hyper_Fusion] OK! Replaced Texture guang
[23:09:33.366] [Il2CppInterop] Registered mono type XUnity.AutoTranslator.Plugin.Core.PluginLoader+AutoTranslatorProxyBehaviour in il2cpp domain
[23:09:33.682] Screen resolution determine to be: 1366x768
[23:09:33.686] Force loading ALL proxy assemblies.
[23:09:33.688] Force loading assembly: D:\Games\[Series] PvZ Mods\PvZ Fusion English 2.1.3\Game Files\MelonLoader\Il2CppAssemblies\Assembly-CSharp.dll
[23:09:33.689] Force loading assembly: D:\Games\[Series] PvZ Mods\PvZ Fusion English 2.1.3\Game Files\MelonLoader\Il2CppAssemblies\Il2CppMono.Security.dll
[23:09:33.689] Force loading assembly: D:\Games\[Series] PvZ Mods\PvZ Fusion English 2.1.3\Game Files\MelonLoader\Il2CppAssemblies\Il2Cppmscorlib.dll
[23:09:33.690] Force loading assembly: D:\Games\[Series] PvZ Mods\PvZ Fusion English 2.1.3\Game Files\MelonLoader\Il2CppAssemblies\Il2CppSystem.Configuration.dll
[23:09:33.690] Force loading assembly: D:\Games\[Series] PvZ Mods\PvZ Fusion English 2.1.3\Game Files\MelonLoader\Il2CppAssemblies\Il2CppSystem.Core.dll
[23:09:33.691] Force loading assembly: D:\Games\[Series] PvZ Mods\PvZ Fusion English 2.1.3\Game Files\MelonLoader\Il2CppAssemblies\Il2CppSystem.dll
[23:09:33.692] Force loading assembly: D:\Games\[Series] PvZ Mods\PvZ Fusion English 2.1.3\Game Files\MelonLoader\Il2CppAssemblies\Il2CppSystem.Xml.dll
[23:09:33.692] Force loading assembly: D:\Games\[Series] PvZ Mods\PvZ Fusion English 2.1.3\Game Files\MelonLoader\Il2CppAssemblies\Il2Cpp__Generated.dll
[23:09:33.693] Force loading assembly: D:\Games\[Series] PvZ Mods\PvZ Fusion English 2.1.3\Game Files\MelonLoader\Il2CppAssemblies\Unity.2D.Animation.Runtime.dll
[23:09:33.693] Force loading assembly: D:\Games\[Series] PvZ Mods\PvZ Fusion English 2.1.3\Game Files\MelonLoader\Il2CppAssemblies\Unity.Burst.dll
[23:09:33.694] Force loading assembly: D:\Games\[Series] PvZ Mods\PvZ Fusion English 2.1.3\Game Files\MelonLoader\Il2CppAssemblies\Unity.Burst.Unsafe.dll
[23:09:33.694] Force loading assembly: D:\Games\[Series] PvZ Mods\PvZ Fusion English 2.1.3\Game Files\MelonLoader\Il2CppAssemblies\Unity.Collections.dll
[23:09:33.697] Force loading assembly: D:\Games\[Series] PvZ Mods\PvZ Fusion English 2.1.3\Game Files\MelonLoader\Il2CppAssemblies\Unity.Collections.LowLevel.ILSupport.dll
[23:09:33.698] Force loading assembly: D:\Games\[Series] PvZ Mods\PvZ Fusion English 2.1.3\Game Files\MelonLoader\Il2CppAssemblies\Unity.InternalAPIEngineBridge.001.dll
[23:09:33.717] Force loading assembly: D:\Games\[Series] PvZ Mods\PvZ Fusion English 2.1.3\Game Files\MelonLoader\Il2CppAssemblies\Unity.Mathematics.dll
[23:09:33.717] Force loading assembly: D:\Games\[Series] PvZ Mods\PvZ Fusion English 2.1.3\Game Files\MelonLoader\Il2CppAssemblies\Unity.RenderPipeline.Universal.ShaderLibrary.dll
[23:09:33.719] Force loading assembly: D:\Games\[Series] PvZ Mods\PvZ Fusion English 2.1.3\Game Files\MelonLoader\Il2CppAssemblies\Unity.RenderPipelines.Core.Runtime.dll
[23:09:33.721] Force loading assembly: D:\Games\[Series] PvZ Mods\PvZ Fusion English 2.1.3\Game Files\MelonLoader\Il2CppAssemblies\Unity.RenderPipelines.Universal.Runtime.dll
[23:09:33.722] Force loading assembly: D:\Games\[Series] PvZ Mods\PvZ Fusion English 2.1.3\Game Files\MelonLoader\Il2CppAssemblies\Unity.TextMeshPro.dll
[23:09:33.723] Force loading assembly: D:\Games\[Series] PvZ Mods\PvZ Fusion English 2.1.3\Game Files\MelonLoader\Il2CppAssemblies\Unity.VisualScripting.Core.dll
[23:09:33.724] Force loading assembly: D:\Games\[Series] PvZ Mods\PvZ Fusion English 2.1.3\Game Files\MelonLoader\Il2CppAssemblies\UnityEngine.AccessibilityModule.dll
[23:09:33.724] Force loading assembly: D:\Games\[Series] PvZ Mods\PvZ Fusion English 2.1.3\Game Files\MelonLoader\Il2CppAssemblies\UnityEngine.AIModule.dll
[23:09:33.726] Force loading assembly: D:\Games\[Series] PvZ Mods\PvZ Fusion English 2.1.3\Game Files\MelonLoader\Il2CppAssemblies\UnityEngine.AndroidJNIModule.dll
[23:09:33.729] Force loading assembly: D:\Games\[Series] PvZ Mods\PvZ Fusion English 2.1.3\Game Files\MelonLoader\Il2CppAssemblies\UnityEngine.AnimationModule.dll
[23:09:33.730] Force loading assembly: D:\Games\[Series] PvZ Mods\PvZ Fusion English 2.1.3\Game Files\MelonLoader\Il2CppAssemblies\UnityEngine.ARModule.dll
[23:09:33.730] Force loading assembly: D:\Games\[Series] PvZ Mods\PvZ Fusion English 2.1.3\Game Files\MelonLoader\Il2CppAssemblies\UnityEngine.AssetBundleModule.dll
[23:09:33.745] Force loading assembly: D:\Games\[Series] PvZ Mods\PvZ Fusion English 2.1.3\Game Files\MelonLoader\Il2CppAssemblies\UnityEngine.AudioModule.dll
[23:09:33.746] Force loading assembly: D:\Games\[Series] PvZ Mods\PvZ Fusion English 2.1.3\Game Files\MelonLoader\Il2CppAssemblies\UnityEngine.ClothModule.dll
[23:09:33.747] Force loading assembly: D:\Games\[Series] PvZ Mods\PvZ Fusion English 2.1.3\Game Files\MelonLoader\Il2CppAssemblies\UnityEngine.ClusterInputModule.dll
[23:09:33.748] Force loading assembly: D:\Games\[Series] PvZ Mods\PvZ Fusion English 2.1.3\Game Files\MelonLoader\Il2CppAssemblies\UnityEngine.ClusterRendererModule.dll
[23:09:33.749] Force loading assembly: D:\Games\[Series] PvZ Mods\PvZ Fusion English 2.1.3\Game Files\MelonLoader\Il2CppAssemblies\UnityEngine.ContentLoadModule.dll
[23:09:33.750] Force loading assembly: D:\Games\[Series] PvZ Mods\PvZ Fusion English 2.1.3\Game Files\MelonLoader\Il2CppAssemblies\UnityEngine.CoreModule.dll
[23:09:33.750] Force loading assembly: D:\Games\[Series] PvZ Mods\PvZ Fusion English 2.1.3\Game Files\MelonLoader\Il2CppAssemblies\UnityEngine.CrashReportingModule.dll
[23:09:33.751] Force loading assembly: D:\Games\[Series] PvZ Mods\PvZ Fusion English 2.1.3\Game Files\MelonLoader\Il2CppAssemblies\UnityEngine.DirectorModule.dll
[23:09:33.753] Force loading assembly: D:\Games\[Series] PvZ Mods\PvZ Fusion English 2.1.3\Game Files\MelonLoader\Il2CppAssemblies\UnityEngine.dll
[23:09:33.754] Force loading assembly: D:\Games\[Series] PvZ Mods\PvZ Fusion English 2.1.3\Game Files\MelonLoader\Il2CppAssemblies\UnityEngine.DSPGraphModule.dll
[23:09:33.755] Force loading assembly: D:\Games\[Series] PvZ Mods\PvZ Fusion English 2.1.3\Game Files\MelonLoader\Il2CppAssemblies\UnityEngine.GameCenterModule.dll
[23:09:33.756] Force loading assembly: D:\Games\[Series] PvZ Mods\PvZ Fusion English 2.1.3\Game Files\MelonLoader\Il2CppAssemblies\UnityEngine.GIModule.dll
[23:09:33.757] Force loading assembly: D:\Games\[Series] PvZ Mods\PvZ Fusion English 2.1.3\Game Files\MelonLoader\Il2CppAssemblies\UnityEngine.GridModule.dll
[23:09:33.757] Force loading assembly: D:\Games\[Series] PvZ Mods\PvZ Fusion English 2.1.3\Game Files\MelonLoader\Il2CppAssemblies\UnityEngine.HotReloadModule.dll
[23:09:33.758] Force loading assembly: D:\Games\[Series] PvZ Mods\PvZ Fusion English 2.1.3\Game Files\MelonLoader\Il2CppAssemblies\UnityEngine.ImageConversionModule.dll
[23:09:33.762] Force loading assembly: D:\Games\[Series] PvZ Mods\PvZ Fusion English 2.1.3\Game Files\MelonLoader\Il2CppAssemblies\UnityEngine.IMGUIModule.dll
[23:09:33.762] Force loading assembly: D:\Games\[Series] PvZ Mods\PvZ Fusion English 2.1.3\Game Files\MelonLoader\Il2CppAssemblies\UnityEngine.InputLegacyModule.dll
[23:09:33.763] Force loading assembly: D:\Games\[Series] PvZ Mods\PvZ Fusion English 2.1.3\Game Files\MelonLoader\Il2CppAssemblies\UnityEngine.InputModule.dll
[23:09:33.763] Force loading assembly: D:\Games\[Series] PvZ Mods\PvZ Fusion English 2.1.3\Game Files\MelonLoader\Il2CppAssemblies\UnityEngine.JSONSerializeModule.dll
[23:09:33.764] Force loading assembly: D:\Games\[Series] PvZ Mods\PvZ Fusion English 2.1.3\Game Files\MelonLoader\Il2CppAssemblies\UnityEngine.LocalizationModule.dll
[23:09:33.764] Force loading assembly: D:\Games\[Series] PvZ Mods\PvZ Fusion English 2.1.3\Game Files\MelonLoader\Il2CppAssemblies\UnityEngine.NVIDIAModule.dll
[23:09:33.765] Force loading assembly: D:\Games\[Series] PvZ Mods\PvZ Fusion English 2.1.3\Game Files\MelonLoader\Il2CppAssemblies\UnityEngine.ParticleSystemModule.dll
[23:09:33.766] Force loading assembly: D:\Games\[Series] PvZ Mods\PvZ Fusion English 2.1.3\Game Files\MelonLoader\Il2CppAssemblies\UnityEngine.PerformanceReportingModule.dll
[23:09:33.766] Force loading assembly: D:\Games\[Series] PvZ Mods\PvZ Fusion English 2.1.3\Game Files\MelonLoader\Il2CppAssemblies\UnityEngine.Physics2DModule.dll
[23:09:33.767] Force loading assembly: D:\Games\[Series] PvZ Mods\PvZ Fusion English 2.1.3\Game Files\MelonLoader\Il2CppAssemblies\UnityEngine.PhysicsModule.dll
[23:09:33.767] Force loading assembly: D:\Games\[Series] PvZ Mods\PvZ Fusion English 2.1.3\Game Files\MelonLoader\Il2CppAssemblies\UnityEngine.ProfilerModule.dll
[23:09:33.768] Force loading assembly: D:\Games\[Series] PvZ Mods\PvZ Fusion English 2.1.3\Game Files\MelonLoader\Il2CppAssemblies\UnityEngine.PropertiesModule.dll
[23:09:33.769] Force loading assembly: D:\Games\[Series] PvZ Mods\PvZ Fusion English 2.1.3\Game Files\MelonLoader\Il2CppAssemblies\UnityEngine.RuntimeInitializeOnLoadManagerInitializerModule.dll
[23:09:33.770] Force loading assembly: D:\Games\[Series] PvZ Mods\PvZ Fusion English 2.1.3\Game Files\MelonLoader\Il2CppAssemblies\UnityEngine.ScreenCaptureModule.dll
[23:09:33.771] Force loading assembly: D:\Games\[Series] PvZ Mods\PvZ Fusion English 2.1.3\Game Files\MelonLoader\Il2CppAssemblies\UnityEngine.SharedInternalsModule.dll
[23:09:33.772] Force loading assembly: D:\Games\[Series] PvZ Mods\PvZ Fusion English 2.1.3\Game Files\MelonLoader\Il2CppAssemblies\UnityEngine.SpriteMaskModule.dll
[23:09:33.772] Force loading assembly: D:\Games\[Series] PvZ Mods\PvZ Fusion English 2.1.3\Game Files\MelonLoader\Il2CppAssemblies\UnityEngine.SpriteShapeModule.dll
[23:09:33.773] Force loading assembly: D:\Games\[Series] PvZ Mods\PvZ Fusion English 2.1.3\Game Files\MelonLoader\Il2CppAssemblies\UnityEngine.StreamingModule.dll
[23:09:33.777] Force loading assembly: D:\Games\[Series] PvZ Mods\PvZ Fusion English 2.1.3\Game Files\MelonLoader\Il2CppAssemblies\UnityEngine.SubstanceModule.dll
[23:09:33.777] Force loading assembly: D:\Games\[Series] PvZ Mods\PvZ Fusion English 2.1.3\Game Files\MelonLoader\Il2CppAssemblies\UnityEngine.SubsystemsModule.dll
[23:09:33.778] Force loading assembly: D:\Games\[Series] PvZ Mods\PvZ Fusion English 2.1.3\Game Files\MelonLoader\Il2CppAssemblies\UnityEngine.TerrainModule.dll
[23:09:33.779] Force loading assembly: D:\Games\[Series] PvZ Mods\PvZ Fusion English 2.1.3\Game Files\MelonLoader\Il2CppAssemblies\UnityEngine.TerrainPhysicsModule.dll
[23:09:33.779] Force loading assembly: D:\Games\[Series] PvZ Mods\PvZ Fusion English 2.1.3\Game Files\MelonLoader\Il2CppAssemblies\UnityEngine.TextCoreFontEngineModule.dll
[23:09:33.780] Force loading assembly: D:\Games\[Series] PvZ Mods\PvZ Fusion English 2.1.3\Game Files\MelonLoader\Il2CppAssemblies\UnityEngine.TextCoreTextEngineModule.dll
[23:09:33.781] Force loading assembly: D:\Games\[Series] PvZ Mods\PvZ Fusion English 2.1.3\Game Files\MelonLoader\Il2CppAssemblies\UnityEngine.TextRenderingModule.dll
[23:09:33.782] Force loading assembly: D:\Games\[Series] PvZ Mods\PvZ Fusion English 2.1.3\Game Files\MelonLoader\Il2CppAssemblies\UnityEngine.TilemapModule.dll
[23:09:33.782] Force loading assembly: D:\Games\[Series] PvZ Mods\PvZ Fusion English 2.1.3\Game Files\MelonLoader\Il2CppAssemblies\UnityEngine.TLSModule.dll
[23:09:33.783] Force loading assembly: D:\Games\[Series] PvZ Mods\PvZ Fusion English 2.1.3\Game Files\MelonLoader\Il2CppAssemblies\UnityEngine.UI.dll
[23:09:33.784] Force loading assembly: D:\Games\[Series] PvZ Mods\PvZ Fusion English 2.1.3\Game Files\MelonLoader\Il2CppAssemblies\UnityEngine.UIElementsModule.dll
[23:09:33.785] Force loading assembly: D:\Games\[Series] PvZ Mods\PvZ Fusion English 2.1.3\Game Files\MelonLoader\Il2CppAssemblies\UnityEngine.UIModule.dll
[23:09:33.786] Force loading assembly: D:\Games\[Series] PvZ Mods\PvZ Fusion English 2.1.3\Game Files\MelonLoader\Il2CppAssemblies\UnityEngine.UmbraModule.dll
[23:09:33.788] Force loading assembly: D:\Games\[Series] PvZ Mods\PvZ Fusion English 2.1.3\Game Files\MelonLoader\Il2CppAssemblies\UnityEngine.UnityAnalyticsCommonModule.dll
[23:09:33.793] Force loading assembly: D:\Games\[Series] PvZ Mods\PvZ Fusion English 2.1.3\Game Files\MelonLoader\Il2CppAssemblies\UnityEngine.UnityAnalyticsModule.dll
[23:09:33.794] Force loading assembly: D:\Games\[Series] PvZ Mods\PvZ Fusion English 2.1.3\Game Files\MelonLoader\Il2CppAssemblies\UnityEngine.UnityConnectModule.dll
[23:09:33.795] Force loading assembly: D:\Games\[Series] PvZ Mods\PvZ Fusion English 2.1.3\Game Files\MelonLoader\Il2CppAssemblies\UnityEngine.UnityCurlModule.dll
[23:09:33.796] Force loading assembly: D:\Games\[Series] PvZ Mods\PvZ Fusion English 2.1.3\Game Files\MelonLoader\Il2CppAssemblies\UnityEngine.UnityTestProtocolModule.dll
[23:09:33.796] Force loading assembly: D:\Games\[Series] PvZ Mods\PvZ Fusion English 2.1.3\Game Files\MelonLoader\Il2CppAssemblies\UnityEngine.UnityWebRequestAssetBundleModule.dll
[23:09:33.797] Force loading assembly: D:\Games\[Series] PvZ Mods\PvZ Fusion English 2.1.3\Game Files\MelonLoader\Il2CppAssemblies\UnityEngine.UnityWebRequestAudioModule.dll
[23:09:33.797] Force loading assembly: D:\Games\[Series] PvZ Mods\PvZ Fusion English 2.1.3\Game Files\MelonLoader\Il2CppAssemblies\UnityEngine.UnityWebRequestModule.dll
[23:09:33.798] Force loading assembly: D:\Games\[Series] PvZ Mods\PvZ Fusion English 2.1.3\Game Files\MelonLoader\Il2CppAssemblies\UnityEngine.UnityWebRequestTextureModule.dll
[23:09:33.798] Force loading assembly: D:\Games\[Series] PvZ Mods\PvZ Fusion English 2.1.3\Game Files\MelonLoader\Il2CppAssemblies\UnityEngine.UnityWebRequestWWWModule.dll
[23:09:33.799] Force loading assembly: D:\Games\[Series] PvZ Mods\PvZ Fusion English 2.1.3\Game Files\MelonLoader\Il2CppAssemblies\UnityEngine.VehiclesModule.dll
[23:09:33.799] Force loading assembly: D:\Games\[Series] PvZ Mods\PvZ Fusion English 2.1.3\Game Files\MelonLoader\Il2CppAssemblies\UnityEngine.VFXModule.dll
[23:09:33.800] Force loading assembly: D:\Games\[Series] PvZ Mods\PvZ Fusion English 2.1.3\Game Files\MelonLoader\Il2CppAssemblies\UnityEngine.VideoModule.dll
[23:09:33.800] Force loading assembly: D:\Games\[Series] PvZ Mods\PvZ Fusion English 2.1.3\Game Files\MelonLoader\Il2CppAssemblies\UnityEngine.VirtualTexturingModule.dll
[23:09:33.801] Force loading assembly: D:\Games\[Series] PvZ Mods\PvZ Fusion English 2.1.3\Game Files\MelonLoader\Il2CppAssemblies\UnityEngine.VRModule.dll
[23:09:33.801] Force loading assembly: D:\Games\[Series] PvZ Mods\PvZ Fusion English 2.1.3\Game Files\MelonLoader\Il2CppAssemblies\UnityEngine.WindModule.dll
[23:09:33.803] Force loading assembly: D:\Games\[Series] PvZ Mods\PvZ Fusion English 2.1.3\Game Files\MelonLoader\Il2CppAssemblies\UnityEngine.XRModule.dll
[23:09:33.831] An error occurred while resolving type: UnityEngine.TextMesh
System.ArgumentException: TextMesh does not have a corresponding IL2CPP class pointer
   at Il2CppInterop.Runtime.Il2CppType.TypeFromPointerInternal(IntPtr classPointer, String typeName, Boolean throwOnFailure) in /home/runner/work/Il2CppInterop/Il2CppInterop/Il2CppInterop.Runtime/Il2CppType.cs:line 19
   at XUnity.Common.Constants.UnityTypes.FindType(String name)
[23:09:33.834] An error occurred while resolving type: UnityEngine.WWW
System.ArgumentException: WWW does not have a corresponding IL2CPP class pointer
   at Il2CppInterop.Runtime.Il2CppType.TypeFromPointerInternal(IntPtr classPointer, String typeName, Boolean throwOnFailure) in /home/runner/work/Il2CppInterop/Il2CppInterop/Il2CppInterop.Runtime/Il2CppType.cs:line 19
   at XUnity.Common.Constants.UnityTypes.FindType(String name)
[23:09:33.842] [Il2CppInterop] Nested type ToolbarButtonSize on GUI not found!
[23:09:33.842] An error occurred while resolving type: UnityEngine.GUI+ToolbarButtonSize
System.ArgumentException: ToolbarButtonSize does not have a corresponding IL2CPP class pointer
   at Il2CppInterop.Runtime.Il2CppType.TypeFromPointerInternal(IntPtr classPointer, String typeName, Boolean throwOnFailure) in /home/runner/work/Il2CppInterop/Il2CppInterop/Il2CppInterop.Runtime/Il2CppType.cs:line 19
   at XUnity.Common.Constants.UnityTypes.FindType(String name)
[23:09:33.843] An error occurred while resolving type: UnityEngine.ImageConversion
System.ArgumentException: ImageConversion does not have a corresponding IL2CPP class pointer
   at Il2CppInterop.Runtime.Il2CppType.TypeFromPointerInternal(IntPtr classPointer, String typeName, Boolean throwOnFailure) in /home/runner/work/Il2CppInterop/Il2CppInterop/Il2CppInterop.Runtime/Il2CppType.cs:line 19
   at XUnity.Common.Constants.UnityTypes.FindType(String name)
[23:09:33.851] An error occurred while resolving type: UnityEngine.AssetBundle
System.ArgumentException: AssetBundle does not have a corresponding IL2CPP class pointer
   at Il2CppInterop.Runtime.Il2CppType.TypeFromPointerInternal(IntPtr classPointer, String typeName, Boolean throwOnFailure) in /home/runner/work/Il2CppInterop/Il2CppInterop/Il2CppInterop.Runtime/Il2CppType.cs:line 19
   at XUnity.Common.Constants.UnityTypes.FindType(String name)
[23:09:33.950] Hooked UnityEngine.UI.Text.set_text through Harmony hooks.
[23:09:33.980] Hooked UnityEngine.UI.Text.OnEnable through Harmony hooks.
[23:09:34.032] Disabling certificate checks for endpoints because of configuration.
[23:09:34.034] Probing whether OnLevelWasLoaded or SceneManager is supported in this version of Unity. Any warnings related to OnLevelWasLoaded coming from Unity can safely be ignored.
[23:09:34.036] An error occurred while settings up scene-load scans.
System.NotSupportedException: Method unstripping failed
   at lambda_method2(Closure , UnityAction`2 )
   at XUnity.AutoTranslator.Plugin.Utilities.TranslationScopeHelper.RegisterSceneLoadCallback(Action`1 sceneLoaded)
   at XUnity.AutoTranslator.Plugin.Core.AutoTranslationPlugin.EnableSceneLoadScan()
[23:09:34.042] Loaded resize command text files.
[23:09:34.064] --- Loading Global Translations ---
[23:09:34.072] Loaded translation text files (took 0.01 seconds)
[23:09:34.073] Created variation translations (took -0 seconds)
[23:09:34.073] Created token translations (took -0 seconds)
[23:09:34.078] Loaded XUnity.AutoTranslator into Unity [2022.3.20f1c1] game.
[23:09:34.138] [Il2CppInterop] Registered mono type XUnity.AutoTranslator.Plugin.Core.Il2CppManagedEnumerator in il2cpp domain
[23:09:34.481] Skipping plugin scan because no plugin-specific translations has been registered.
[23:09:34.524] [PVZ_Hyper_Fusion] OK! Replaced Texture SelectorScreen_Adventure_button
[23:09:34.525] [PVZ_Hyper_Fusion] OK! Replaced Texture SelectorScreen_Adventure_highlight
[23:09:34.526] [PVZ_Hyper_Fusion] OK! Replaced Texture SelectorScreen_Almanac
[23:09:34.527] [PVZ_Hyper_Fusion] OK! Replaced Texture SelectorScreen_AlmanacHighlight
[23:09:34.528] [PVZ_Hyper_Fusion] OK! Replaced Texture SelectorScreen_Challenge_button
[23:09:34.529] [PVZ_Hyper_Fusion] OK! Replaced Texture SelectorScreen_Challenge_highlight
[23:09:34.530] [PVZ_Hyper_Fusion] OK! Replaced Texture SelectorScreen_Challenges_button
[23:09:34.531] [PVZ_Hyper_Fusion] OK! Replaced Texture SelectorScreen_Challenges_highlight
[23:09:34.532] [PVZ_Hyper_Fusion] OK! Replaced Texture SelectorScreen_Help1
[23:09:34.534] [PVZ_Hyper_Fusion] OK! Replaced Texture SelectorScreen_Help2
[23:09:34.534] [PVZ_Hyper_Fusion] OK! Replaced Texture SelectorScreen_Options1
[23:09:34.535] [PVZ_Hyper_Fusion] OK! Replaced Texture SelectorScreen_Options2
[23:09:34.536] [PVZ_Hyper_Fusion] OK! Replaced Texture SelectorScreen_Quit1
[23:09:34.536] [PVZ_Hyper_Fusion] OK! Replaced Texture SelectorScreen_Quit2
[23:09:34.537] [PVZ_Hyper_Fusion] OK! Replaced Texture SelectorScreen_Store
[23:09:34.539] [PVZ_Hyper_Fusion] OK! Replaced Texture SelectorScreen_StoreHighlight
[23:09:34.543] [PVZ_Hyper_Fusion] OK! Replaced Texture SelectorScreen_Vasebreaker_button
[23:09:34.544] [PVZ_Hyper_Fusion] OK! Replaced Texture SelectorScreen_vasebreaker_highlight
[23:09:34.546] [PVZ_Hyper_Fusion] OK! Replaced Texture SelectorScreen_WoodSign1
[23:09:34.547] [PVZ_Hyper_Fusion] OK! Replaced Texture SelectorScreen_WoodSign2
[23:09:34.548] [PVZ_Hyper_Fusion] OK! Replaced Texture SelectorScreen_WoodSign2_press
[23:09:34.549] [PVZ_Hyper_Fusion] OK! Replaced Texture SelectorScreen_ZenGarden
[23:09:34.550] [PVZ_Hyper_Fusion] OK! Replaced Texture SelectorScreen_ZenGardenHighlight
[23:09:38.112] [PVZ_Hyper_Fusion] Strings loaded successfully.
[23:09:43.210] [PVZ_Hyper_Fusion] OK! Replaced Texture FlagMeterLevelProgress
[23:09:47.469] [PVZ_Hyper_Fusion] OK! Replaced Texture StartPlant
[23:09:47.471] [PVZ_Hyper_Fusion] OK! Replaced Texture StartReady
[23:09:47.472] [PVZ_Hyper_Fusion] OK! Replaced Texture StartSet
[23:10:45.735] [PVZ_Hyper_Fusion] OK! Replaced Texture options_menuback
[23:14:05.866] [PVZ_Hyper_Fusion] OK! Replaced Texture FinalWave
[23:14:11.864] [PVZ_Hyper_Fusion] Text found in translationString
[23:14:11.865] [PVZ_Hyper_Fusion] Text not translated
[23:22:59.693] [PVZ_Hyper_Fusion] Text found in translationString
[23:22:59.694] [PVZ_Hyper_Fusion] Text not translated
[23:23:36.709] [PVZ_Hyper_Fusion] Strings loaded successfully.
[23:25:03.316] [PVZ_Hyper_Fusion] Text found in translationString
[23:25:03.316] [PVZ_Hyper_Fusion] Text not translated
[23:27:07.890] [PVZ_Hyper_Fusion] Text found in translationString
[23:27:07.894] [PVZ_Hyper_Fusion] Text not translated
[23:27:13.329] [PVZ_Hyper_Fusion] Text found in translationString
[23:27:13.330] [PVZ_Hyper_Fusion] Text not translated
[23:28:21.670] [PVZ_Hyper_Fusion] Text found in translationString
[23:28:21.670] [PVZ_Hyper_Fusion] Text not translated
[23:29:58.025] [PVZ_Hyper_Fusion] Text found in translationString
[23:29:58.026] [PVZ_Hyper_Fusion] Text not translated
[23:31:45.675] [PVZ_Hyper_Fusion] Text found in translationString
[23:31:45.678] [PVZ_Hyper_Fusion] Text not translated
[23:31:48.273] [PVZ_Hyper_Fusion] Text found in translationString
[23:31:48.276] [PVZ_Hyper_Fusion] Text not translated
[23:39:10.811] [PVZ_Hyper_Fusion] Text found in translationString
[23:39:10.811] [PVZ_Hyper_Fusion] Text not translated
[23:43:34.771] [PVZ_Hyper_Fusion] Text found in translationString
[23:43:34.773] [PVZ_Hyper_Fusion] Text not translated
[23:46:53.724] [PVZ_Hyper_Fusion] Text found in translationString
[23:46:53.726] [PVZ_Hyper_Fusion] Text not translated
[23:46:56.250] [PVZ_Hyper_Fusion] Text found in translationString
[23:46:56.253] [PVZ_Hyper_Fusion] Text not translated
[23:48:10.615] [PVZ_Hyper_Fusion] Text found in translationString
[23:48:10.616] [PVZ_Hyper_Fusion] Text not translated
[23:49:30.063] [PVZ_Hyper_Fusion] Text found in translationString
[23:49:30.064] [PVZ_Hyper_Fusion] Text not translated
[23:50:47.066] [PVZ_Hyper_Fusion] Strings loaded successfully.
[23:50:52.585] [PVZ_Hyper_Fusion] Strings loaded successfully.
[23:52:36.354] [PVZ_Hyper_Fusion] Text found in translationString
[23:52:36.357] [PVZ_Hyper_Fusion] Text not translated
[23:52:39.067] [PVZ_Hyper_Fusion] Text found in translationString
[23:52:39.072] [PVZ_Hyper_Fusion] Text not translated
[23:57:04.868] [PVZ_Hyper_Fusion] Text found in translationString
[23:57:04.871] [PVZ_Hyper_Fusion] Text not translated
[23:59:45.290] [PVZ_Hyper_Fusion] Text found in translationString
[23:59:45.292] [PVZ_Hyper_Fusion] Text not translated
[00:01:17.406] Preferences Saved!
