[21:54:28.452] ------------------------------
[21:54:28.480] MelonLoader v0.6.5 Open-Beta
[21:54:28.481] OS: Windows 10
[21:54:28.481] Hash Code: ECEE59E98250B37FBAD36ACD622C0C177FB65E478F6B3EE58F58366B6557DF70
[21:54:28.481] ------------------------------
[21:54:28.481] Game Type: Il2cpp
[21:54:28.482] Game Arch: x64
[21:54:28.482] ------------------------------
[21:54:28.482] Command-Line: PlantsVsZombiesRH.exe --melonloader.hideconsole
[21:54:28.482] ------------------------------
[21:54:28.482] Core::BasePath = D:\Games\[Series] PvZ Mods\PvZ Fusion English 2.1.3\Game Files
[21:54:28.482] Game::BasePath = D:\Games\[Series] PvZ Mods\PvZ Fusion English 2.1.3\Game Files
[21:54:28.482] Game::DataPath = D:\Games\[Series] PvZ Mods\PvZ Fusion English 2.1.3\Game Files\PlantsVsZombiesRH_Data
[21:54:28.483] Game::ApplicationPath = D:\Games\[Series] PvZ Mods\PvZ Fusion English 2.1.3\Game Files\PlantsVsZombiesRH.exe
[21:54:28.483] Runtime Type: net6
[21:54:28.741] ------------------------------
[21:54:28.741] Game Name: PlantsVsZombiesRH
[21:54:28.742] Game Developer: LanPiaoPiao
[21:54:28.743] Unity Version: 2022.3.20f1c1
[21:54:28.744] Game Version: 2.1.3
[21:54:28.744] ------------------------------

[21:54:29.971] Preferences Loaded!

[21:54:30.037] Loading UserLibs from 'D:\Games\[Series] PvZ Mods\PvZ Fusion English 2.1.3\Game Files\UserLibs'...
[21:54:30.037] ------------------------------
[21:54:30.043] Melon Assembly loaded: '.\UserLibs\ExIni.dll'
[21:54:30.043] SHA256 Hash: 'C073DB2220667E6BBBFFF64E13ED4F7E744AF4B554C408F13EA80BFDFFD859D0'
[21:54:30.054] Melon Assembly loaded: '.\UserLibs\XUnity.AutoTranslator.Plugin.Core.dll'
[21:54:30.054] SHA256 Hash: '068A7021F48B97087F4AD3E201C18BEB5F4F1BCFF363655D57A8FE2E2D2CEC79'
[21:54:30.056] Melon Assembly loaded: '.\UserLibs\XUnity.AutoTranslator.Plugin.ExtProtocol.dll'
[21:54:30.056] SHA256 Hash: '15DC19FB833E55A7628023BB0BFFC18DFB94CB6CA5F6DBA4F171F3A3585A4FF3'
[21:54:30.059] Melon Assembly loaded: '.\UserLibs\XUnity.Common.dll'
[21:54:30.059] SHA256 Hash: '0313777972941AB61806649A74770EA79201E0E4063ADF4E24155976B3AC0D10'
[21:54:30.061] Melon Assembly loaded: '.\UserLibs\XUnity.ResourceRedirector.dll'
[21:54:30.061] SHA256 Hash: 'F65C057681063A60D3DB039427A4667FF473B71DEFB324BF9F7E9D99FA7BC571'

[21:54:30.070] Loading Plugins from 'D:\Games\[Series] PvZ Mods\PvZ Fusion English 2.1.3\Game Files\Plugins'...
[21:54:30.072] 0 Plugins loaded.
[21:54:30.395] Loading Il2CppAssemblyGenerator...
[21:54:30.434] [Il2CppAssemblyGenerator] Contacting RemoteAPI...
[21:54:31.419] [Il2CppAssemblyGenerator] Game Not Found on RemoteAPI Host (https://api.melonloader.com/api/v1/game/plantsvszombiesrh)
[21:54:31.419] [Il2CppAssemblyGenerator] RemoteAPI.DumperVersion = null
[21:54:31.419] [Il2CppAssemblyGenerator] RemoteAPI.ObfuscationRegex = null
[21:54:31.419] [Il2CppAssemblyGenerator] RemoteAPI.MappingURL = null
[21:54:31.419] [Il2CppAssemblyGenerator] RemoteAPI.MappingFileSHA512 = null
[21:54:31.426] [Il2CppAssemblyGenerator] Using Cpp2IL Version: 2022.1.0-pre-release.18
[21:54:31.426] [Il2CppAssemblyGenerator] Using Il2CppInterop Version = 1.4.6-ci.545+3da49636029e18c88fe93901a893499a2d779805
[21:54:31.426] [Il2CppAssemblyGenerator] Using Unity Dependencies Version = 2022.3.20
[21:54:31.426] [Il2CppAssemblyGenerator] Using Deobfuscation Regex = null
[21:54:31.427] [Il2CppAssemblyGenerator] Cpp2IL is up to date.
[21:54:31.427] [Il2CppAssemblyGenerator] UnityDependencies is up to date.
[21:54:31.427] [Il2CppAssemblyGenerator] Checking GameAssembly...
[21:54:31.532] [Il2CppAssemblyGenerator] Assembly is up to date. No Generation Needed.

[21:54:31.533] Loading Mods from 'D:\Games\[Series] PvZ Mods\PvZ Fusion English 2.1.3\Game Files\Mods'...
[21:54:31.534] ------------------------------
[21:54:31.537] Melon Assembly loaded: '.\Mods\PVZ_Hyper_Fusion.dll'
[21:54:31.537] SHA256 Hash: 'DD0BE0F8647EFCF574C4C710A86AC6F1F4E22125F4929B5F063726624C1E93E9'
[21:54:31.538] Melon Assembly loaded: '.\Mods\XUnity.AutoTranslator.Plugin.MelonMod.dll'
[21:54:31.538] SHA256 Hash: '9DBC7E5B0E3F854FFED9BCD39E10C6D7D1D68A45B9B739B3B9A63089697DC0D0'

[21:54:31.670] ------------------------------
[21:54:31.671] PVZ Hyper Fusion v0.0.2
[21:54:31.671] by arifrios1st
[21:54:31.671] Assembly: PVZ_Hyper_Fusion.dll
[21:54:31.671] ------------------------------
[21:54:31.674] ------------------------------
[21:54:31.674] XUnity Auto Translator v5.4.0
[21:54:31.674] by gravydevsupreme
[21:54:31.674] Assembly: XUnity.AutoTranslator.Plugin.MelonMod.dll
[21:54:31.674] ------------------------------
[21:54:31.675] ------------------------------
[21:54:31.675] 2 Mods loaded.

[21:54:32.474] [Il2CppInterop] Class::Init signatures have been exhausted, using a substitute!
[21:54:32.572] [Il2CppInterop] Registered mono type Il2CppInterop.Runtime.DelegateSupport+Il2CppToMonoDelegateReference in il2cpp domain
[21:54:32.646] [Il2CppInterop] Registered mono type MelonLoader.Support.MonoEnumeratorWrapper in il2cpp domain
[21:54:32.677] [Il2CppInterop] Registered mono type MelonLoader.Support.SM_Component in il2cpp domain
[21:54:32.693] Support Module Loaded: D:\Games\[Series] PvZ Mods\PvZ Fusion English 2.1.3\Game Files\MelonLoader\Dependencies\SupportModules\Il2Cpp.dll
[21:54:33.996] [PVZ_Hyper_Fusion] Textures loaded successfully.
[21:54:34.191] [PVZ_Hyper_Fusion] Strings loaded successfully.
[21:54:39.867] [PVZ_Hyper_Fusion] OK! Replaced Texture Sproing
[21:54:39.869] [PVZ_Hyper_Fusion] OK! Replaced Texture Doom
[21:54:39.870] [PVZ_Hyper_Fusion] OK! Replaced Texture ExplosionPowie
[21:54:39.870] [PVZ_Hyper_Fusion] OK! Replaced Texture ExplosionSpudow
[21:54:39.871] [PVZ_Hyper_Fusion] OK! Replaced Texture guang
[21:54:39.939] [Il2CppInterop] Registered mono type XUnity.AutoTranslator.Plugin.Core.PluginLoader+AutoTranslatorProxyBehaviour in il2cpp domain
[21:54:40.205] Screen resolution determine to be: 1366x768
[21:54:40.210] Force loading ALL proxy assemblies.
[21:54:40.210] Force loading assembly: D:\Games\[Series] PvZ Mods\PvZ Fusion English 2.1.3\Game Files\MelonLoader\Il2CppAssemblies\Assembly-CSharp.dll
[21:54:40.324] Force loading assembly: D:\Games\[Series] PvZ Mods\PvZ Fusion English 2.1.3\Game Files\MelonLoader\Il2CppAssemblies\Il2CppMono.Security.dll
[21:54:40.324] Force loading assembly: D:\Games\[Series] PvZ Mods\PvZ Fusion English 2.1.3\Game Files\MelonLoader\Il2CppAssemblies\Il2Cppmscorlib.dll
[21:54:40.468] Force loading assembly: D:\Games\[Series] PvZ Mods\PvZ Fusion English 2.1.3\Game Files\MelonLoader\Il2CppAssemblies\Il2CppSystem.Configuration.dll
[21:54:40.468] Force loading assembly: D:\Games\[Series] PvZ Mods\PvZ Fusion English 2.1.3\Game Files\MelonLoader\Il2CppAssemblies\Il2CppSystem.Core.dll
[21:54:40.547] Force loading assembly: D:\Games\[Series] PvZ Mods\PvZ Fusion English 2.1.3\Game Files\MelonLoader\Il2CppAssemblies\Il2CppSystem.dll
[21:54:40.547] Force loading assembly: D:\Games\[Series] PvZ Mods\PvZ Fusion English 2.1.3\Game Files\MelonLoader\Il2CppAssemblies\Il2CppSystem.Xml.dll
[21:54:40.548] Force loading assembly: D:\Games\[Series] PvZ Mods\PvZ Fusion English 2.1.3\Game Files\MelonLoader\Il2CppAssemblies\Il2Cpp__Generated.dll
[21:54:40.548] Force loading assembly: D:\Games\[Series] PvZ Mods\PvZ Fusion English 2.1.3\Game Files\MelonLoader\Il2CppAssemblies\Unity.2D.Animation.Runtime.dll
[21:54:40.549] Force loading assembly: D:\Games\[Series] PvZ Mods\PvZ Fusion English 2.1.3\Game Files\MelonLoader\Il2CppAssemblies\Unity.Burst.dll
[21:54:40.653] Force loading assembly: D:\Games\[Series] PvZ Mods\PvZ Fusion English 2.1.3\Game Files\MelonLoader\Il2CppAssemblies\Unity.Burst.Unsafe.dll
[21:54:40.653] Force loading assembly: D:\Games\[Series] PvZ Mods\PvZ Fusion English 2.1.3\Game Files\MelonLoader\Il2CppAssemblies\Unity.Collections.dll
[21:54:40.755] Force loading assembly: D:\Games\[Series] PvZ Mods\PvZ Fusion English 2.1.3\Game Files\MelonLoader\Il2CppAssemblies\Unity.Collections.LowLevel.ILSupport.dll
[21:54:40.756] Force loading assembly: D:\Games\[Series] PvZ Mods\PvZ Fusion English 2.1.3\Game Files\MelonLoader\Il2CppAssemblies\Unity.InternalAPIEngineBridge.001.dll
[21:54:40.756] Force loading assembly: D:\Games\[Series] PvZ Mods\PvZ Fusion English 2.1.3\Game Files\MelonLoader\Il2CppAssemblies\Unity.Mathematics.dll
[21:54:40.871] Force loading assembly: D:\Games\[Series] PvZ Mods\PvZ Fusion English 2.1.3\Game Files\MelonLoader\Il2CppAssemblies\Unity.RenderPipeline.Universal.ShaderLibrary.dll
[21:54:40.871] Force loading assembly: D:\Games\[Series] PvZ Mods\PvZ Fusion English 2.1.3\Game Files\MelonLoader\Il2CppAssemblies\Unity.RenderPipelines.Core.Runtime.dll
[21:54:40.969] Force loading assembly: D:\Games\[Series] PvZ Mods\PvZ Fusion English 2.1.3\Game Files\MelonLoader\Il2CppAssemblies\Unity.RenderPipelines.Universal.Runtime.dll
[21:54:41.096] Force loading assembly: D:\Games\[Series] PvZ Mods\PvZ Fusion English 2.1.3\Game Files\MelonLoader\Il2CppAssemblies\Unity.TextMeshPro.dll
[21:54:41.097] Force loading assembly: D:\Games\[Series] PvZ Mods\PvZ Fusion English 2.1.3\Game Files\MelonLoader\Il2CppAssemblies\Unity.VisualScripting.Core.dll
[21:54:41.185] Force loading assembly: D:\Games\[Series] PvZ Mods\PvZ Fusion English 2.1.3\Game Files\MelonLoader\Il2CppAssemblies\UnityEngine.AccessibilityModule.dll
[21:54:41.185] Force loading assembly: D:\Games\[Series] PvZ Mods\PvZ Fusion English 2.1.3\Game Files\MelonLoader\Il2CppAssemblies\UnityEngine.AIModule.dll
[21:54:41.186] Force loading assembly: D:\Games\[Series] PvZ Mods\PvZ Fusion English 2.1.3\Game Files\MelonLoader\Il2CppAssemblies\UnityEngine.AndroidJNIModule.dll
[21:54:41.186] Force loading assembly: D:\Games\[Series] PvZ Mods\PvZ Fusion English 2.1.3\Game Files\MelonLoader\Il2CppAssemblies\UnityEngine.AnimationModule.dll
[21:54:41.186] Force loading assembly: D:\Games\[Series] PvZ Mods\PvZ Fusion English 2.1.3\Game Files\MelonLoader\Il2CppAssemblies\UnityEngine.ARModule.dll
[21:54:41.186] Force loading assembly: D:\Games\[Series] PvZ Mods\PvZ Fusion English 2.1.3\Game Files\MelonLoader\Il2CppAssemblies\UnityEngine.AssetBundleModule.dll
[21:54:41.187] Force loading assembly: D:\Games\[Series] PvZ Mods\PvZ Fusion English 2.1.3\Game Files\MelonLoader\Il2CppAssemblies\UnityEngine.AudioModule.dll
[21:54:41.187] Force loading assembly: D:\Games\[Series] PvZ Mods\PvZ Fusion English 2.1.3\Game Files\MelonLoader\Il2CppAssemblies\UnityEngine.ClothModule.dll
[21:54:41.187] Force loading assembly: D:\Games\[Series] PvZ Mods\PvZ Fusion English 2.1.3\Game Files\MelonLoader\Il2CppAssemblies\UnityEngine.ClusterInputModule.dll
[21:54:41.188] Force loading assembly: D:\Games\[Series] PvZ Mods\PvZ Fusion English 2.1.3\Game Files\MelonLoader\Il2CppAssemblies\UnityEngine.ClusterRendererModule.dll
[21:54:41.188] Force loading assembly: D:\Games\[Series] PvZ Mods\PvZ Fusion English 2.1.3\Game Files\MelonLoader\Il2CppAssemblies\UnityEngine.ContentLoadModule.dll
[21:54:41.188] Force loading assembly: D:\Games\[Series] PvZ Mods\PvZ Fusion English 2.1.3\Game Files\MelonLoader\Il2CppAssemblies\UnityEngine.CoreModule.dll
[21:54:41.281] Force loading assembly: D:\Games\[Series] PvZ Mods\PvZ Fusion English 2.1.3\Game Files\MelonLoader\Il2CppAssemblies\UnityEngine.CrashReportingModule.dll
[21:54:41.282] Force loading assembly: D:\Games\[Series] PvZ Mods\PvZ Fusion English 2.1.3\Game Files\MelonLoader\Il2CppAssemblies\UnityEngine.DirectorModule.dll
[21:54:41.282] Force loading assembly: D:\Games\[Series] PvZ Mods\PvZ Fusion English 2.1.3\Game Files\MelonLoader\Il2CppAssemblies\UnityEngine.dll
[21:54:41.282] Force loading assembly: D:\Games\[Series] PvZ Mods\PvZ Fusion English 2.1.3\Game Files\MelonLoader\Il2CppAssemblies\UnityEngine.DSPGraphModule.dll
[21:54:41.283] Force loading assembly: D:\Games\[Series] PvZ Mods\PvZ Fusion English 2.1.3\Game Files\MelonLoader\Il2CppAssemblies\UnityEngine.GameCenterModule.dll
[21:54:41.283] Force loading assembly: D:\Games\[Series] PvZ Mods\PvZ Fusion English 2.1.3\Game Files\MelonLoader\Il2CppAssemblies\UnityEngine.GIModule.dll
[21:54:41.284] Force loading assembly: D:\Games\[Series] PvZ Mods\PvZ Fusion English 2.1.3\Game Files\MelonLoader\Il2CppAssemblies\UnityEngine.GridModule.dll
[21:54:41.284] Force loading assembly: D:\Games\[Series] PvZ Mods\PvZ Fusion English 2.1.3\Game Files\MelonLoader\Il2CppAssemblies\UnityEngine.HotReloadModule.dll
[21:54:41.284] Force loading assembly: D:\Games\[Series] PvZ Mods\PvZ Fusion English 2.1.3\Game Files\MelonLoader\Il2CppAssemblies\UnityEngine.ImageConversionModule.dll
[21:54:41.285] Force loading assembly: D:\Games\[Series] PvZ Mods\PvZ Fusion English 2.1.3\Game Files\MelonLoader\Il2CppAssemblies\UnityEngine.IMGUIModule.dll
[21:54:41.285] Force loading assembly: D:\Games\[Series] PvZ Mods\PvZ Fusion English 2.1.3\Game Files\MelonLoader\Il2CppAssemblies\UnityEngine.InputLegacyModule.dll
[21:54:41.285] Force loading assembly: D:\Games\[Series] PvZ Mods\PvZ Fusion English 2.1.3\Game Files\MelonLoader\Il2CppAssemblies\UnityEngine.InputModule.dll
[21:54:41.286] Force loading assembly: D:\Games\[Series] PvZ Mods\PvZ Fusion English 2.1.3\Game Files\MelonLoader\Il2CppAssemblies\UnityEngine.JSONSerializeModule.dll
[21:54:41.286] Force loading assembly: D:\Games\[Series] PvZ Mods\PvZ Fusion English 2.1.3\Game Files\MelonLoader\Il2CppAssemblies\UnityEngine.LocalizationModule.dll
[21:54:41.286] Force loading assembly: D:\Games\[Series] PvZ Mods\PvZ Fusion English 2.1.3\Game Files\MelonLoader\Il2CppAssemblies\UnityEngine.NVIDIAModule.dll
[21:54:41.286] Force loading assembly: D:\Games\[Series] PvZ Mods\PvZ Fusion English 2.1.3\Game Files\MelonLoader\Il2CppAssemblies\UnityEngine.ParticleSystemModule.dll
[21:54:41.287] Force loading assembly: D:\Games\[Series] PvZ Mods\PvZ Fusion English 2.1.3\Game Files\MelonLoader\Il2CppAssemblies\UnityEngine.PerformanceReportingModule.dll
[21:54:41.287] Force loading assembly: D:\Games\[Series] PvZ Mods\PvZ Fusion English 2.1.3\Game Files\MelonLoader\Il2CppAssemblies\UnityEngine.Physics2DModule.dll
[21:54:41.287] Force loading assembly: D:\Games\[Series] PvZ Mods\PvZ Fusion English 2.1.3\Game Files\MelonLoader\Il2CppAssemblies\UnityEngine.PhysicsModule.dll
[21:54:41.287] Force loading assembly: D:\Games\[Series] PvZ Mods\PvZ Fusion English 2.1.3\Game Files\MelonLoader\Il2CppAssemblies\UnityEngine.ProfilerModule.dll
[21:54:41.287] Force loading assembly: D:\Games\[Series] PvZ Mods\PvZ Fusion English 2.1.3\Game Files\MelonLoader\Il2CppAssemblies\UnityEngine.PropertiesModule.dll
[21:54:41.288] Force loading assembly: D:\Games\[Series] PvZ Mods\PvZ Fusion English 2.1.3\Game Files\MelonLoader\Il2CppAssemblies\UnityEngine.RuntimeInitializeOnLoadManagerInitializerModule.dll
[21:54:41.288] Force loading assembly: D:\Games\[Series] PvZ Mods\PvZ Fusion English 2.1.3\Game Files\MelonLoader\Il2CppAssemblies\UnityEngine.ScreenCaptureModule.dll
[21:54:41.288] Force loading assembly: D:\Games\[Series] PvZ Mods\PvZ Fusion English 2.1.3\Game Files\MelonLoader\Il2CppAssemblies\UnityEngine.SharedInternalsModule.dll
[21:54:41.288] Force loading assembly: D:\Games\[Series] PvZ Mods\PvZ Fusion English 2.1.3\Game Files\MelonLoader\Il2CppAssemblies\UnityEngine.SpriteMaskModule.dll
[21:54:41.289] Force loading assembly: D:\Games\[Series] PvZ Mods\PvZ Fusion English 2.1.3\Game Files\MelonLoader\Il2CppAssemblies\UnityEngine.SpriteShapeModule.dll
[21:54:41.289] Force loading assembly: D:\Games\[Series] PvZ Mods\PvZ Fusion English 2.1.3\Game Files\MelonLoader\Il2CppAssemblies\UnityEngine.StreamingModule.dll
[21:54:41.289] Force loading assembly: D:\Games\[Series] PvZ Mods\PvZ Fusion English 2.1.3\Game Files\MelonLoader\Il2CppAssemblies\UnityEngine.SubstanceModule.dll
[21:54:41.289] Force loading assembly: D:\Games\[Series] PvZ Mods\PvZ Fusion English 2.1.3\Game Files\MelonLoader\Il2CppAssemblies\UnityEngine.SubsystemsModule.dll
[21:54:41.289] Force loading assembly: D:\Games\[Series] PvZ Mods\PvZ Fusion English 2.1.3\Game Files\MelonLoader\Il2CppAssemblies\UnityEngine.TerrainModule.dll
[21:54:41.290] Force loading assembly: D:\Games\[Series] PvZ Mods\PvZ Fusion English 2.1.3\Game Files\MelonLoader\Il2CppAssemblies\UnityEngine.TerrainPhysicsModule.dll
[21:54:41.290] Force loading assembly: D:\Games\[Series] PvZ Mods\PvZ Fusion English 2.1.3\Game Files\MelonLoader\Il2CppAssemblies\UnityEngine.TextCoreFontEngineModule.dll
[21:54:41.290] Force loading assembly: D:\Games\[Series] PvZ Mods\PvZ Fusion English 2.1.3\Game Files\MelonLoader\Il2CppAssemblies\UnityEngine.TextCoreTextEngineModule.dll
[21:54:41.290] Force loading assembly: D:\Games\[Series] PvZ Mods\PvZ Fusion English 2.1.3\Game Files\MelonLoader\Il2CppAssemblies\UnityEngine.TextRenderingModule.dll
[21:54:41.291] Force loading assembly: D:\Games\[Series] PvZ Mods\PvZ Fusion English 2.1.3\Game Files\MelonLoader\Il2CppAssemblies\UnityEngine.TilemapModule.dll
[21:54:41.291] Force loading assembly: D:\Games\[Series] PvZ Mods\PvZ Fusion English 2.1.3\Game Files\MelonLoader\Il2CppAssemblies\UnityEngine.TLSModule.dll
[21:54:41.291] Force loading assembly: D:\Games\[Series] PvZ Mods\PvZ Fusion English 2.1.3\Game Files\MelonLoader\Il2CppAssemblies\UnityEngine.UI.dll
[21:54:41.291] Force loading assembly: D:\Games\[Series] PvZ Mods\PvZ Fusion English 2.1.3\Game Files\MelonLoader\Il2CppAssemblies\UnityEngine.UIElementsModule.dll
[21:54:41.423] Force loading assembly: D:\Games\[Series] PvZ Mods\PvZ Fusion English 2.1.3\Game Files\MelonLoader\Il2CppAssemblies\UnityEngine.UIModule.dll
[21:54:41.423] Force loading assembly: D:\Games\[Series] PvZ Mods\PvZ Fusion English 2.1.3\Game Files\MelonLoader\Il2CppAssemblies\UnityEngine.UmbraModule.dll
[21:54:41.424] Force loading assembly: D:\Games\[Series] PvZ Mods\PvZ Fusion English 2.1.3\Game Files\MelonLoader\Il2CppAssemblies\UnityEngine.UnityAnalyticsCommonModule.dll
[21:54:41.424] Force loading assembly: D:\Games\[Series] PvZ Mods\PvZ Fusion English 2.1.3\Game Files\MelonLoader\Il2CppAssemblies\UnityEngine.UnityAnalyticsModule.dll
[21:54:41.424] Force loading assembly: D:\Games\[Series] PvZ Mods\PvZ Fusion English 2.1.3\Game Files\MelonLoader\Il2CppAssemblies\UnityEngine.UnityConnectModule.dll
[21:54:41.425] Force loading assembly: D:\Games\[Series] PvZ Mods\PvZ Fusion English 2.1.3\Game Files\MelonLoader\Il2CppAssemblies\UnityEngine.UnityCurlModule.dll
[21:54:41.425] Force loading assembly: D:\Games\[Series] PvZ Mods\PvZ Fusion English 2.1.3\Game Files\MelonLoader\Il2CppAssemblies\UnityEngine.UnityTestProtocolModule.dll
[21:54:41.425] Force loading assembly: D:\Games\[Series] PvZ Mods\PvZ Fusion English 2.1.3\Game Files\MelonLoader\Il2CppAssemblies\UnityEngine.UnityWebRequestAssetBundleModule.dll
[21:54:41.426] Force loading assembly: D:\Games\[Series] PvZ Mods\PvZ Fusion English 2.1.3\Game Files\MelonLoader\Il2CppAssemblies\UnityEngine.UnityWebRequestAudioModule.dll
[21:54:41.426] Force loading assembly: D:\Games\[Series] PvZ Mods\PvZ Fusion English 2.1.3\Game Files\MelonLoader\Il2CppAssemblies\UnityEngine.UnityWebRequestModule.dll
[21:54:41.426] Force loading assembly: D:\Games\[Series] PvZ Mods\PvZ Fusion English 2.1.3\Game Files\MelonLoader\Il2CppAssemblies\UnityEngine.UnityWebRequestTextureModule.dll
[21:54:41.426] Force loading assembly: D:\Games\[Series] PvZ Mods\PvZ Fusion English 2.1.3\Game Files\MelonLoader\Il2CppAssemblies\UnityEngine.UnityWebRequestWWWModule.dll
[21:54:41.427] Force loading assembly: D:\Games\[Series] PvZ Mods\PvZ Fusion English 2.1.3\Game Files\MelonLoader\Il2CppAssemblies\UnityEngine.VehiclesModule.dll
[21:54:41.427] Force loading assembly: D:\Games\[Series] PvZ Mods\PvZ Fusion English 2.1.3\Game Files\MelonLoader\Il2CppAssemblies\UnityEngine.VFXModule.dll
[21:54:41.427] Force loading assembly: D:\Games\[Series] PvZ Mods\PvZ Fusion English 2.1.3\Game Files\MelonLoader\Il2CppAssemblies\UnityEngine.VideoModule.dll
[21:54:41.428] Force loading assembly: D:\Games\[Series] PvZ Mods\PvZ Fusion English 2.1.3\Game Files\MelonLoader\Il2CppAssemblies\UnityEngine.VirtualTexturingModule.dll
[21:54:41.428] Force loading assembly: D:\Games\[Series] PvZ Mods\PvZ Fusion English 2.1.3\Game Files\MelonLoader\Il2CppAssemblies\UnityEngine.VRModule.dll
[21:54:41.428] Force loading assembly: D:\Games\[Series] PvZ Mods\PvZ Fusion English 2.1.3\Game Files\MelonLoader\Il2CppAssemblies\UnityEngine.WindModule.dll
[21:54:41.428] Force loading assembly: D:\Games\[Series] PvZ Mods\PvZ Fusion English 2.1.3\Game Files\MelonLoader\Il2CppAssemblies\UnityEngine.XRModule.dll
[21:54:41.456] An error occurred while resolving type: UnityEngine.TextMesh
System.ArgumentException: TextMesh does not have a corresponding IL2CPP class pointer
   at Il2CppInterop.Runtime.Il2CppType.TypeFromPointerInternal(IntPtr classPointer, String typeName, Boolean throwOnFailure) in /home/runner/work/Il2CppInterop/Il2CppInterop/Il2CppInterop.Runtime/Il2CppType.cs:line 19
   at XUnity.Common.Constants.UnityTypes.FindType(String name)
[21:54:41.469] An error occurred while resolving type: UnityEngine.WWW
System.ArgumentException: WWW does not have a corresponding IL2CPP class pointer
   at Il2CppInterop.Runtime.Il2CppType.TypeFromPointerInternal(IntPtr classPointer, String typeName, Boolean throwOnFailure) in /home/runner/work/Il2CppInterop/Il2CppInterop/Il2CppInterop.Runtime/Il2CppType.cs:line 19
   at XUnity.Common.Constants.UnityTypes.FindType(String name)
[21:54:41.475] [Il2CppInterop] Nested type ToolbarButtonSize on GUI not found!
[21:54:41.475] An error occurred while resolving type: UnityEngine.GUI+ToolbarButtonSize
System.ArgumentException: ToolbarButtonSize does not have a corresponding IL2CPP class pointer
   at Il2CppInterop.Runtime.Il2CppType.TypeFromPointerInternal(IntPtr classPointer, String typeName, Boolean throwOnFailure) in /home/runner/work/Il2CppInterop/Il2CppInterop/Il2CppInterop.Runtime/Il2CppType.cs:line 19
   at XUnity.Common.Constants.UnityTypes.FindType(String name)
[21:54:41.476] An error occurred while resolving type: UnityEngine.ImageConversion
System.ArgumentException: ImageConversion does not have a corresponding IL2CPP class pointer
   at Il2CppInterop.Runtime.Il2CppType.TypeFromPointerInternal(IntPtr classPointer, String typeName, Boolean throwOnFailure) in /home/runner/work/Il2CppInterop/Il2CppInterop/Il2CppInterop.Runtime/Il2CppType.cs:line 19
   at XUnity.Common.Constants.UnityTypes.FindType(String name)
[21:54:41.483] An error occurred while resolving type: UnityEngine.AssetBundle
System.ArgumentException: AssetBundle does not have a corresponding IL2CPP class pointer
   at Il2CppInterop.Runtime.Il2CppType.TypeFromPointerInternal(IntPtr classPointer, String typeName, Boolean throwOnFailure) in /home/runner/work/Il2CppInterop/Il2CppInterop/Il2CppInterop.Runtime/Il2CppType.cs:line 19
   at XUnity.Common.Constants.UnityTypes.FindType(String name)
[21:54:41.586] Hooked UnityEngine.UI.Text.set_text through Harmony hooks.
[21:54:41.612] Hooked UnityEngine.UI.Text.OnEnable through Harmony hooks.
[21:54:41.673] Disabling certificate checks for endpoints because of configuration.
[21:54:41.674] Probing whether OnLevelWasLoaded or SceneManager is supported in this version of Unity. Any warnings related to OnLevelWasLoaded coming from Unity can safely be ignored.
[21:54:41.675] An error occurred while settings up scene-load scans.
System.NotSupportedException: Method unstripping failed
   at lambda_method2(Closure , UnityAction`2 )
   at XUnity.AutoTranslator.Plugin.Utilities.TranslationScopeHelper.RegisterSceneLoadCallback(Action`1 sceneLoaded)
   at XUnity.AutoTranslator.Plugin.Core.AutoTranslationPlugin.EnableSceneLoadScan()
[21:54:41.680] Loaded resize command text files.
[21:54:41.703] --- Loading Global Translations ---
[21:54:41.709] Loaded translation text files (took 0 seconds)
[21:54:41.709] Created variation translations (took -0 seconds)
[21:54:41.709] Created token translations (took -0 seconds)
[21:54:41.715] Loaded XUnity.AutoTranslator into Unity [2022.3.20f1c1] game.
[21:54:42.062] [Il2CppInterop] Registered mono type XUnity.AutoTranslator.Plugin.Core.Il2CppManagedEnumerator in il2cpp domain
[21:54:42.396] Skipping plugin scan because no plugin-specific translations has been registered.
[21:54:42.586] [PVZ_Hyper_Fusion] OK! Replaced Texture SelectorScreen_Adventure_button
[21:54:42.587] [PVZ_Hyper_Fusion] OK! Replaced Texture SelectorScreen_Adventure_highlight
[21:54:42.588] [PVZ_Hyper_Fusion] OK! Replaced Texture SelectorScreen_Almanac
[21:54:42.588] [PVZ_Hyper_Fusion] OK! Replaced Texture SelectorScreen_AlmanacHighlight
[21:54:42.589] [PVZ_Hyper_Fusion] OK! Replaced Texture SelectorScreen_Challenge_button
[21:54:42.590] [PVZ_Hyper_Fusion] OK! Replaced Texture SelectorScreen_Challenge_highlight
[21:54:42.591] [PVZ_Hyper_Fusion] OK! Replaced Texture SelectorScreen_Challenges_button
[21:54:42.592] [PVZ_Hyper_Fusion] OK! Replaced Texture SelectorScreen_Challenges_highlight
[21:54:42.594] [PVZ_Hyper_Fusion] OK! Replaced Texture SelectorScreen_Help1
[21:54:42.594] [PVZ_Hyper_Fusion] OK! Replaced Texture SelectorScreen_Help2
[21:54:42.594] [PVZ_Hyper_Fusion] OK! Replaced Texture SelectorScreen_Options1
[21:54:42.595] [PVZ_Hyper_Fusion] OK! Replaced Texture SelectorScreen_Options2
[21:54:42.595] [PVZ_Hyper_Fusion] OK! Replaced Texture SelectorScreen_Quit1
[21:54:42.595] [PVZ_Hyper_Fusion] OK! Replaced Texture SelectorScreen_Quit2
[21:54:42.596] [PVZ_Hyper_Fusion] OK! Replaced Texture SelectorScreen_Store
[21:54:42.596] [PVZ_Hyper_Fusion] OK! Replaced Texture SelectorScreen_StoreHighlight
[21:54:42.597] [PVZ_Hyper_Fusion] OK! Replaced Texture SelectorScreen_Vasebreaker_button
[21:54:42.598] [PVZ_Hyper_Fusion] OK! Replaced Texture SelectorScreen_vasebreaker_highlight
[21:54:42.599] [PVZ_Hyper_Fusion] OK! Replaced Texture SelectorScreen_WoodSign1
[21:54:42.599] [PVZ_Hyper_Fusion] OK! Replaced Texture SelectorScreen_WoodSign2
[21:54:42.600] [PVZ_Hyper_Fusion] OK! Replaced Texture SelectorScreen_WoodSign2_press
[21:54:42.602] [PVZ_Hyper_Fusion] OK! Replaced Texture SelectorScreen_ZenGarden
[21:54:42.603] [PVZ_Hyper_Fusion] OK! Replaced Texture SelectorScreen_ZenGardenHighlight
[21:54:52.173] [Il2CppInterop] During invoking native->managed trampoline
[21:54:52.824] [Il2CppInterop] During invoking native->managed trampoline
[21:54:53.173] [Il2CppInterop] During invoking native->managed trampoline
[21:55:05.717] [Il2CppInterop] During invoking native->managed trampoline
[21:55:06.018] [Il2CppInterop] During invoking native->managed trampoline
[21:55:20.150] [Il2CppInterop] During invoking native->managed trampoline
[21:55:20.486] [Il2CppInterop] During invoking native->managed trampoline
[21:55:22.628] [Il2CppInterop] During invoking native->managed trampoline
[21:55:22.878] [Il2CppInterop] During invoking native->managed trampoline
[21:55:24.519] [PVZ_Hyper_Fusion] Strings loaded successfully.
[21:55:25.489] [Il2CppInterop] During invoking native->managed trampoline
[21:55:26.006] [Il2CppInterop] During invoking native->managed trampoline
[21:55:26.322] [Il2CppInterop] During invoking native->managed trampoline
[21:55:38.484] [PVZ_Hyper_Fusion] Strings loaded successfully.
[21:57:09.703] [PVZ_Hyper_Fusion] Strings loaded successfully.
[21:58:42.885] [PVZ_Hyper_Fusion] Strings loaded successfully.
[22:09:33.509] [PVZ_Hyper_Fusion] Strings loaded successfully.
[22:10:22.616] [PVZ_Hyper_Fusion] Strings loaded successfully.
[22:10:29.076] [PVZ_Hyper_Fusion] Strings loaded successfully.
[22:10:32.644] [PVZ_Hyper_Fusion] OK! Replaced Texture FlagMeterLevelProgress
[22:10:58.736] [PVZ_Hyper_Fusion] OK! Replaced Texture StartPlant
[22:10:58.737] [PVZ_Hyper_Fusion] OK! Replaced Texture StartReady
[22:10:58.739] [PVZ_Hyper_Fusion] OK! Replaced Texture StartSet
[22:11:08.948] [PVZ_Hyper_Fusion] OK! Replaced Texture options_menuback
[22:12:09.138] [PVZ_Hyper_Fusion] Text found in translationString
[22:12:09.140] [PVZ_Hyper_Fusion] Text not translated
[22:12:13.527] [Il2CppInterop] During invoking native->managed trampoline
[22:12:16.794] [Il2CppInterop] During invoking native->managed trampoline
[22:12:25.581] Preferences Saved!
