[22:12:32.950] ------------------------------
[22:12:32.984] MelonLoader v0.6.5 Open-Beta
[22:12:32.986] OS: Windows 10
[22:12:32.986] Hash Code: ECEE59E98250B37FBAD36ACD622C0C177FB65E478F6B3EE58F58366B6557DF70
[22:12:32.986] ------------------------------
[22:12:32.987] Game Type: Il2cpp
[22:12:32.987] Game Arch: x64
[22:12:32.987] ------------------------------
[22:12:32.987] Command-Line: D:\Games\[Series] PvZ Mods\PvZ Fusion English 2.1.3\Game Files\PlantsVsZombiesRH.exe
[22:12:32.987] ------------------------------
[22:12:32.988] Core::BasePath = D:\Games\[Series] PvZ Mods\PvZ Fusion English 2.1.3\Game Files
[22:12:32.988] Game::BasePath = D:\Games\[Series] PvZ Mods\PvZ Fusion English 2.1.3\Game Files
[22:12:32.988] Game::DataPath = D:\Games\[Series] PvZ Mods\PvZ Fusion English 2.1.3\Game Files\PlantsVsZombiesRH_Data
[22:12:32.988] Game::ApplicationPath = D:\Games\[Series] PvZ Mods\PvZ Fusion English 2.1.3\Game Files\PlantsVsZombiesRH.exe
[22:12:32.989] Runtime Type: net6
[22:12:33.157] ------------------------------
[22:12:33.157] Game Name: PlantsVsZombiesRH
[22:12:33.157] Game Developer: LanPiaoPiao
[22:12:33.159] Unity Version: 2022.3.20f1c1
[22:12:33.159] Game Version: 2.1.3
[22:12:33.159] ------------------------------

[22:12:34.597] Preferences Loaded!

[22:12:34.695] Loading UserLibs from 'D:\Games\[Series] PvZ Mods\PvZ Fusion English 2.1.3\Game Files\UserLibs'...
[22:12:34.696] ------------------------------
[22:12:34.700] Melon Assembly loaded: '.\UserLibs\ExIni.dll'
[22:12:34.700] SHA256 Hash: 'C073DB2220667E6BBBFFF64E13ED4F7E744AF4B554C408F13EA80BFDFFD859D0'
[22:12:34.715] Melon Assembly loaded: '.\UserLibs\XUnity.AutoTranslator.Plugin.Core.dll'
[22:12:34.716] SHA256 Hash: '068A7021F48B97087F4AD3E201C18BEB5F4F1BCFF363655D57A8FE2E2D2CEC79'
[22:12:34.718] Melon Assembly loaded: '.\UserLibs\XUnity.AutoTranslator.Plugin.ExtProtocol.dll'
[22:12:34.721] SHA256 Hash: '15DC19FB833E55A7628023BB0BFFC18DFB94CB6CA5F6DBA4F171F3A3585A4FF3'
[22:12:34.725] Melon Assembly loaded: '.\UserLibs\XUnity.Common.dll'
[22:12:34.726] SHA256 Hash: '0313777972941AB61806649A74770EA79201E0E4063ADF4E24155976B3AC0D10'
[22:12:34.729] Melon Assembly loaded: '.\UserLibs\XUnity.ResourceRedirector.dll'
[22:12:34.729] SHA256 Hash: 'F65C057681063A60D3DB039427A4667FF473B71DEFB324BF9F7E9D99FA7BC571'

[22:12:34.743] Loading Plugins from 'D:\Games\[Series] PvZ Mods\PvZ Fusion English 2.1.3\Game Files\Plugins'...
[22:12:34.746] 0 Plugins loaded.
[22:12:35.213] Loading Il2CppAssemblyGenerator...
[22:12:35.260] [Il2CppAssemblyGenerator] Contacting RemoteAPI...
[22:12:36.192] [Il2CppAssemblyGenerator] Game Not Found on RemoteAPI Host (https://api.melonloader.com/api/v1/game/plantsvszombiesrh)
[22:12:36.193] [Il2CppAssemblyGenerator] RemoteAPI.DumperVersion = null
[22:12:36.195] [Il2CppAssemblyGenerator] RemoteAPI.ObfuscationRegex = null
[22:12:36.196] [Il2CppAssemblyGenerator] RemoteAPI.MappingURL = null
[22:12:36.197] [Il2CppAssemblyGenerator] RemoteAPI.MappingFileSHA512 = null
[22:12:36.206] [Il2CppAssemblyGenerator] Using Cpp2IL Version: 2022.1.0-pre-release.18
[22:12:36.206] [Il2CppAssemblyGenerator] Using Il2CppInterop Version = 1.4.6-ci.545+3da49636029e18c88fe93901a893499a2d779805
[22:12:36.207] [Il2CppAssemblyGenerator] Using Unity Dependencies Version = 2022.3.20
[22:12:36.210] [Il2CppAssemblyGenerator] Using Deobfuscation Regex = null
[22:12:36.211] [Il2CppAssemblyGenerator] Cpp2IL is up to date.
[22:12:36.213] [Il2CppAssemblyGenerator] UnityDependencies is up to date.
[22:12:36.213] [Il2CppAssemblyGenerator] Checking GameAssembly...
[22:12:36.337] [Il2CppAssemblyGenerator] Assembly is up to date. No Generation Needed.

[22:12:36.341] Loading Mods from 'D:\Games\[Series] PvZ Mods\PvZ Fusion English 2.1.3\Game Files\Mods'...
[22:12:36.342] ------------------------------
[22:12:36.346] Melon Assembly loaded: '.\Mods\PVZ_Hyper_Fusion.dll'
[22:12:36.346] SHA256 Hash: 'DD0BE0F8647EFCF574C4C710A86AC6F1F4E22125F4929B5F063726624C1E93E9'
[22:12:36.348] Melon Assembly loaded: '.\Mods\XUnity.AutoTranslator.Plugin.MelonMod.dll'
[22:12:36.349] SHA256 Hash: '9DBC7E5B0E3F854FFED9BCD39E10C6D7D1D68A45B9B739B3B9A63089697DC0D0'

[22:12:36.900] ------------------------------
[22:12:36.901] PVZ Hyper Fusion v0.0.2
[22:12:36.901] by arifrios1st
[22:12:36.902] Assembly: PVZ_Hyper_Fusion.dll
[22:12:36.902] ------------------------------
[22:12:36.908] ------------------------------
[22:12:36.908] XUnity Auto Translator v5.4.0
[22:12:36.908] by gravydevsupreme
[22:12:36.909] Assembly: XUnity.AutoTranslator.Plugin.MelonMod.dll
[22:12:36.910] ------------------------------
[22:12:36.911] ------------------------------
[22:12:36.913] 2 Mods loaded.

[22:12:39.620] [Il2CppInterop] Class::Init signatures have been exhausted, using a substitute!
[22:12:39.752] [Il2CppInterop] Registered mono type Il2CppInterop.Runtime.DelegateSupport+Il2CppToMonoDelegateReference in il2cpp domain
[22:12:39.835] [Il2CppInterop] Registered mono type MelonLoader.Support.MonoEnumeratorWrapper in il2cpp domain
[22:12:39.904] [Il2CppInterop] Registered mono type MelonLoader.Support.SM_Component in il2cpp domain
[22:12:39.921] Support Module Loaded: D:\Games\[Series] PvZ Mods\PvZ Fusion English 2.1.3\Game Files\MelonLoader\Dependencies\SupportModules\Il2Cpp.dll
[22:12:41.190] [PVZ_Hyper_Fusion] Textures loaded successfully.
[22:12:41.229] [PVZ_Hyper_Fusion] Strings loaded successfully.
[22:12:47.425] [PVZ_Hyper_Fusion] OK! Replaced Texture Sproing
[22:12:47.436] [PVZ_Hyper_Fusion] OK! Replaced Texture Doom
[22:12:47.477] [PVZ_Hyper_Fusion] OK! Replaced Texture ExplosionPowie
[22:12:47.479] [PVZ_Hyper_Fusion] OK! Replaced Texture ExplosionSpudow
[22:12:47.485] [PVZ_Hyper_Fusion] OK! Replaced Texture guang
[22:12:47.556] [Il2CppInterop] Registered mono type XUnity.AutoTranslator.Plugin.Core.PluginLoader+AutoTranslatorProxyBehaviour in il2cpp domain
[22:12:47.903] Screen resolution determine to be: 1366x768
[22:12:47.907] Force loading ALL proxy assemblies.
[22:12:47.910] Force loading assembly: D:\Games\[Series] PvZ Mods\PvZ Fusion English 2.1.3\Game Files\MelonLoader\Il2CppAssemblies\Assembly-CSharp.dll
[22:12:47.912] Force loading assembly: D:\Games\[Series] PvZ Mods\PvZ Fusion English 2.1.3\Game Files\MelonLoader\Il2CppAssemblies\Il2CppMono.Security.dll
[22:12:47.914] Force loading assembly: D:\Games\[Series] PvZ Mods\PvZ Fusion English 2.1.3\Game Files\MelonLoader\Il2CppAssemblies\Il2Cppmscorlib.dll
[22:12:47.918] Force loading assembly: D:\Games\[Series] PvZ Mods\PvZ Fusion English 2.1.3\Game Files\MelonLoader\Il2CppAssemblies\Il2CppSystem.Configuration.dll
[22:12:47.922] Force loading assembly: D:\Games\[Series] PvZ Mods\PvZ Fusion English 2.1.3\Game Files\MelonLoader\Il2CppAssemblies\Il2CppSystem.Core.dll
[22:12:47.923] Force loading assembly: D:\Games\[Series] PvZ Mods\PvZ Fusion English 2.1.3\Game Files\MelonLoader\Il2CppAssemblies\Il2CppSystem.dll
[22:12:47.929] Force loading assembly: D:\Games\[Series] PvZ Mods\PvZ Fusion English 2.1.3\Game Files\MelonLoader\Il2CppAssemblies\Il2CppSystem.Xml.dll
[22:12:47.931] Force loading assembly: D:\Games\[Series] PvZ Mods\PvZ Fusion English 2.1.3\Game Files\MelonLoader\Il2CppAssemblies\Il2Cpp__Generated.dll
[22:12:47.940] Force loading assembly: D:\Games\[Series] PvZ Mods\PvZ Fusion English 2.1.3\Game Files\MelonLoader\Il2CppAssemblies\Unity.2D.Animation.Runtime.dll
[22:12:47.940] Force loading assembly: D:\Games\[Series] PvZ Mods\PvZ Fusion English 2.1.3\Game Files\MelonLoader\Il2CppAssemblies\Unity.Burst.dll
[22:12:47.943] Force loading assembly: D:\Games\[Series] PvZ Mods\PvZ Fusion English 2.1.3\Game Files\MelonLoader\Il2CppAssemblies\Unity.Burst.Unsafe.dll
[22:12:47.944] Force loading assembly: D:\Games\[Series] PvZ Mods\PvZ Fusion English 2.1.3\Game Files\MelonLoader\Il2CppAssemblies\Unity.Collections.dll
[22:12:47.950] Force loading assembly: D:\Games\[Series] PvZ Mods\PvZ Fusion English 2.1.3\Game Files\MelonLoader\Il2CppAssemblies\Unity.Collections.LowLevel.ILSupport.dll
[22:12:47.951] Force loading assembly: D:\Games\[Series] PvZ Mods\PvZ Fusion English 2.1.3\Game Files\MelonLoader\Il2CppAssemblies\Unity.InternalAPIEngineBridge.001.dll
[22:12:47.965] Force loading assembly: D:\Games\[Series] PvZ Mods\PvZ Fusion English 2.1.3\Game Files\MelonLoader\Il2CppAssemblies\Unity.Mathematics.dll
[22:12:47.970] Force loading assembly: D:\Games\[Series] PvZ Mods\PvZ Fusion English 2.1.3\Game Files\MelonLoader\Il2CppAssemblies\Unity.RenderPipeline.Universal.ShaderLibrary.dll
[22:12:47.971] Force loading assembly: D:\Games\[Series] PvZ Mods\PvZ Fusion English 2.1.3\Game Files\MelonLoader\Il2CppAssemblies\Unity.RenderPipelines.Core.Runtime.dll
[22:12:47.973] Force loading assembly: D:\Games\[Series] PvZ Mods\PvZ Fusion English 2.1.3\Game Files\MelonLoader\Il2CppAssemblies\Unity.RenderPipelines.Universal.Runtime.dll
[22:12:47.973] Force loading assembly: D:\Games\[Series] PvZ Mods\PvZ Fusion English 2.1.3\Game Files\MelonLoader\Il2CppAssemblies\Unity.TextMeshPro.dll
[22:12:47.974] Force loading assembly: D:\Games\[Series] PvZ Mods\PvZ Fusion English 2.1.3\Game Files\MelonLoader\Il2CppAssemblies\Unity.VisualScripting.Core.dll
[22:12:47.975] Force loading assembly: D:\Games\[Series] PvZ Mods\PvZ Fusion English 2.1.3\Game Files\MelonLoader\Il2CppAssemblies\UnityEngine.AccessibilityModule.dll
[22:12:47.976] Force loading assembly: D:\Games\[Series] PvZ Mods\PvZ Fusion English 2.1.3\Game Files\MelonLoader\Il2CppAssemblies\UnityEngine.AIModule.dll
[22:12:47.976] Force loading assembly: D:\Games\[Series] PvZ Mods\PvZ Fusion English 2.1.3\Game Files\MelonLoader\Il2CppAssemblies\UnityEngine.AndroidJNIModule.dll
[22:12:47.977] Force loading assembly: D:\Games\[Series] PvZ Mods\PvZ Fusion English 2.1.3\Game Files\MelonLoader\Il2CppAssemblies\UnityEngine.AnimationModule.dll
[22:12:47.978] Force loading assembly: D:\Games\[Series] PvZ Mods\PvZ Fusion English 2.1.3\Game Files\MelonLoader\Il2CppAssemblies\UnityEngine.ARModule.dll
[22:12:47.978] Force loading assembly: D:\Games\[Series] PvZ Mods\PvZ Fusion English 2.1.3\Game Files\MelonLoader\Il2CppAssemblies\UnityEngine.AssetBundleModule.dll
[22:12:47.979] Force loading assembly: D:\Games\[Series] PvZ Mods\PvZ Fusion English 2.1.3\Game Files\MelonLoader\Il2CppAssemblies\UnityEngine.AudioModule.dll
[22:12:47.980] Force loading assembly: D:\Games\[Series] PvZ Mods\PvZ Fusion English 2.1.3\Game Files\MelonLoader\Il2CppAssemblies\UnityEngine.ClothModule.dll
[22:12:47.980] Force loading assembly: D:\Games\[Series] PvZ Mods\PvZ Fusion English 2.1.3\Game Files\MelonLoader\Il2CppAssemblies\UnityEngine.ClusterInputModule.dll
[22:12:47.981] Force loading assembly: D:\Games\[Series] PvZ Mods\PvZ Fusion English 2.1.3\Game Files\MelonLoader\Il2CppAssemblies\UnityEngine.ClusterRendererModule.dll
[22:12:47.982] Force loading assembly: D:\Games\[Series] PvZ Mods\PvZ Fusion English 2.1.3\Game Files\MelonLoader\Il2CppAssemblies\UnityEngine.ContentLoadModule.dll
[22:12:47.984] Force loading assembly: D:\Games\[Series] PvZ Mods\PvZ Fusion English 2.1.3\Game Files\MelonLoader\Il2CppAssemblies\UnityEngine.CoreModule.dll
[22:12:47.986] Force loading assembly: D:\Games\[Series] PvZ Mods\PvZ Fusion English 2.1.3\Game Files\MelonLoader\Il2CppAssemblies\UnityEngine.CrashReportingModule.dll
[22:12:47.987] Force loading assembly: D:\Games\[Series] PvZ Mods\PvZ Fusion English 2.1.3\Game Files\MelonLoader\Il2CppAssemblies\UnityEngine.DirectorModule.dll
[22:12:47.988] Force loading assembly: D:\Games\[Series] PvZ Mods\PvZ Fusion English 2.1.3\Game Files\MelonLoader\Il2CppAssemblies\UnityEngine.dll
[22:12:47.991] Force loading assembly: D:\Games\[Series] PvZ Mods\PvZ Fusion English 2.1.3\Game Files\MelonLoader\Il2CppAssemblies\UnityEngine.DSPGraphModule.dll
[22:12:47.992] Force loading assembly: D:\Games\[Series] PvZ Mods\PvZ Fusion English 2.1.3\Game Files\MelonLoader\Il2CppAssemblies\UnityEngine.GameCenterModule.dll
[22:12:47.993] Force loading assembly: D:\Games\[Series] PvZ Mods\PvZ Fusion English 2.1.3\Game Files\MelonLoader\Il2CppAssemblies\UnityEngine.GIModule.dll
[22:12:47.994] Force loading assembly: D:\Games\[Series] PvZ Mods\PvZ Fusion English 2.1.3\Game Files\MelonLoader\Il2CppAssemblies\UnityEngine.GridModule.dll
[22:12:47.994] Force loading assembly: D:\Games\[Series] PvZ Mods\PvZ Fusion English 2.1.3\Game Files\MelonLoader\Il2CppAssemblies\UnityEngine.HotReloadModule.dll
[22:12:47.995] Force loading assembly: D:\Games\[Series] PvZ Mods\PvZ Fusion English 2.1.3\Game Files\MelonLoader\Il2CppAssemblies\UnityEngine.ImageConversionModule.dll
[22:12:47.996] Force loading assembly: D:\Games\[Series] PvZ Mods\PvZ Fusion English 2.1.3\Game Files\MelonLoader\Il2CppAssemblies\UnityEngine.IMGUIModule.dll
[22:12:47.997] Force loading assembly: D:\Games\[Series] PvZ Mods\PvZ Fusion English 2.1.3\Game Files\MelonLoader\Il2CppAssemblies\UnityEngine.InputLegacyModule.dll
[22:12:47.998] Force loading assembly: D:\Games\[Series] PvZ Mods\PvZ Fusion English 2.1.3\Game Files\MelonLoader\Il2CppAssemblies\UnityEngine.InputModule.dll
[22:12:48.001] Force loading assembly: D:\Games\[Series] PvZ Mods\PvZ Fusion English 2.1.3\Game Files\MelonLoader\Il2CppAssemblies\UnityEngine.JSONSerializeModule.dll
[22:12:48.002] Force loading assembly: D:\Games\[Series] PvZ Mods\PvZ Fusion English 2.1.3\Game Files\MelonLoader\Il2CppAssemblies\UnityEngine.LocalizationModule.dll
[22:12:48.004] Force loading assembly: D:\Games\[Series] PvZ Mods\PvZ Fusion English 2.1.3\Game Files\MelonLoader\Il2CppAssemblies\UnityEngine.NVIDIAModule.dll
[22:12:48.007] Force loading assembly: D:\Games\[Series] PvZ Mods\PvZ Fusion English 2.1.3\Game Files\MelonLoader\Il2CppAssemblies\UnityEngine.ParticleSystemModule.dll
[22:12:48.009] Force loading assembly: D:\Games\[Series] PvZ Mods\PvZ Fusion English 2.1.3\Game Files\MelonLoader\Il2CppAssemblies\UnityEngine.PerformanceReportingModule.dll
[22:12:48.009] Force loading assembly: D:\Games\[Series] PvZ Mods\PvZ Fusion English 2.1.3\Game Files\MelonLoader\Il2CppAssemblies\UnityEngine.Physics2DModule.dll
[22:12:48.011] Force loading assembly: D:\Games\[Series] PvZ Mods\PvZ Fusion English 2.1.3\Game Files\MelonLoader\Il2CppAssemblies\UnityEngine.PhysicsModule.dll
[22:12:48.011] Force loading assembly: D:\Games\[Series] PvZ Mods\PvZ Fusion English 2.1.3\Game Files\MelonLoader\Il2CppAssemblies\UnityEngine.ProfilerModule.dll
[22:12:48.012] Force loading assembly: D:\Games\[Series] PvZ Mods\PvZ Fusion English 2.1.3\Game Files\MelonLoader\Il2CppAssemblies\UnityEngine.PropertiesModule.dll
[22:12:48.013] Force loading assembly: D:\Games\[Series] PvZ Mods\PvZ Fusion English 2.1.3\Game Files\MelonLoader\Il2CppAssemblies\UnityEngine.RuntimeInitializeOnLoadManagerInitializerModule.dll
[22:12:48.014] Force loading assembly: D:\Games\[Series] PvZ Mods\PvZ Fusion English 2.1.3\Game Files\MelonLoader\Il2CppAssemblies\UnityEngine.ScreenCaptureModule.dll
[22:12:48.018] Force loading assembly: D:\Games\[Series] PvZ Mods\PvZ Fusion English 2.1.3\Game Files\MelonLoader\Il2CppAssemblies\UnityEngine.SharedInternalsModule.dll
[22:12:48.019] Force loading assembly: D:\Games\[Series] PvZ Mods\PvZ Fusion English 2.1.3\Game Files\MelonLoader\Il2CppAssemblies\UnityEngine.SpriteMaskModule.dll
[22:12:48.021] Force loading assembly: D:\Games\[Series] PvZ Mods\PvZ Fusion English 2.1.3\Game Files\MelonLoader\Il2CppAssemblies\UnityEngine.SpriteShapeModule.dll
[22:12:48.023] Force loading assembly: D:\Games\[Series] PvZ Mods\PvZ Fusion English 2.1.3\Game Files\MelonLoader\Il2CppAssemblies\UnityEngine.StreamingModule.dll
[22:12:48.024] Force loading assembly: D:\Games\[Series] PvZ Mods\PvZ Fusion English 2.1.3\Game Files\MelonLoader\Il2CppAssemblies\UnityEngine.SubstanceModule.dll
[22:12:48.025] Force loading assembly: D:\Games\[Series] PvZ Mods\PvZ Fusion English 2.1.3\Game Files\MelonLoader\Il2CppAssemblies\UnityEngine.SubsystemsModule.dll
[22:12:48.026] Force loading assembly: D:\Games\[Series] PvZ Mods\PvZ Fusion English 2.1.3\Game Files\MelonLoader\Il2CppAssemblies\UnityEngine.TerrainModule.dll
[22:12:48.027] Force loading assembly: D:\Games\[Series] PvZ Mods\PvZ Fusion English 2.1.3\Game Files\MelonLoader\Il2CppAssemblies\UnityEngine.TerrainPhysicsModule.dll
[22:12:48.027] Force loading assembly: D:\Games\[Series] PvZ Mods\PvZ Fusion English 2.1.3\Game Files\MelonLoader\Il2CppAssemblies\UnityEngine.TextCoreFontEngineModule.dll
[22:12:48.028] Force loading assembly: D:\Games\[Series] PvZ Mods\PvZ Fusion English 2.1.3\Game Files\MelonLoader\Il2CppAssemblies\UnityEngine.TextCoreTextEngineModule.dll
[22:12:48.029] Force loading assembly: D:\Games\[Series] PvZ Mods\PvZ Fusion English 2.1.3\Game Files\MelonLoader\Il2CppAssemblies\UnityEngine.TextRenderingModule.dll
[22:12:48.030] Force loading assembly: D:\Games\[Series] PvZ Mods\PvZ Fusion English 2.1.3\Game Files\MelonLoader\Il2CppAssemblies\UnityEngine.TilemapModule.dll
[22:12:48.031] Force loading assembly: D:\Games\[Series] PvZ Mods\PvZ Fusion English 2.1.3\Game Files\MelonLoader\Il2CppAssemblies\UnityEngine.TLSModule.dll
[22:12:48.035] Force loading assembly: D:\Games\[Series] PvZ Mods\PvZ Fusion English 2.1.3\Game Files\MelonLoader\Il2CppAssemblies\UnityEngine.UI.dll
[22:12:48.036] Force loading assembly: D:\Games\[Series] PvZ Mods\PvZ Fusion English 2.1.3\Game Files\MelonLoader\Il2CppAssemblies\UnityEngine.UIElementsModule.dll
[22:12:48.039] Force loading assembly: D:\Games\[Series] PvZ Mods\PvZ Fusion English 2.1.3\Game Files\MelonLoader\Il2CppAssemblies\UnityEngine.UIModule.dll
[22:12:48.040] Force loading assembly: D:\Games\[Series] PvZ Mods\PvZ Fusion English 2.1.3\Game Files\MelonLoader\Il2CppAssemblies\UnityEngine.UmbraModule.dll
[22:12:48.041] Force loading assembly: D:\Games\[Series] PvZ Mods\PvZ Fusion English 2.1.3\Game Files\MelonLoader\Il2CppAssemblies\UnityEngine.UnityAnalyticsCommonModule.dll
[22:12:48.042] Force loading assembly: D:\Games\[Series] PvZ Mods\PvZ Fusion English 2.1.3\Game Files\MelonLoader\Il2CppAssemblies\UnityEngine.UnityAnalyticsModule.dll
[22:12:48.043] Force loading assembly: D:\Games\[Series] PvZ Mods\PvZ Fusion English 2.1.3\Game Files\MelonLoader\Il2CppAssemblies\UnityEngine.UnityConnectModule.dll
[22:12:48.044] Force loading assembly: D:\Games\[Series] PvZ Mods\PvZ Fusion English 2.1.3\Game Files\MelonLoader\Il2CppAssemblies\UnityEngine.UnityCurlModule.dll
[22:12:48.044] Force loading assembly: D:\Games\[Series] PvZ Mods\PvZ Fusion English 2.1.3\Game Files\MelonLoader\Il2CppAssemblies\UnityEngine.UnityTestProtocolModule.dll
[22:12:48.045] Force loading assembly: D:\Games\[Series] PvZ Mods\PvZ Fusion English 2.1.3\Game Files\MelonLoader\Il2CppAssemblies\UnityEngine.UnityWebRequestAssetBundleModule.dll
[22:12:48.046] Force loading assembly: D:\Games\[Series] PvZ Mods\PvZ Fusion English 2.1.3\Game Files\MelonLoader\Il2CppAssemblies\UnityEngine.UnityWebRequestAudioModule.dll
[22:12:48.047] Force loading assembly: D:\Games\[Series] PvZ Mods\PvZ Fusion English 2.1.3\Game Files\MelonLoader\Il2CppAssemblies\UnityEngine.UnityWebRequestModule.dll
[22:12:48.048] Force loading assembly: D:\Games\[Series] PvZ Mods\PvZ Fusion English 2.1.3\Game Files\MelonLoader\Il2CppAssemblies\UnityEngine.UnityWebRequestTextureModule.dll
[22:12:48.051] Force loading assembly: D:\Games\[Series] PvZ Mods\PvZ Fusion English 2.1.3\Game Files\MelonLoader\Il2CppAssemblies\UnityEngine.UnityWebRequestWWWModule.dll
[22:12:48.056] Force loading assembly: D:\Games\[Series] PvZ Mods\PvZ Fusion English 2.1.3\Game Files\MelonLoader\Il2CppAssemblies\UnityEngine.VehiclesModule.dll
[22:12:48.056] Force loading assembly: D:\Games\[Series] PvZ Mods\PvZ Fusion English 2.1.3\Game Files\MelonLoader\Il2CppAssemblies\UnityEngine.VFXModule.dll
[22:12:48.057] Force loading assembly: D:\Games\[Series] PvZ Mods\PvZ Fusion English 2.1.3\Game Files\MelonLoader\Il2CppAssemblies\UnityEngine.VideoModule.dll
[22:12:48.058] Force loading assembly: D:\Games\[Series] PvZ Mods\PvZ Fusion English 2.1.3\Game Files\MelonLoader\Il2CppAssemblies\UnityEngine.VirtualTexturingModule.dll
[22:12:48.059] Force loading assembly: D:\Games\[Series] PvZ Mods\PvZ Fusion English 2.1.3\Game Files\MelonLoader\Il2CppAssemblies\UnityEngine.VRModule.dll
[22:12:48.060] Force loading assembly: D:\Games\[Series] PvZ Mods\PvZ Fusion English 2.1.3\Game Files\MelonLoader\Il2CppAssemblies\UnityEngine.WindModule.dll
[22:12:48.061] Force loading assembly: D:\Games\[Series] PvZ Mods\PvZ Fusion English 2.1.3\Game Files\MelonLoader\Il2CppAssemblies\UnityEngine.XRModule.dll
[22:12:48.093] An error occurred while resolving type: UnityEngine.TextMesh
System.ArgumentException: TextMesh does not have a corresponding IL2CPP class pointer
   at Il2CppInterop.Runtime.Il2CppType.TypeFromPointerInternal(IntPtr classPointer, String typeName, Boolean throwOnFailure) in /home/runner/work/Il2CppInterop/Il2CppInterop/Il2CppInterop.Runtime/Il2CppType.cs:line 19
   at XUnity.Common.Constants.UnityTypes.FindType(String name)
[22:12:48.098] An error occurred while resolving type: UnityEngine.WWW
System.ArgumentException: WWW does not have a corresponding IL2CPP class pointer
   at Il2CppInterop.Runtime.Il2CppType.TypeFromPointerInternal(IntPtr classPointer, String typeName, Boolean throwOnFailure) in /home/runner/work/Il2CppInterop/Il2CppInterop/Il2CppInterop.Runtime/Il2CppType.cs:line 19
   at XUnity.Common.Constants.UnityTypes.FindType(String name)
[22:12:48.106] [Il2CppInterop] Nested type ToolbarButtonSize on GUI not found!
[22:12:48.106] An error occurred while resolving type: UnityEngine.GUI+ToolbarButtonSize
System.ArgumentException: ToolbarButtonSize does not have a corresponding IL2CPP class pointer
   at Il2CppInterop.Runtime.Il2CppType.TypeFromPointerInternal(IntPtr classPointer, String typeName, Boolean throwOnFailure) in /home/runner/work/Il2CppInterop/Il2CppInterop/Il2CppInterop.Runtime/Il2CppType.cs:line 19
   at XUnity.Common.Constants.UnityTypes.FindType(String name)
[22:12:48.108] An error occurred while resolving type: UnityEngine.ImageConversion
System.ArgumentException: ImageConversion does not have a corresponding IL2CPP class pointer
   at Il2CppInterop.Runtime.Il2CppType.TypeFromPointerInternal(IntPtr classPointer, String typeName, Boolean throwOnFailure) in /home/runner/work/Il2CppInterop/Il2CppInterop/Il2CppInterop.Runtime/Il2CppType.cs:line 19
   at XUnity.Common.Constants.UnityTypes.FindType(String name)
[22:12:48.125] An error occurred while resolving type: UnityEngine.AssetBundle
System.ArgumentException: AssetBundle does not have a corresponding IL2CPP class pointer
   at Il2CppInterop.Runtime.Il2CppType.TypeFromPointerInternal(IntPtr classPointer, String typeName, Boolean throwOnFailure) in /home/runner/work/Il2CppInterop/Il2CppInterop/Il2CppInterop.Runtime/Il2CppType.cs:line 19
   at XUnity.Common.Constants.UnityTypes.FindType(String name)
[22:12:48.257] Hooked UnityEngine.UI.Text.set_text through Harmony hooks.
[22:12:48.298] Hooked UnityEngine.UI.Text.OnEnable through Harmony hooks.
[22:12:48.375] Disabling certificate checks for endpoints because of configuration.
[22:12:48.377] Probing whether OnLevelWasLoaded or SceneManager is supported in this version of Unity. Any warnings related to OnLevelWasLoaded coming from Unity can safely be ignored.
[22:12:48.379] An error occurred while settings up scene-load scans.
System.NotSupportedException: Method unstripping failed
   at lambda_method2(Closure , UnityAction`2 )
   at XUnity.AutoTranslator.Plugin.Utilities.TranslationScopeHelper.RegisterSceneLoadCallback(Action`1 sceneLoaded)
   at XUnity.AutoTranslator.Plugin.Core.AutoTranslationPlugin.EnableSceneLoadScan()
[22:12:48.388] Loaded resize command text files.
[22:12:48.413] --- Loading Global Translations ---
[22:12:48.424] Loaded translation text files (took 0.01 seconds)
[22:12:48.426] Created variation translations (took -0 seconds)
[22:12:48.426] Created token translations (took -0 seconds)
[22:12:48.456] Loaded XUnity.AutoTranslator into Unity [2022.3.20f1c1] game.
[22:12:48.524] [Il2CppInterop] Registered mono type XUnity.AutoTranslator.Plugin.Core.Il2CppManagedEnumerator in il2cpp domain
[22:12:49.062] Skipping plugin scan because no plugin-specific translations has been registered.
[22:12:49.306] [PVZ_Hyper_Fusion] OK! Replaced Texture SelectorScreen_Adventure_button
[22:12:49.308] [PVZ_Hyper_Fusion] OK! Replaced Texture SelectorScreen_Adventure_highlight
[22:12:49.309] [PVZ_Hyper_Fusion] OK! Replaced Texture SelectorScreen_Almanac
[22:12:49.310] [PVZ_Hyper_Fusion] OK! Replaced Texture SelectorScreen_AlmanacHighlight
[22:12:49.311] [PVZ_Hyper_Fusion] OK! Replaced Texture SelectorScreen_Challenge_button
[22:12:49.313] [PVZ_Hyper_Fusion] OK! Replaced Texture SelectorScreen_Challenge_highlight
[22:12:49.314] [PVZ_Hyper_Fusion] OK! Replaced Texture SelectorScreen_Challenges_button
[22:12:49.316] [PVZ_Hyper_Fusion] OK! Replaced Texture SelectorScreen_Challenges_highlight
[22:12:49.319] [PVZ_Hyper_Fusion] OK! Replaced Texture SelectorScreen_Help1
[22:12:49.326] [PVZ_Hyper_Fusion] OK! Replaced Texture SelectorScreen_Help2
[22:12:49.326] [PVZ_Hyper_Fusion] OK! Replaced Texture SelectorScreen_Options1
[22:12:49.328] [PVZ_Hyper_Fusion] OK! Replaced Texture SelectorScreen_Options2
[22:12:49.328] [PVZ_Hyper_Fusion] OK! Replaced Texture SelectorScreen_Quit1
[22:12:49.329] [PVZ_Hyper_Fusion] OK! Replaced Texture SelectorScreen_Quit2
[22:12:49.330] [PVZ_Hyper_Fusion] OK! Replaced Texture SelectorScreen_Store
[22:12:49.330] [PVZ_Hyper_Fusion] OK! Replaced Texture SelectorScreen_StoreHighlight
[22:12:49.331] [PVZ_Hyper_Fusion] OK! Replaced Texture SelectorScreen_Vasebreaker_button
[22:12:49.333] [PVZ_Hyper_Fusion] OK! Replaced Texture SelectorScreen_vasebreaker_highlight
[22:12:49.334] [PVZ_Hyper_Fusion] OK! Replaced Texture SelectorScreen_WoodSign1
[22:12:49.335] [PVZ_Hyper_Fusion] OK! Replaced Texture SelectorScreen_WoodSign2
[22:12:49.336] [PVZ_Hyper_Fusion] OK! Replaced Texture SelectorScreen_WoodSign2_press
[22:12:49.339] [PVZ_Hyper_Fusion] OK! Replaced Texture SelectorScreen_ZenGarden
[22:12:49.340] [PVZ_Hyper_Fusion] OK! Replaced Texture SelectorScreen_ZenGardenHighlight
[22:12:53.166] [PVZ_Hyper_Fusion] Strings loaded successfully.
[22:12:59.692] [PVZ_Hyper_Fusion] OK! Replaced Texture FlagMeterLevelProgress
[22:13:08.367] [PVZ_Hyper_Fusion] OK! Replaced Texture options_menuback
[22:13:49.584] [PVZ_Hyper_Fusion] OK! Replaced Texture StartPlant
[22:13:49.585] [PVZ_Hyper_Fusion] OK! Replaced Texture StartReady
[22:13:49.587] [PVZ_Hyper_Fusion] OK! Replaced Texture StartSet
[22:19:26.112] [PVZ_Hyper_Fusion] OK! Replaced Texture FinalWave
[22:19:32.434] [PVZ_Hyper_Fusion] Text found in translationString
[22:19:32.436] [PVZ_Hyper_Fusion] Text not translated
[22:20:01.773] [PVZ_Hyper_Fusion] Strings loaded successfully.
[22:20:26.510] [PVZ_Hyper_Fusion] Strings loaded successfully.
[22:25:15.012] [PVZ_Hyper_Fusion] Strings loaded successfully.
[22:26:11.180] [PVZ_Hyper_Fusion] Text found in translationString
[22:26:11.181] [PVZ_Hyper_Fusion] Text not translated
[22:29:04.134] [PVZ_Hyper_Fusion] Text found in translationString
[22:29:04.135] [PVZ_Hyper_Fusion] Text not translated
[22:29:24.269] [PVZ_Hyper_Fusion] Text found in translationString
[22:29:24.272] [PVZ_Hyper_Fusion] Text not translated
[22:30:31.257] [PVZ_Hyper_Fusion] Text found in translationString
[22:30:31.257] [PVZ_Hyper_Fusion] Text not translated
[22:31:00.228] [PVZ_Hyper_Fusion] Strings loaded successfully.
[22:31:29.464] [PVZ_Hyper_Fusion] Strings loaded successfully.
[22:32:58.339] [PVZ_Hyper_Fusion] Text found in translationString
[22:32:58.340] [PVZ_Hyper_Fusion] Text not translated
[22:33:29.217] [PVZ_Hyper_Fusion] Strings loaded successfully.
[22:35:06.158] [PVZ_Hyper_Fusion] Text found in translationString
[22:35:06.159] [PVZ_Hyper_Fusion] Text not translated
[22:35:32.240] [PVZ_Hyper_Fusion] Text found in translationString
[22:35:32.242] [PVZ_Hyper_Fusion] Text not translated
[22:38:09.845] [PVZ_Hyper_Fusion] Text found in translationString
[22:38:09.845] [PVZ_Hyper_Fusion] Text not translated
[22:40:11.978] [PVZ_Hyper_Fusion] Text found in translationString
[22:40:11.979] [PVZ_Hyper_Fusion] Text not translated
[22:41:48.643] [PVZ_Hyper_Fusion] Text found in translationString
[22:41:48.644] [PVZ_Hyper_Fusion] Text not translated
[22:42:00.701] [PVZ_Hyper_Fusion] Text found in translationString
[22:42:00.702] [PVZ_Hyper_Fusion] Text not translated
[22:44:29.828] [PVZ_Hyper_Fusion] Text found in translationString
[22:44:29.829] [PVZ_Hyper_Fusion] Text not translated
[22:44:49.380] [PVZ_Hyper_Fusion] Strings loaded successfully.
[22:49:09.837] [PVZ_Hyper_Fusion] Text found in translationString
[22:49:09.838] [PVZ_Hyper_Fusion] Text not translated
[22:53:33.015] [PVZ_Hyper_Fusion] Text found in translationString
[22:53:33.016] [PVZ_Hyper_Fusion] Text not translated
[22:55:22.710] [PVZ_Hyper_Fusion] Text found in translationString
[22:55:22.712] [PVZ_Hyper_Fusion] Text not translated
[22:57:00.747] [PVZ_Hyper_Fusion] Text found in translationString
[22:57:00.756] [PVZ_Hyper_Fusion] Text not translated
[22:58:24.452] [PVZ_Hyper_Fusion] Text found in translationString
[22:58:24.453] [PVZ_Hyper_Fusion] Text not translated
[22:59:34.831] [PVZ_Hyper_Fusion] Strings loaded successfully.
[23:00:49.596] [PVZ_Hyper_Fusion] Text found in translationString
[23:00:49.598] [PVZ_Hyper_Fusion] Text not translated
[23:00:53.900] [PVZ_Hyper_Fusion] Text found in translationString
[23:00:53.902] [PVZ_Hyper_Fusion] Text not translated
[23:03:24.197] [PVZ_Hyper_Fusion] Text found in translationString
[23:03:24.197] [PVZ_Hyper_Fusion] Text not translated
[23:07:14.040] [PVZ_Hyper_Fusion] Text found in translationString
[23:07:14.042] [PVZ_Hyper_Fusion] Text not translated
[23:07:45.227] Preferences Saved!
