[21:00:10.512] ------------------------------
[21:00:10.548] MelonLoader v0.6.5 Open-Beta
[21:00:10.550] OS: Windows 10
[21:00:10.550] Hash Code: ECEE59E98250B37FBAD36ACD622C0C177FB65E478F6B3EE58F58366B6557DF70
[21:00:10.550] ------------------------------
[21:00:10.551] Game Type: Il2cpp
[21:00:10.551] Game Arch: x64
[21:00:10.551] ------------------------------
[21:00:10.551] Command-Line: D:\Games\[Series] PvZ Mods\PvZ Fusion English 2.1.3\PlantsVsZombiesRH.exe --melonloader.hideconsole
[21:00:10.551] ------------------------------
[21:00:10.552] Core::BasePath = D:\Games\[Series] PvZ Mods\PvZ Fusion English 2.1.3
[21:00:10.552] Game::BasePath = D:\Games\[Series] PvZ Mods\PvZ Fusion English 2.1.3
[21:00:10.552] Game::DataPath = D:\Games\[Series] PvZ Mods\PvZ Fusion English 2.1.3\PlantsVsZombiesRH_Data
[21:00:10.552] Game::ApplicationPath = D:\Games\[Series] PvZ Mods\PvZ Fusion English 2.1.3\PlantsVsZombiesRH.exe
[21:00:10.552] Runtime Type: net6
[21:00:10.739] ------------------------------
[21:00:10.739] Game Name: PlantsVsZombiesRH
[21:00:10.740] Game Developer: LanPiaoPiao
[21:00:10.743] Unity Version: 2022.3.20f1c1
[21:00:10.743] Game Version: 2.1.3
[21:00:10.743] ------------------------------

[21:00:12.303] Preferences Loaded!

[21:00:12.395] Loading UserLibs from 'D:\Games\[Series] PvZ Mods\PvZ Fusion English 2.1.3\UserLibs'...
[21:00:12.396] ------------------------------
[21:00:12.400] Melon Assembly loaded: '.\UserLibs\ExIni.dll'
[21:00:12.400] SHA256 Hash: 'C073DB2220667E6BBBFFF64E13ED4F7E744AF4B554C408F13EA80BFDFFD859D0'
[21:00:12.415] Melon Assembly loaded: '.\UserLibs\XUnity.AutoTranslator.Plugin.Core.dll'
[21:00:12.415] SHA256 Hash: '068A7021F48B97087F4AD3E201C18BEB5F4F1BCFF363655D57A8FE2E2D2CEC79'
[21:00:12.417] Melon Assembly loaded: '.\UserLibs\XUnity.AutoTranslator.Plugin.ExtProtocol.dll'
[21:00:12.417] SHA256 Hash: '15DC19FB833E55A7628023BB0BFFC18DFB94CB6CA5F6DBA4F171F3A3585A4FF3'
[21:00:12.420] Melon Assembly loaded: '.\UserLibs\XUnity.Common.dll'
[21:00:12.420] SHA256 Hash: '0313777972941AB61806649A74770EA79201E0E4063ADF4E24155976B3AC0D10'
[21:00:12.424] Melon Assembly loaded: '.\UserLibs\XUnity.ResourceRedirector.dll'
[21:00:12.424] SHA256 Hash: 'F65C057681063A60D3DB039427A4667FF473B71DEFB324BF9F7E9D99FA7BC571'

[21:00:12.434] Loading Plugins from 'D:\Games\[Series] PvZ Mods\PvZ Fusion English 2.1.3\Plugins'...
[21:00:12.437] 0 Plugins loaded.
[21:00:12.843] Loading Il2CppAssemblyGenerator...
[21:00:12.882] [Il2CppAssemblyGenerator] Contacting RemoteAPI...
[21:00:13.798] [Il2CppAssemblyGenerator] Game Not Found on RemoteAPI Host (https://api.melonloader.com/api/v1/game/plantsvszombiesrh)
[21:00:13.798] [Il2CppAssemblyGenerator] RemoteAPI.DumperVersion = null
[21:00:13.798] [Il2CppAssemblyGenerator] RemoteAPI.ObfuscationRegex = null
[21:00:13.798] [Il2CppAssemblyGenerator] RemoteAPI.MappingURL = null
[21:00:13.798] [Il2CppAssemblyGenerator] RemoteAPI.MappingFileSHA512 = null
[21:00:13.805] [Il2CppAssemblyGenerator] Using Cpp2IL Version: 2022.1.0-pre-release.18
[21:00:13.805] [Il2CppAssemblyGenerator] Using Il2CppInterop Version = 1.4.6-ci.545+3da49636029e18c88fe93901a893499a2d779805
[21:00:13.805] [Il2CppAssemblyGenerator] Using Unity Dependencies Version = 2022.3.20
[21:00:13.805] [Il2CppAssemblyGenerator] Using Deobfuscation Regex = null
[21:00:13.805] [Il2CppAssemblyGenerator] Cpp2IL is up to date.
[21:00:13.805] [Il2CppAssemblyGenerator] UnityDependencies is up to date.
[21:00:13.805] [Il2CppAssemblyGenerator] Checking GameAssembly...
[21:00:13.903] [Il2CppAssemblyGenerator] Assembly is up to date. No Generation Needed.

[21:00:13.905] Loading Mods from 'D:\Games\[Series] PvZ Mods\PvZ Fusion English 2.1.3\Mods'...
[21:00:13.905] ------------------------------
[21:00:13.907] Melon Assembly loaded: '.\Mods\PVZ_Hyper_Fusion.dll'
[21:00:13.907] SHA256 Hash: 'DD0BE0F8647EFCF574C4C710A86AC6F1F4E22125F4929B5F063726624C1E93E9'
[21:00:13.908] Melon Assembly loaded: '.\Mods\XUnity.AutoTranslator.Plugin.MelonMod.dll'
[21:00:13.908] SHA256 Hash: '9DBC7E5B0E3F854FFED9BCD39E10C6D7D1D68A45B9B739B3B9A63089697DC0D0'

[21:00:14.156] ------------------------------
[21:00:14.157] PVZ Hyper Fusion v0.0.2
[21:00:14.157] by arifrios1st
[21:00:14.157] Assembly: PVZ_Hyper_Fusion.dll
[21:00:14.157] ------------------------------
[21:00:14.174] ------------------------------
[21:00:14.174] XUnity Auto Translator v5.4.0
[21:00:14.174] by gravydevsupreme
[21:00:14.174] Assembly: XUnity.AutoTranslator.Plugin.MelonMod.dll
[21:00:14.174] ------------------------------
[21:00:14.174] ------------------------------
[21:00:14.175] 2 Mods loaded.

[21:00:16.864] [Il2CppInterop] Class::Init signatures have been exhausted, using a substitute!
[21:00:17.012] [Il2CppInterop] Registered mono type Il2CppInterop.Runtime.DelegateSupport+Il2CppToMonoDelegateReference in il2cpp domain
[21:00:17.128] [Il2CppInterop] Registered mono type MelonLoader.Support.MonoEnumeratorWrapper in il2cpp domain
[21:00:17.208] [Il2CppInterop] Registered mono type MelonLoader.Support.SM_Component in il2cpp domain
[21:00:17.225] Support Module Loaded: D:\Games\[Series] PvZ Mods\PvZ Fusion English 2.1.3\MelonLoader\Dependencies\SupportModules\Il2Cpp.dll
[21:00:18.751] [PVZ_Hyper_Fusion] Textures loaded successfully.
[21:00:18.809] [PVZ_Hyper_Fusion] Strings loaded successfully.
[21:00:24.758] [PVZ_Hyper_Fusion] OK! Replaced Texture Sproing
[21:00:24.761] [PVZ_Hyper_Fusion] OK! Replaced Texture Doom
[21:00:24.777] [PVZ_Hyper_Fusion] OK! Replaced Texture ExplosionPowie
[21:00:24.779] [PVZ_Hyper_Fusion] OK! Replaced Texture ExplosionSpudow
[21:00:24.780] [PVZ_Hyper_Fusion] OK! Replaced Texture guang
[21:00:24.870] [Il2CppInterop] Registered mono type XUnity.AutoTranslator.Plugin.Core.PluginLoader+AutoTranslatorProxyBehaviour in il2cpp domain
[21:00:25.204] Screen resolution determine to be: 1366x768
[21:00:25.206] Force loading ALL proxy assemblies.
[21:00:25.207] Force loading assembly: D:\Games\[Series] PvZ Mods\PvZ Fusion English 2.1.3\MelonLoader\Il2CppAssemblies\Assembly-CSharp.dll
[21:00:25.207] Force loading assembly: D:\Games\[Series] PvZ Mods\PvZ Fusion English 2.1.3\MelonLoader\Il2CppAssemblies\Il2CppMono.Security.dll
[21:00:25.208] Force loading assembly: D:\Games\[Series] PvZ Mods\PvZ Fusion English 2.1.3\MelonLoader\Il2CppAssemblies\Il2Cppmscorlib.dll
[21:00:25.208] Force loading assembly: D:\Games\[Series] PvZ Mods\PvZ Fusion English 2.1.3\MelonLoader\Il2CppAssemblies\Il2CppSystem.Configuration.dll
[21:00:25.208] Force loading assembly: D:\Games\[Series] PvZ Mods\PvZ Fusion English 2.1.3\MelonLoader\Il2CppAssemblies\Il2CppSystem.Core.dll
[21:00:25.209] Force loading assembly: D:\Games\[Series] PvZ Mods\PvZ Fusion English 2.1.3\MelonLoader\Il2CppAssemblies\Il2CppSystem.dll
[21:00:25.209] Force loading assembly: D:\Games\[Series] PvZ Mods\PvZ Fusion English 2.1.3\MelonLoader\Il2CppAssemblies\Il2CppSystem.Xml.dll
[21:00:25.209] Force loading assembly: D:\Games\[Series] PvZ Mods\PvZ Fusion English 2.1.3\MelonLoader\Il2CppAssemblies\Il2Cpp__Generated.dll
[21:00:25.210] Force loading assembly: D:\Games\[Series] PvZ Mods\PvZ Fusion English 2.1.3\MelonLoader\Il2CppAssemblies\Unity.2D.Animation.Runtime.dll
[21:00:25.210] Force loading assembly: D:\Games\[Series] PvZ Mods\PvZ Fusion English 2.1.3\MelonLoader\Il2CppAssemblies\Unity.Burst.dll
[21:00:25.210] Force loading assembly: D:\Games\[Series] PvZ Mods\PvZ Fusion English 2.1.3\MelonLoader\Il2CppAssemblies\Unity.Burst.Unsafe.dll
[21:00:25.210] Force loading assembly: D:\Games\[Series] PvZ Mods\PvZ Fusion English 2.1.3\MelonLoader\Il2CppAssemblies\Unity.Collections.dll
[21:00:25.211] Force loading assembly: D:\Games\[Series] PvZ Mods\PvZ Fusion English 2.1.3\MelonLoader\Il2CppAssemblies\Unity.Collections.LowLevel.ILSupport.dll
[21:00:25.211] Force loading assembly: D:\Games\[Series] PvZ Mods\PvZ Fusion English 2.1.3\MelonLoader\Il2CppAssemblies\Unity.InternalAPIEngineBridge.001.dll
[21:00:25.211] Force loading assembly: D:\Games\[Series] PvZ Mods\PvZ Fusion English 2.1.3\MelonLoader\Il2CppAssemblies\Unity.Mathematics.dll
[21:00:25.212] Force loading assembly: D:\Games\[Series] PvZ Mods\PvZ Fusion English 2.1.3\MelonLoader\Il2CppAssemblies\Unity.RenderPipeline.Universal.ShaderLibrary.dll
[21:00:25.212] Force loading assembly: D:\Games\[Series] PvZ Mods\PvZ Fusion English 2.1.3\MelonLoader\Il2CppAssemblies\Unity.RenderPipelines.Core.Runtime.dll
[21:00:25.212] Force loading assembly: D:\Games\[Series] PvZ Mods\PvZ Fusion English 2.1.3\MelonLoader\Il2CppAssemblies\Unity.RenderPipelines.Universal.Runtime.dll
[21:00:25.213] Force loading assembly: D:\Games\[Series] PvZ Mods\PvZ Fusion English 2.1.3\MelonLoader\Il2CppAssemblies\Unity.TextMeshPro.dll
[21:00:25.213] Force loading assembly: D:\Games\[Series] PvZ Mods\PvZ Fusion English 2.1.3\MelonLoader\Il2CppAssemblies\Unity.VisualScripting.Core.dll
[21:00:25.214] Force loading assembly: D:\Games\[Series] PvZ Mods\PvZ Fusion English 2.1.3\MelonLoader\Il2CppAssemblies\UnityEngine.AccessibilityModule.dll
[21:00:25.214] Force loading assembly: D:\Games\[Series] PvZ Mods\PvZ Fusion English 2.1.3\MelonLoader\Il2CppAssemblies\UnityEngine.AIModule.dll
[21:00:25.214] Force loading assembly: D:\Games\[Series] PvZ Mods\PvZ Fusion English 2.1.3\MelonLoader\Il2CppAssemblies\UnityEngine.AndroidJNIModule.dll
[21:00:25.215] Force loading assembly: D:\Games\[Series] PvZ Mods\PvZ Fusion English 2.1.3\MelonLoader\Il2CppAssemblies\UnityEngine.AnimationModule.dll
[21:00:25.215] Force loading assembly: D:\Games\[Series] PvZ Mods\PvZ Fusion English 2.1.3\MelonLoader\Il2CppAssemblies\UnityEngine.ARModule.dll
[21:00:25.215] Force loading assembly: D:\Games\[Series] PvZ Mods\PvZ Fusion English 2.1.3\MelonLoader\Il2CppAssemblies\UnityEngine.AssetBundleModule.dll
[21:00:25.215] Force loading assembly: D:\Games\[Series] PvZ Mods\PvZ Fusion English 2.1.3\MelonLoader\Il2CppAssemblies\UnityEngine.AudioModule.dll
[21:00:25.218] Force loading assembly: D:\Games\[Series] PvZ Mods\PvZ Fusion English 2.1.3\MelonLoader\Il2CppAssemblies\UnityEngine.ClothModule.dll
[21:00:25.219] Force loading assembly: D:\Games\[Series] PvZ Mods\PvZ Fusion English 2.1.3\MelonLoader\Il2CppAssemblies\UnityEngine.ClusterInputModule.dll
[21:00:25.220] Force loading assembly: D:\Games\[Series] PvZ Mods\PvZ Fusion English 2.1.3\MelonLoader\Il2CppAssemblies\UnityEngine.ClusterRendererModule.dll
[21:00:25.220] Force loading assembly: D:\Games\[Series] PvZ Mods\PvZ Fusion English 2.1.3\MelonLoader\Il2CppAssemblies\UnityEngine.ContentLoadModule.dll
[21:00:25.221] Force loading assembly: D:\Games\[Series] PvZ Mods\PvZ Fusion English 2.1.3\MelonLoader\Il2CppAssemblies\UnityEngine.CoreModule.dll
[21:00:25.221] Force loading assembly: D:\Games\[Series] PvZ Mods\PvZ Fusion English 2.1.3\MelonLoader\Il2CppAssemblies\UnityEngine.CrashReportingModule.dll
[21:00:25.222] Force loading assembly: D:\Games\[Series] PvZ Mods\PvZ Fusion English 2.1.3\MelonLoader\Il2CppAssemblies\UnityEngine.DirectorModule.dll
[21:00:25.222] Force loading assembly: D:\Games\[Series] PvZ Mods\PvZ Fusion English 2.1.3\MelonLoader\Il2CppAssemblies\UnityEngine.dll
[21:00:25.222] Force loading assembly: D:\Games\[Series] PvZ Mods\PvZ Fusion English 2.1.3\MelonLoader\Il2CppAssemblies\UnityEngine.DSPGraphModule.dll
[21:00:25.222] Force loading assembly: D:\Games\[Series] PvZ Mods\PvZ Fusion English 2.1.3\MelonLoader\Il2CppAssemblies\UnityEngine.GameCenterModule.dll
[21:00:25.223] Force loading assembly: D:\Games\[Series] PvZ Mods\PvZ Fusion English 2.1.3\MelonLoader\Il2CppAssemblies\UnityEngine.GIModule.dll
[21:00:25.223] Force loading assembly: D:\Games\[Series] PvZ Mods\PvZ Fusion English 2.1.3\MelonLoader\Il2CppAssemblies\UnityEngine.GridModule.dll
[21:00:25.223] Force loading assembly: D:\Games\[Series] PvZ Mods\PvZ Fusion English 2.1.3\MelonLoader\Il2CppAssemblies\UnityEngine.HotReloadModule.dll
[21:00:25.223] Force loading assembly: D:\Games\[Series] PvZ Mods\PvZ Fusion English 2.1.3\MelonLoader\Il2CppAssemblies\UnityEngine.ImageConversionModule.dll
[21:00:25.231] Force loading assembly: D:\Games\[Series] PvZ Mods\PvZ Fusion English 2.1.3\MelonLoader\Il2CppAssemblies\UnityEngine.IMGUIModule.dll
[21:00:25.232] Force loading assembly: D:\Games\[Series] PvZ Mods\PvZ Fusion English 2.1.3\MelonLoader\Il2CppAssemblies\UnityEngine.InputLegacyModule.dll
[21:00:25.232] Force loading assembly: D:\Games\[Series] PvZ Mods\PvZ Fusion English 2.1.3\MelonLoader\Il2CppAssemblies\UnityEngine.InputModule.dll
[21:00:25.233] Force loading assembly: D:\Games\[Series] PvZ Mods\PvZ Fusion English 2.1.3\MelonLoader\Il2CppAssemblies\UnityEngine.JSONSerializeModule.dll
[21:00:25.235] Force loading assembly: D:\Games\[Series] PvZ Mods\PvZ Fusion English 2.1.3\MelonLoader\Il2CppAssemblies\UnityEngine.LocalizationModule.dll
[21:00:25.236] Force loading assembly: D:\Games\[Series] PvZ Mods\PvZ Fusion English 2.1.3\MelonLoader\Il2CppAssemblies\UnityEngine.NVIDIAModule.dll
[21:00:25.236] Force loading assembly: D:\Games\[Series] PvZ Mods\PvZ Fusion English 2.1.3\MelonLoader\Il2CppAssemblies\UnityEngine.ParticleSystemModule.dll
[21:00:25.237] Force loading assembly: D:\Games\[Series] PvZ Mods\PvZ Fusion English 2.1.3\MelonLoader\Il2CppAssemblies\UnityEngine.PerformanceReportingModule.dll
[21:00:25.237] Force loading assembly: D:\Games\[Series] PvZ Mods\PvZ Fusion English 2.1.3\MelonLoader\Il2CppAssemblies\UnityEngine.Physics2DModule.dll
[21:00:25.237] Force loading assembly: D:\Games\[Series] PvZ Mods\PvZ Fusion English 2.1.3\MelonLoader\Il2CppAssemblies\UnityEngine.PhysicsModule.dll
[21:00:25.238] Force loading assembly: D:\Games\[Series] PvZ Mods\PvZ Fusion English 2.1.3\MelonLoader\Il2CppAssemblies\UnityEngine.ProfilerModule.dll
[21:00:25.238] Force loading assembly: D:\Games\[Series] PvZ Mods\PvZ Fusion English 2.1.3\MelonLoader\Il2CppAssemblies\UnityEngine.PropertiesModule.dll
[21:00:25.238] Force loading assembly: D:\Games\[Series] PvZ Mods\PvZ Fusion English 2.1.3\MelonLoader\Il2CppAssemblies\UnityEngine.RuntimeInitializeOnLoadManagerInitializerModule.dll
[21:00:25.238] Force loading assembly: D:\Games\[Series] PvZ Mods\PvZ Fusion English 2.1.3\MelonLoader\Il2CppAssemblies\UnityEngine.ScreenCaptureModule.dll
[21:00:25.239] Force loading assembly: D:\Games\[Series] PvZ Mods\PvZ Fusion English 2.1.3\MelonLoader\Il2CppAssemblies\UnityEngine.SharedInternalsModule.dll
[21:00:25.239] Force loading assembly: D:\Games\[Series] PvZ Mods\PvZ Fusion English 2.1.3\MelonLoader\Il2CppAssemblies\UnityEngine.SpriteMaskModule.dll
[21:00:25.239] Force loading assembly: D:\Games\[Series] PvZ Mods\PvZ Fusion English 2.1.3\MelonLoader\Il2CppAssemblies\UnityEngine.SpriteShapeModule.dll
[21:00:25.239] Force loading assembly: D:\Games\[Series] PvZ Mods\PvZ Fusion English 2.1.3\MelonLoader\Il2CppAssemblies\UnityEngine.StreamingModule.dll
[21:00:25.239] Force loading assembly: D:\Games\[Series] PvZ Mods\PvZ Fusion English 2.1.3\MelonLoader\Il2CppAssemblies\UnityEngine.SubstanceModule.dll
[21:00:25.240] Force loading assembly: D:\Games\[Series] PvZ Mods\PvZ Fusion English 2.1.3\MelonLoader\Il2CppAssemblies\UnityEngine.SubsystemsModule.dll
[21:00:25.240] Force loading assembly: D:\Games\[Series] PvZ Mods\PvZ Fusion English 2.1.3\MelonLoader\Il2CppAssemblies\UnityEngine.TerrainModule.dll
[21:00:25.240] Force loading assembly: D:\Games\[Series] PvZ Mods\PvZ Fusion English 2.1.3\MelonLoader\Il2CppAssemblies\UnityEngine.TerrainPhysicsModule.dll
[21:00:25.241] Force loading assembly: D:\Games\[Series] PvZ Mods\PvZ Fusion English 2.1.3\MelonLoader\Il2CppAssemblies\UnityEngine.TextCoreFontEngineModule.dll
[21:00:25.241] Force loading assembly: D:\Games\[Series] PvZ Mods\PvZ Fusion English 2.1.3\MelonLoader\Il2CppAssemblies\UnityEngine.TextCoreTextEngineModule.dll
[21:00:25.241] Force loading assembly: D:\Games\[Series] PvZ Mods\PvZ Fusion English 2.1.3\MelonLoader\Il2CppAssemblies\UnityEngine.TextRenderingModule.dll
[21:00:25.241] Force loading assembly: D:\Games\[Series] PvZ Mods\PvZ Fusion English 2.1.3\MelonLoader\Il2CppAssemblies\UnityEngine.TilemapModule.dll
[21:00:25.242] Force loading assembly: D:\Games\[Series] PvZ Mods\PvZ Fusion English 2.1.3\MelonLoader\Il2CppAssemblies\UnityEngine.TLSModule.dll
[21:00:25.242] Force loading assembly: D:\Games\[Series] PvZ Mods\PvZ Fusion English 2.1.3\MelonLoader\Il2CppAssemblies\UnityEngine.UI.dll
[21:00:25.242] Force loading assembly: D:\Games\[Series] PvZ Mods\PvZ Fusion English 2.1.3\MelonLoader\Il2CppAssemblies\UnityEngine.UIElementsModule.dll
[21:00:25.243] Force loading assembly: D:\Games\[Series] PvZ Mods\PvZ Fusion English 2.1.3\MelonLoader\Il2CppAssemblies\UnityEngine.UIModule.dll
[21:00:25.243] Force loading assembly: D:\Games\[Series] PvZ Mods\PvZ Fusion English 2.1.3\MelonLoader\Il2CppAssemblies\UnityEngine.UmbraModule.dll
[21:00:25.243] Force loading assembly: D:\Games\[Series] PvZ Mods\PvZ Fusion English 2.1.3\MelonLoader\Il2CppAssemblies\UnityEngine.UnityAnalyticsCommonModule.dll
[21:00:25.243] Force loading assembly: D:\Games\[Series] PvZ Mods\PvZ Fusion English 2.1.3\MelonLoader\Il2CppAssemblies\UnityEngine.UnityAnalyticsModule.dll
[21:00:25.244] Force loading assembly: D:\Games\[Series] PvZ Mods\PvZ Fusion English 2.1.3\MelonLoader\Il2CppAssemblies\UnityEngine.UnityConnectModule.dll
[21:00:25.244] Force loading assembly: D:\Games\[Series] PvZ Mods\PvZ Fusion English 2.1.3\MelonLoader\Il2CppAssemblies\UnityEngine.UnityCurlModule.dll
[21:00:25.244] Force loading assembly: D:\Games\[Series] PvZ Mods\PvZ Fusion English 2.1.3\MelonLoader\Il2CppAssemblies\UnityEngine.UnityTestProtocolModule.dll
[21:00:25.244] Force loading assembly: D:\Games\[Series] PvZ Mods\PvZ Fusion English 2.1.3\MelonLoader\Il2CppAssemblies\UnityEngine.UnityWebRequestAssetBundleModule.dll
[21:00:25.245] Force loading assembly: D:\Games\[Series] PvZ Mods\PvZ Fusion English 2.1.3\MelonLoader\Il2CppAssemblies\UnityEngine.UnityWebRequestAudioModule.dll
[21:00:25.245] Force loading assembly: D:\Games\[Series] PvZ Mods\PvZ Fusion English 2.1.3\MelonLoader\Il2CppAssemblies\UnityEngine.UnityWebRequestModule.dll
[21:00:25.245] Force loading assembly: D:\Games\[Series] PvZ Mods\PvZ Fusion English 2.1.3\MelonLoader\Il2CppAssemblies\UnityEngine.UnityWebRequestTextureModule.dll
[21:00:25.246] Force loading assembly: D:\Games\[Series] PvZ Mods\PvZ Fusion English 2.1.3\MelonLoader\Il2CppAssemblies\UnityEngine.UnityWebRequestWWWModule.dll
[21:00:25.246] Force loading assembly: D:\Games\[Series] PvZ Mods\PvZ Fusion English 2.1.3\MelonLoader\Il2CppAssemblies\UnityEngine.VehiclesModule.dll
[21:00:25.246] Force loading assembly: D:\Games\[Series] PvZ Mods\PvZ Fusion English 2.1.3\MelonLoader\Il2CppAssemblies\UnityEngine.VFXModule.dll
[21:00:25.246] Force loading assembly: D:\Games\[Series] PvZ Mods\PvZ Fusion English 2.1.3\MelonLoader\Il2CppAssemblies\UnityEngine.VideoModule.dll
[21:00:25.247] Force loading assembly: D:\Games\[Series] PvZ Mods\PvZ Fusion English 2.1.3\MelonLoader\Il2CppAssemblies\UnityEngine.VirtualTexturingModule.dll
[21:00:25.247] Force loading assembly: D:\Games\[Series] PvZ Mods\PvZ Fusion English 2.1.3\MelonLoader\Il2CppAssemblies\UnityEngine.VRModule.dll
[21:00:25.247] Force loading assembly: D:\Games\[Series] PvZ Mods\PvZ Fusion English 2.1.3\MelonLoader\Il2CppAssemblies\UnityEngine.WindModule.dll
[21:00:25.247] Force loading assembly: D:\Games\[Series] PvZ Mods\PvZ Fusion English 2.1.3\MelonLoader\Il2CppAssemblies\UnityEngine.XRModule.dll
[21:00:25.286] An error occurred while resolving type: UnityEngine.TextMesh
System.ArgumentException: TextMesh does not have a corresponding IL2CPP class pointer
   at Il2CppInterop.Runtime.Il2CppType.TypeFromPointerInternal(IntPtr classPointer, String typeName, Boolean throwOnFailure) in /home/runner/work/Il2CppInterop/Il2CppInterop/Il2CppInterop.Runtime/Il2CppType.cs:line 19
   at XUnity.Common.Constants.UnityTypes.FindType(String name)
[21:00:25.289] An error occurred while resolving type: UnityEngine.WWW
System.ArgumentException: WWW does not have a corresponding IL2CPP class pointer
   at Il2CppInterop.Runtime.Il2CppType.TypeFromPointerInternal(IntPtr classPointer, String typeName, Boolean throwOnFailure) in /home/runner/work/Il2CppInterop/Il2CppInterop/Il2CppInterop.Runtime/Il2CppType.cs:line 19
   at XUnity.Common.Constants.UnityTypes.FindType(String name)
[21:00:25.294] [Il2CppInterop] Nested type ToolbarButtonSize on GUI not found!
[21:00:25.294] An error occurred while resolving type: UnityEngine.GUI+ToolbarButtonSize
System.ArgumentException: ToolbarButtonSize does not have a corresponding IL2CPP class pointer
   at Il2CppInterop.Runtime.Il2CppType.TypeFromPointerInternal(IntPtr classPointer, String typeName, Boolean throwOnFailure) in /home/runner/work/Il2CppInterop/Il2CppInterop/Il2CppInterop.Runtime/Il2CppType.cs:line 19
   at XUnity.Common.Constants.UnityTypes.FindType(String name)
[21:00:25.296] An error occurred while resolving type: UnityEngine.ImageConversion
System.ArgumentException: ImageConversion does not have a corresponding IL2CPP class pointer
   at Il2CppInterop.Runtime.Il2CppType.TypeFromPointerInternal(IntPtr classPointer, String typeName, Boolean throwOnFailure) in /home/runner/work/Il2CppInterop/Il2CppInterop/Il2CppInterop.Runtime/Il2CppType.cs:line 19
   at XUnity.Common.Constants.UnityTypes.FindType(String name)
[21:00:25.306] An error occurred while resolving type: UnityEngine.AssetBundle
System.ArgumentException: AssetBundle does not have a corresponding IL2CPP class pointer
   at Il2CppInterop.Runtime.Il2CppType.TypeFromPointerInternal(IntPtr classPointer, String typeName, Boolean throwOnFailure) in /home/runner/work/Il2CppInterop/Il2CppInterop/Il2CppInterop.Runtime/Il2CppType.cs:line 19
   at XUnity.Common.Constants.UnityTypes.FindType(String name)
[21:00:25.422] Hooked UnityEngine.UI.Text.set_text through Harmony hooks.
[21:00:25.453] Hooked UnityEngine.UI.Text.OnEnable through Harmony hooks.
[21:00:25.517] Disabling certificate checks for endpoints because of configuration.
[21:00:25.520] Probing whether OnLevelWasLoaded or SceneManager is supported in this version of Unity. Any warnings related to OnLevelWasLoaded coming from Unity can safely be ignored.
[21:00:25.522] An error occurred while settings up scene-load scans.
System.NotSupportedException: Method unstripping failed
   at lambda_method2(Closure , UnityAction`2 )
   at XUnity.AutoTranslator.Plugin.Utilities.TranslationScopeHelper.RegisterSceneLoadCallback(Action`1 sceneLoaded)
   at XUnity.AutoTranslator.Plugin.Core.AutoTranslationPlugin.EnableSceneLoadScan()
[21:00:25.526] Loaded resize command text files.
[21:00:25.548] --- Loading Global Translations ---
[21:00:25.555] Loaded translation text files (took 0.01 seconds)
[21:00:25.556] Created variation translations (took -0 seconds)
[21:00:25.556] Created token translations (took -0 seconds)
[21:00:25.561] Loaded XUnity.AutoTranslator into Unity [2022.3.20f1c1] game.
[21:00:25.629] [Il2CppInterop] Registered mono type XUnity.AutoTranslator.Plugin.Core.Il2CppManagedEnumerator in il2cpp domain
[21:00:26.002] Skipping plugin scan because no plugin-specific translations has been registered.
[21:00:26.225] [PVZ_Hyper_Fusion] OK! Replaced Texture SelectorScreen_Adventure_button
[21:00:26.226] [PVZ_Hyper_Fusion] OK! Replaced Texture SelectorScreen_Adventure_highlight
[21:00:26.227] [PVZ_Hyper_Fusion] OK! Replaced Texture SelectorScreen_Almanac
[21:00:26.227] [PVZ_Hyper_Fusion] OK! Replaced Texture SelectorScreen_AlmanacHighlight
[21:00:26.228] [PVZ_Hyper_Fusion] OK! Replaced Texture SelectorScreen_Challenge_button
[21:00:26.229] [PVZ_Hyper_Fusion] OK! Replaced Texture SelectorScreen_Challenge_highlight
[21:00:26.230] [PVZ_Hyper_Fusion] OK! Replaced Texture SelectorScreen_Challenges_button
[21:00:26.231] [PVZ_Hyper_Fusion] OK! Replaced Texture SelectorScreen_Challenges_highlight
[21:00:26.233] [PVZ_Hyper_Fusion] OK! Replaced Texture SelectorScreen_Help1
[21:00:26.233] [PVZ_Hyper_Fusion] OK! Replaced Texture SelectorScreen_Help2
[21:00:26.233] [PVZ_Hyper_Fusion] OK! Replaced Texture SelectorScreen_Options1
[21:00:26.234] [PVZ_Hyper_Fusion] OK! Replaced Texture SelectorScreen_Options2
[21:00:26.234] [PVZ_Hyper_Fusion] OK! Replaced Texture SelectorScreen_Quit1
[21:00:26.234] [PVZ_Hyper_Fusion] OK! Replaced Texture SelectorScreen_Quit2
[21:00:26.235] [PVZ_Hyper_Fusion] OK! Replaced Texture SelectorScreen_Store
[21:00:26.235] [PVZ_Hyper_Fusion] OK! Replaced Texture SelectorScreen_StoreHighlight
[21:00:26.236] [PVZ_Hyper_Fusion] OK! Replaced Texture SelectorScreen_Vasebreaker_button
[21:00:26.239] [PVZ_Hyper_Fusion] OK! Replaced Texture SelectorScreen_vasebreaker_highlight
[21:00:26.240] [PVZ_Hyper_Fusion] OK! Replaced Texture SelectorScreen_WoodSign1
[21:00:26.241] [PVZ_Hyper_Fusion] OK! Replaced Texture SelectorScreen_WoodSign2
[21:00:26.242] [PVZ_Hyper_Fusion] OK! Replaced Texture SelectorScreen_WoodSign2_press
[21:00:26.243] [PVZ_Hyper_Fusion] OK! Replaced Texture SelectorScreen_ZenGarden
[21:00:26.244] [PVZ_Hyper_Fusion] OK! Replaced Texture SelectorScreen_ZenGardenHighlight
[21:01:12.477] [PVZ_Hyper_Fusion] OK! Replaced Texture options_menuback
[21:02:42.595] Preferences Saved!
