[21:08:59.227] ------------------------------
[21:08:59.264] MelonLoader v0.6.5 Open-Beta
[21:08:59.269] OS: Windows 10
[21:08:59.269] Hash Code: ECEE59E98250B37FBAD36ACD622C0C177FB65E478F6B3EE58F58366B6557DF70
[21:08:59.269] ------------------------------
[21:08:59.270] Game Type: Il2cpp
[21:08:59.270] Game Arch: x64
[21:08:59.270] ------------------------------
[21:08:59.270] Command-Line: PlantsVsZombiesRH.exe --melonloader.hideconsole
[21:08:59.270] ------------------------------
[21:08:59.271] Core::BasePath = D:\Games\[Series] PvZ Mods\PvZ Fusion English 2.1.3\Game Files
[21:08:59.271] Game::BasePath = D:\Games\[Series] PvZ Mods\PvZ Fusion English 2.1.3\Game Files
[21:08:59.271] Game::DataPath = D:\Games\[Series] PvZ Mods\PvZ Fusion English 2.1.3\Game Files\PlantsVsZombiesRH_Data
[21:08:59.271] Game::ApplicationPath = D:\Games\[Series] PvZ Mods\PvZ Fusion English 2.1.3\Game Files\PlantsVsZombiesRH.exe
[21:08:59.272] Runtime Type: net6
[21:08:59.440] ------------------------------
[21:08:59.441] Game Name: PlantsVsZombiesRH
[21:08:59.441] Game Developer: LanPiaoPiao
[21:08:59.443] Unity Version: 2022.3.20f1c1
[21:08:59.443] Game Version: 2.1.3
[21:08:59.443] ------------------------------

[21:09:00.920] Preferences Loaded!

[21:09:01.004] Loading UserLibs from 'D:\Games\[Series] PvZ Mods\PvZ Fusion English 2.1.3\Game Files\UserLibs'...
[21:09:01.006] ------------------------------
[21:09:01.012] Melon Assembly loaded: '.\UserLibs\ExIni.dll'
[21:09:01.012] SHA256 Hash: 'C073DB2220667E6BBBFFF64E13ED4F7E744AF4B554C408F13EA80BFDFFD859D0'
[21:09:01.029] Melon Assembly loaded: '.\UserLibs\XUnity.AutoTranslator.Plugin.Core.dll'
[21:09:01.029] SHA256 Hash: '068A7021F48B97087F4AD3E201C18BEB5F4F1BCFF363655D57A8FE2E2D2CEC79'
[21:09:01.031] Melon Assembly loaded: '.\UserLibs\XUnity.AutoTranslator.Plugin.ExtProtocol.dll'
[21:09:01.031] SHA256 Hash: '15DC19FB833E55A7628023BB0BFFC18DFB94CB6CA5F6DBA4F171F3A3585A4FF3'
[21:09:01.034] Melon Assembly loaded: '.\UserLibs\XUnity.Common.dll'
[21:09:01.034] SHA256 Hash: '0313777972941AB61806649A74770EA79201E0E4063ADF4E24155976B3AC0D10'
[21:09:01.036] Melon Assembly loaded: '.\UserLibs\XUnity.ResourceRedirector.dll'
[21:09:01.036] SHA256 Hash: 'F65C057681063A60D3DB039427A4667FF473B71DEFB324BF9F7E9D99FA7BC571'

[21:09:01.047] Loading Plugins from 'D:\Games\[Series] PvZ Mods\PvZ Fusion English 2.1.3\Game Files\Plugins'...
[21:09:01.049] 0 Plugins loaded.
[21:09:01.486] Loading Il2CppAssemblyGenerator...
[21:09:01.551] [Il2CppAssemblyGenerator] Contacting RemoteAPI...
[21:09:02.636] [Il2CppAssemblyGenerator] Game Not Found on RemoteAPI Host (https://api.melonloader.com/api/v1/game/plantsvszombiesrh)
[21:09:02.636] [Il2CppAssemblyGenerator] RemoteAPI.DumperVersion = null
[21:09:02.636] [Il2CppAssemblyGenerator] RemoteAPI.ObfuscationRegex = null
[21:09:02.636] [Il2CppAssemblyGenerator] RemoteAPI.MappingURL = null
[21:09:02.636] [Il2CppAssemblyGenerator] RemoteAPI.MappingFileSHA512 = null
[21:09:02.651] [Il2CppAssemblyGenerator] Using Cpp2IL Version: 2022.1.0-pre-release.18
[21:09:02.652] [Il2CppAssemblyGenerator] Using Il2CppInterop Version = 1.4.6-ci.545+3da49636029e18c88fe93901a893499a2d779805
[21:09:02.652] [Il2CppAssemblyGenerator] Using Unity Dependencies Version = 2022.3.20
[21:09:02.652] [Il2CppAssemblyGenerator] Using Deobfuscation Regex = null
[21:09:02.652] [Il2CppAssemblyGenerator] Cpp2IL is up to date.
[21:09:02.653] [Il2CppAssemblyGenerator] UnityDependencies is up to date.
[21:09:02.653] [Il2CppAssemblyGenerator] Checking GameAssembly...
[21:09:02.990] [Il2CppAssemblyGenerator] Assembly is up to date. No Generation Needed.

[21:09:02.992] Loading Mods from 'D:\Games\[Series] PvZ Mods\PvZ Fusion English 2.1.3\Game Files\Mods'...
[21:09:02.992] ------------------------------
[21:09:02.994] Melon Assembly loaded: '.\Mods\PVZ_Hyper_Fusion.dll'
[21:09:02.994] SHA256 Hash: 'DD0BE0F8647EFCF574C4C710A86AC6F1F4E22125F4929B5F063726624C1E93E9'
[21:09:02.998] Melon Assembly loaded: '.\Mods\XUnity.AutoTranslator.Plugin.MelonMod.dll'
[21:09:02.998] SHA256 Hash: '9DBC7E5B0E3F854FFED9BCD39E10C6D7D1D68A45B9B739B3B9A63089697DC0D0'

[21:09:03.479] ------------------------------
[21:09:03.482] PVZ Hyper Fusion v0.0.2
[21:09:03.482] by arifrios1st
[21:09:03.482] Assembly: PVZ_Hyper_Fusion.dll
[21:09:03.482] ------------------------------
[21:09:03.487] ------------------------------
[21:09:03.487] XUnity Auto Translator v5.4.0
[21:09:03.487] by gravydevsupreme
[21:09:03.487] Assembly: XUnity.AutoTranslator.Plugin.MelonMod.dll
[21:09:03.487] ------------------------------
[21:09:03.487] ------------------------------
[21:09:03.487] 2 Mods loaded.

[21:09:06.383] [Il2CppInterop] Class::Init signatures have been exhausted, using a substitute!
[21:09:06.513] [Il2CppInterop] Registered mono type Il2CppInterop.Runtime.DelegateSupport+Il2CppToMonoDelegateReference in il2cpp domain
[21:09:06.600] [Il2CppInterop] Registered mono type MelonLoader.Support.MonoEnumeratorWrapper in il2cpp domain
[21:09:06.638] [Il2CppInterop] Registered mono type MelonLoader.Support.SM_Component in il2cpp domain
[21:09:06.656] Support Module Loaded: D:\Games\[Series] PvZ Mods\PvZ Fusion English 2.1.3\Game Files\MelonLoader\Dependencies\SupportModules\Il2Cpp.dll
[21:09:07.937] [PVZ_Hyper_Fusion] Textures loaded successfully.
[21:09:07.990] [PVZ_Hyper_Fusion] Strings loaded successfully.
[21:09:13.825] [PVZ_Hyper_Fusion] OK! Replaced Texture Sproing
[21:09:13.828] [PVZ_Hyper_Fusion] OK! Replaced Texture Doom
[21:09:13.829] [PVZ_Hyper_Fusion] OK! Replaced Texture ExplosionPowie
[21:09:13.831] [PVZ_Hyper_Fusion] OK! Replaced Texture ExplosionSpudow
[21:09:13.832] [PVZ_Hyper_Fusion] OK! Replaced Texture guang
[21:09:13.930] [Il2CppInterop] Registered mono type XUnity.AutoTranslator.Plugin.Core.PluginLoader+AutoTranslatorProxyBehaviour in il2cpp domain
[21:09:14.262] Screen resolution determine to be: 1366x768
[21:09:14.266] Force loading ALL proxy assemblies.
[21:09:14.266] Force loading assembly: D:\Games\[Series] PvZ Mods\PvZ Fusion English 2.1.3\Game Files\MelonLoader\Il2CppAssemblies\Assembly-CSharp.dll
[21:09:14.267] Force loading assembly: D:\Games\[Series] PvZ Mods\PvZ Fusion English 2.1.3\Game Files\MelonLoader\Il2CppAssemblies\Il2CppMono.Security.dll
[21:09:14.267] Force loading assembly: D:\Games\[Series] PvZ Mods\PvZ Fusion English 2.1.3\Game Files\MelonLoader\Il2CppAssemblies\Il2Cppmscorlib.dll
[21:09:14.269] Force loading assembly: D:\Games\[Series] PvZ Mods\PvZ Fusion English 2.1.3\Game Files\MelonLoader\Il2CppAssemblies\Il2CppSystem.Configuration.dll
[21:09:14.270] Force loading assembly: D:\Games\[Series] PvZ Mods\PvZ Fusion English 2.1.3\Game Files\MelonLoader\Il2CppAssemblies\Il2CppSystem.Core.dll
[21:09:14.271] Force loading assembly: D:\Games\[Series] PvZ Mods\PvZ Fusion English 2.1.3\Game Files\MelonLoader\Il2CppAssemblies\Il2CppSystem.dll
[21:09:14.272] Force loading assembly: D:\Games\[Series] PvZ Mods\PvZ Fusion English 2.1.3\Game Files\MelonLoader\Il2CppAssemblies\Il2CppSystem.Xml.dll
[21:09:14.272] Force loading assembly: D:\Games\[Series] PvZ Mods\PvZ Fusion English 2.1.3\Game Files\MelonLoader\Il2CppAssemblies\Il2Cpp__Generated.dll
[21:09:14.273] Force loading assembly: D:\Games\[Series] PvZ Mods\PvZ Fusion English 2.1.3\Game Files\MelonLoader\Il2CppAssemblies\Unity.2D.Animation.Runtime.dll
[21:09:14.273] Force loading assembly: D:\Games\[Series] PvZ Mods\PvZ Fusion English 2.1.3\Game Files\MelonLoader\Il2CppAssemblies\Unity.Burst.dll
[21:09:14.273] Force loading assembly: D:\Games\[Series] PvZ Mods\PvZ Fusion English 2.1.3\Game Files\MelonLoader\Il2CppAssemblies\Unity.Burst.Unsafe.dll
[21:09:14.274] Force loading assembly: D:\Games\[Series] PvZ Mods\PvZ Fusion English 2.1.3\Game Files\MelonLoader\Il2CppAssemblies\Unity.Collections.dll
[21:09:14.274] Force loading assembly: D:\Games\[Series] PvZ Mods\PvZ Fusion English 2.1.3\Game Files\MelonLoader\Il2CppAssemblies\Unity.Collections.LowLevel.ILSupport.dll
[21:09:14.274] Force loading assembly: D:\Games\[Series] PvZ Mods\PvZ Fusion English 2.1.3\Game Files\MelonLoader\Il2CppAssemblies\Unity.InternalAPIEngineBridge.001.dll
[21:09:14.286] Force loading assembly: D:\Games\[Series] PvZ Mods\PvZ Fusion English 2.1.3\Game Files\MelonLoader\Il2CppAssemblies\Unity.Mathematics.dll
[21:09:14.287] Force loading assembly: D:\Games\[Series] PvZ Mods\PvZ Fusion English 2.1.3\Game Files\MelonLoader\Il2CppAssemblies\Unity.RenderPipeline.Universal.ShaderLibrary.dll
[21:09:14.287] Force loading assembly: D:\Games\[Series] PvZ Mods\PvZ Fusion English 2.1.3\Game Files\MelonLoader\Il2CppAssemblies\Unity.RenderPipelines.Core.Runtime.dll
[21:09:14.288] Force loading assembly: D:\Games\[Series] PvZ Mods\PvZ Fusion English 2.1.3\Game Files\MelonLoader\Il2CppAssemblies\Unity.RenderPipelines.Universal.Runtime.dll
[21:09:14.288] Force loading assembly: D:\Games\[Series] PvZ Mods\PvZ Fusion English 2.1.3\Game Files\MelonLoader\Il2CppAssemblies\Unity.TextMeshPro.dll
[21:09:14.288] Force loading assembly: D:\Games\[Series] PvZ Mods\PvZ Fusion English 2.1.3\Game Files\MelonLoader\Il2CppAssemblies\Unity.VisualScripting.Core.dll
[21:09:14.289] Force loading assembly: D:\Games\[Series] PvZ Mods\PvZ Fusion English 2.1.3\Game Files\MelonLoader\Il2CppAssemblies\UnityEngine.AccessibilityModule.dll
[21:09:14.289] Force loading assembly: D:\Games\[Series] PvZ Mods\PvZ Fusion English 2.1.3\Game Files\MelonLoader\Il2CppAssemblies\UnityEngine.AIModule.dll
[21:09:14.289] Force loading assembly: D:\Games\[Series] PvZ Mods\PvZ Fusion English 2.1.3\Game Files\MelonLoader\Il2CppAssemblies\UnityEngine.AndroidJNIModule.dll
[21:09:14.290] Force loading assembly: D:\Games\[Series] PvZ Mods\PvZ Fusion English 2.1.3\Game Files\MelonLoader\Il2CppAssemblies\UnityEngine.AnimationModule.dll
[21:09:14.290] Force loading assembly: D:\Games\[Series] PvZ Mods\PvZ Fusion English 2.1.3\Game Files\MelonLoader\Il2CppAssemblies\UnityEngine.ARModule.dll
[21:09:14.290] Force loading assembly: D:\Games\[Series] PvZ Mods\PvZ Fusion English 2.1.3\Game Files\MelonLoader\Il2CppAssemblies\UnityEngine.AssetBundleModule.dll
[21:09:14.290] Force loading assembly: D:\Games\[Series] PvZ Mods\PvZ Fusion English 2.1.3\Game Files\MelonLoader\Il2CppAssemblies\UnityEngine.AudioModule.dll
[21:09:14.291] Force loading assembly: D:\Games\[Series] PvZ Mods\PvZ Fusion English 2.1.3\Game Files\MelonLoader\Il2CppAssemblies\UnityEngine.ClothModule.dll
[21:09:14.291] Force loading assembly: D:\Games\[Series] PvZ Mods\PvZ Fusion English 2.1.3\Game Files\MelonLoader\Il2CppAssemblies\UnityEngine.ClusterInputModule.dll
[21:09:14.291] Force loading assembly: D:\Games\[Series] PvZ Mods\PvZ Fusion English 2.1.3\Game Files\MelonLoader\Il2CppAssemblies\UnityEngine.ClusterRendererModule.dll
[21:09:14.292] Force loading assembly: D:\Games\[Series] PvZ Mods\PvZ Fusion English 2.1.3\Game Files\MelonLoader\Il2CppAssemblies\UnityEngine.ContentLoadModule.dll
[21:09:14.292] Force loading assembly: D:\Games\[Series] PvZ Mods\PvZ Fusion English 2.1.3\Game Files\MelonLoader\Il2CppAssemblies\UnityEngine.CoreModule.dll
[21:09:14.292] Force loading assembly: D:\Games\[Series] PvZ Mods\PvZ Fusion English 2.1.3\Game Files\MelonLoader\Il2CppAssemblies\UnityEngine.CrashReportingModule.dll
[21:09:14.293] Force loading assembly: D:\Games\[Series] PvZ Mods\PvZ Fusion English 2.1.3\Game Files\MelonLoader\Il2CppAssemblies\UnityEngine.DirectorModule.dll
[21:09:14.293] Force loading assembly: D:\Games\[Series] PvZ Mods\PvZ Fusion English 2.1.3\Game Files\MelonLoader\Il2CppAssemblies\UnityEngine.dll
[21:09:14.293] Force loading assembly: D:\Games\[Series] PvZ Mods\PvZ Fusion English 2.1.3\Game Files\MelonLoader\Il2CppAssemblies\UnityEngine.DSPGraphModule.dll
[21:09:14.294] Force loading assembly: D:\Games\[Series] PvZ Mods\PvZ Fusion English 2.1.3\Game Files\MelonLoader\Il2CppAssemblies\UnityEngine.GameCenterModule.dll
[21:09:14.294] Force loading assembly: D:\Games\[Series] PvZ Mods\PvZ Fusion English 2.1.3\Game Files\MelonLoader\Il2CppAssemblies\UnityEngine.GIModule.dll
[21:09:14.294] Force loading assembly: D:\Games\[Series] PvZ Mods\PvZ Fusion English 2.1.3\Game Files\MelonLoader\Il2CppAssemblies\UnityEngine.GridModule.dll
[21:09:14.295] Force loading assembly: D:\Games\[Series] PvZ Mods\PvZ Fusion English 2.1.3\Game Files\MelonLoader\Il2CppAssemblies\UnityEngine.HotReloadModule.dll
[21:09:14.295] Force loading assembly: D:\Games\[Series] PvZ Mods\PvZ Fusion English 2.1.3\Game Files\MelonLoader\Il2CppAssemblies\UnityEngine.ImageConversionModule.dll
[21:09:14.295] Force loading assembly: D:\Games\[Series] PvZ Mods\PvZ Fusion English 2.1.3\Game Files\MelonLoader\Il2CppAssemblies\UnityEngine.IMGUIModule.dll
[21:09:14.295] Force loading assembly: D:\Games\[Series] PvZ Mods\PvZ Fusion English 2.1.3\Game Files\MelonLoader\Il2CppAssemblies\UnityEngine.InputLegacyModule.dll
[21:09:14.296] Force loading assembly: D:\Games\[Series] PvZ Mods\PvZ Fusion English 2.1.3\Game Files\MelonLoader\Il2CppAssemblies\UnityEngine.InputModule.dll
[21:09:14.296] Force loading assembly: D:\Games\[Series] PvZ Mods\PvZ Fusion English 2.1.3\Game Files\MelonLoader\Il2CppAssemblies\UnityEngine.JSONSerializeModule.dll
[21:09:14.297] Force loading assembly: D:\Games\[Series] PvZ Mods\PvZ Fusion English 2.1.3\Game Files\MelonLoader\Il2CppAssemblies\UnityEngine.LocalizationModule.dll
[21:09:14.297] Force loading assembly: D:\Games\[Series] PvZ Mods\PvZ Fusion English 2.1.3\Game Files\MelonLoader\Il2CppAssemblies\UnityEngine.NVIDIAModule.dll
[21:09:14.297] Force loading assembly: D:\Games\[Series] PvZ Mods\PvZ Fusion English 2.1.3\Game Files\MelonLoader\Il2CppAssemblies\UnityEngine.ParticleSystemModule.dll
[21:09:14.298] Force loading assembly: D:\Games\[Series] PvZ Mods\PvZ Fusion English 2.1.3\Game Files\MelonLoader\Il2CppAssemblies\UnityEngine.PerformanceReportingModule.dll
[21:09:14.298] Force loading assembly: D:\Games\[Series] PvZ Mods\PvZ Fusion English 2.1.3\Game Files\MelonLoader\Il2CppAssemblies\UnityEngine.Physics2DModule.dll
[21:09:14.299] Force loading assembly: D:\Games\[Series] PvZ Mods\PvZ Fusion English 2.1.3\Game Files\MelonLoader\Il2CppAssemblies\UnityEngine.PhysicsModule.dll
[21:09:14.299] Force loading assembly: D:\Games\[Series] PvZ Mods\PvZ Fusion English 2.1.3\Game Files\MelonLoader\Il2CppAssemblies\UnityEngine.ProfilerModule.dll
[21:09:14.299] Force loading assembly: D:\Games\[Series] PvZ Mods\PvZ Fusion English 2.1.3\Game Files\MelonLoader\Il2CppAssemblies\UnityEngine.PropertiesModule.dll
[21:09:14.300] Force loading assembly: D:\Games\[Series] PvZ Mods\PvZ Fusion English 2.1.3\Game Files\MelonLoader\Il2CppAssemblies\UnityEngine.RuntimeInitializeOnLoadManagerInitializerModule.dll
[21:09:14.300] Force loading assembly: D:\Games\[Series] PvZ Mods\PvZ Fusion English 2.1.3\Game Files\MelonLoader\Il2CppAssemblies\UnityEngine.ScreenCaptureModule.dll
[21:09:14.300] Force loading assembly: D:\Games\[Series] PvZ Mods\PvZ Fusion English 2.1.3\Game Files\MelonLoader\Il2CppAssemblies\UnityEngine.SharedInternalsModule.dll
[21:09:14.301] Force loading assembly: D:\Games\[Series] PvZ Mods\PvZ Fusion English 2.1.3\Game Files\MelonLoader\Il2CppAssemblies\UnityEngine.SpriteMaskModule.dll
[21:09:14.303] Force loading assembly: D:\Games\[Series] PvZ Mods\PvZ Fusion English 2.1.3\Game Files\MelonLoader\Il2CppAssemblies\UnityEngine.SpriteShapeModule.dll
[21:09:14.304] Force loading assembly: D:\Games\[Series] PvZ Mods\PvZ Fusion English 2.1.3\Game Files\MelonLoader\Il2CppAssemblies\UnityEngine.StreamingModule.dll
[21:09:14.305] Force loading assembly: D:\Games\[Series] PvZ Mods\PvZ Fusion English 2.1.3\Game Files\MelonLoader\Il2CppAssemblies\UnityEngine.SubstanceModule.dll
[21:09:14.307] Force loading assembly: D:\Games\[Series] PvZ Mods\PvZ Fusion English 2.1.3\Game Files\MelonLoader\Il2CppAssemblies\UnityEngine.SubsystemsModule.dll
[21:09:14.308] Force loading assembly: D:\Games\[Series] PvZ Mods\PvZ Fusion English 2.1.3\Game Files\MelonLoader\Il2CppAssemblies\UnityEngine.TerrainModule.dll
[21:09:14.308] Force loading assembly: D:\Games\[Series] PvZ Mods\PvZ Fusion English 2.1.3\Game Files\MelonLoader\Il2CppAssemblies\UnityEngine.TerrainPhysicsModule.dll
[21:09:14.309] Force loading assembly: D:\Games\[Series] PvZ Mods\PvZ Fusion English 2.1.3\Game Files\MelonLoader\Il2CppAssemblies\UnityEngine.TextCoreFontEngineModule.dll
[21:09:14.309] Force loading assembly: D:\Games\[Series] PvZ Mods\PvZ Fusion English 2.1.3\Game Files\MelonLoader\Il2CppAssemblies\UnityEngine.TextCoreTextEngineModule.dll
[21:09:14.309] Force loading assembly: D:\Games\[Series] PvZ Mods\PvZ Fusion English 2.1.3\Game Files\MelonLoader\Il2CppAssemblies\UnityEngine.TextRenderingModule.dll
[21:09:14.310] Force loading assembly: D:\Games\[Series] PvZ Mods\PvZ Fusion English 2.1.3\Game Files\MelonLoader\Il2CppAssemblies\UnityEngine.TilemapModule.dll
[21:09:14.310] Force loading assembly: D:\Games\[Series] PvZ Mods\PvZ Fusion English 2.1.3\Game Files\MelonLoader\Il2CppAssemblies\UnityEngine.TLSModule.dll
[21:09:14.310] Force loading assembly: D:\Games\[Series] PvZ Mods\PvZ Fusion English 2.1.3\Game Files\MelonLoader\Il2CppAssemblies\UnityEngine.UI.dll
[21:09:14.311] Force loading assembly: D:\Games\[Series] PvZ Mods\PvZ Fusion English 2.1.3\Game Files\MelonLoader\Il2CppAssemblies\UnityEngine.UIElementsModule.dll
[21:09:14.311] Force loading assembly: D:\Games\[Series] PvZ Mods\PvZ Fusion English 2.1.3\Game Files\MelonLoader\Il2CppAssemblies\UnityEngine.UIModule.dll
[21:09:14.311] Force loading assembly: D:\Games\[Series] PvZ Mods\PvZ Fusion English 2.1.3\Game Files\MelonLoader\Il2CppAssemblies\UnityEngine.UmbraModule.dll
[21:09:14.312] Force loading assembly: D:\Games\[Series] PvZ Mods\PvZ Fusion English 2.1.3\Game Files\MelonLoader\Il2CppAssemblies\UnityEngine.UnityAnalyticsCommonModule.dll
[21:09:14.312] Force loading assembly: D:\Games\[Series] PvZ Mods\PvZ Fusion English 2.1.3\Game Files\MelonLoader\Il2CppAssemblies\UnityEngine.UnityAnalyticsModule.dll
[21:09:14.313] Force loading assembly: D:\Games\[Series] PvZ Mods\PvZ Fusion English 2.1.3\Game Files\MelonLoader\Il2CppAssemblies\UnityEngine.UnityConnectModule.dll
[21:09:14.313] Force loading assembly: D:\Games\[Series] PvZ Mods\PvZ Fusion English 2.1.3\Game Files\MelonLoader\Il2CppAssemblies\UnityEngine.UnityCurlModule.dll
[21:09:14.314] Force loading assembly: D:\Games\[Series] PvZ Mods\PvZ Fusion English 2.1.3\Game Files\MelonLoader\Il2CppAssemblies\UnityEngine.UnityTestProtocolModule.dll
[21:09:14.314] Force loading assembly: D:\Games\[Series] PvZ Mods\PvZ Fusion English 2.1.3\Game Files\MelonLoader\Il2CppAssemblies\UnityEngine.UnityWebRequestAssetBundleModule.dll
[21:09:14.314] Force loading assembly: D:\Games\[Series] PvZ Mods\PvZ Fusion English 2.1.3\Game Files\MelonLoader\Il2CppAssemblies\UnityEngine.UnityWebRequestAudioModule.dll
[21:09:14.315] Force loading assembly: D:\Games\[Series] PvZ Mods\PvZ Fusion English 2.1.3\Game Files\MelonLoader\Il2CppAssemblies\UnityEngine.UnityWebRequestModule.dll
[21:09:14.315] Force loading assembly: D:\Games\[Series] PvZ Mods\PvZ Fusion English 2.1.3\Game Files\MelonLoader\Il2CppAssemblies\UnityEngine.UnityWebRequestTextureModule.dll
[21:09:14.316] Force loading assembly: D:\Games\[Series] PvZ Mods\PvZ Fusion English 2.1.3\Game Files\MelonLoader\Il2CppAssemblies\UnityEngine.UnityWebRequestWWWModule.dll
[21:09:14.316] Force loading assembly: D:\Games\[Series] PvZ Mods\PvZ Fusion English 2.1.3\Game Files\MelonLoader\Il2CppAssemblies\UnityEngine.VehiclesModule.dll
[21:09:14.316] Force loading assembly: D:\Games\[Series] PvZ Mods\PvZ Fusion English 2.1.3\Game Files\MelonLoader\Il2CppAssemblies\UnityEngine.VFXModule.dll
[21:09:14.317] Force loading assembly: D:\Games\[Series] PvZ Mods\PvZ Fusion English 2.1.3\Game Files\MelonLoader\Il2CppAssemblies\UnityEngine.VideoModule.dll
[21:09:14.317] Force loading assembly: D:\Games\[Series] PvZ Mods\PvZ Fusion English 2.1.3\Game Files\MelonLoader\Il2CppAssemblies\UnityEngine.VirtualTexturingModule.dll
[21:09:14.318] Force loading assembly: D:\Games\[Series] PvZ Mods\PvZ Fusion English 2.1.3\Game Files\MelonLoader\Il2CppAssemblies\UnityEngine.VRModule.dll
[21:09:14.320] Force loading assembly: D:\Games\[Series] PvZ Mods\PvZ Fusion English 2.1.3\Game Files\MelonLoader\Il2CppAssemblies\UnityEngine.WindModule.dll
[21:09:14.320] Force loading assembly: D:\Games\[Series] PvZ Mods\PvZ Fusion English 2.1.3\Game Files\MelonLoader\Il2CppAssemblies\UnityEngine.XRModule.dll
[21:09:14.357] An error occurred while resolving type: UnityEngine.TextMesh
System.ArgumentException: TextMesh does not have a corresponding IL2CPP class pointer
   at Il2CppInterop.Runtime.Il2CppType.TypeFromPointerInternal(IntPtr classPointer, String typeName, Boolean throwOnFailure) in /home/runner/work/Il2CppInterop/Il2CppInterop/Il2CppInterop.Runtime/Il2CppType.cs:line 19
   at XUnity.Common.Constants.UnityTypes.FindType(String name)
[21:09:14.360] An error occurred while resolving type: UnityEngine.WWW
System.ArgumentException: WWW does not have a corresponding IL2CPP class pointer
   at Il2CppInterop.Runtime.Il2CppType.TypeFromPointerInternal(IntPtr classPointer, String typeName, Boolean throwOnFailure) in /home/runner/work/Il2CppInterop/Il2CppInterop/Il2CppInterop.Runtime/Il2CppType.cs:line 19
   at XUnity.Common.Constants.UnityTypes.FindType(String name)
[21:09:14.366] [Il2CppInterop] Nested type ToolbarButtonSize on GUI not found!
[21:09:14.366] An error occurred while resolving type: UnityEngine.GUI+ToolbarButtonSize
System.ArgumentException: ToolbarButtonSize does not have a corresponding IL2CPP class pointer
   at Il2CppInterop.Runtime.Il2CppType.TypeFromPointerInternal(IntPtr classPointer, String typeName, Boolean throwOnFailure) in /home/runner/work/Il2CppInterop/Il2CppInterop/Il2CppInterop.Runtime/Il2CppType.cs:line 19
   at XUnity.Common.Constants.UnityTypes.FindType(String name)
[21:09:14.367] An error occurred while resolving type: UnityEngine.ImageConversion
System.ArgumentException: ImageConversion does not have a corresponding IL2CPP class pointer
   at Il2CppInterop.Runtime.Il2CppType.TypeFromPointerInternal(IntPtr classPointer, String typeName, Boolean throwOnFailure) in /home/runner/work/Il2CppInterop/Il2CppInterop/Il2CppInterop.Runtime/Il2CppType.cs:line 19
   at XUnity.Common.Constants.UnityTypes.FindType(String name)
[21:09:14.378] An error occurred while resolving type: UnityEngine.AssetBundle
System.ArgumentException: AssetBundle does not have a corresponding IL2CPP class pointer
   at Il2CppInterop.Runtime.Il2CppType.TypeFromPointerInternal(IntPtr classPointer, String typeName, Boolean throwOnFailure) in /home/runner/work/Il2CppInterop/Il2CppInterop/Il2CppInterop.Runtime/Il2CppType.cs:line 19
   at XUnity.Common.Constants.UnityTypes.FindType(String name)
[21:09:14.496] Hooked UnityEngine.UI.Text.set_text through Harmony hooks.
[21:09:14.534] Hooked UnityEngine.UI.Text.OnEnable through Harmony hooks.
[21:09:14.624] Disabling certificate checks for endpoints because of configuration.
[21:09:14.626] Probing whether OnLevelWasLoaded or SceneManager is supported in this version of Unity. Any warnings related to OnLevelWasLoaded coming from Unity can safely be ignored.
[21:09:14.627] An error occurred while settings up scene-load scans.
System.NotSupportedException: Method unstripping failed
   at lambda_method2(Closure , UnityAction`2 )
   at XUnity.AutoTranslator.Plugin.Utilities.TranslationScopeHelper.RegisterSceneLoadCallback(Action`1 sceneLoaded)
   at XUnity.AutoTranslator.Plugin.Core.AutoTranslationPlugin.EnableSceneLoadScan()
[21:09:14.631] Loaded resize command text files.
[21:09:14.658] --- Loading Global Translations ---
[21:09:14.664] Loaded translation text files (took 0 seconds)
[21:09:14.665] Created variation translations (took -0 seconds)
[21:09:14.665] Created token translations (took -0 seconds)
[21:09:14.674] Loaded XUnity.AutoTranslator into Unity [2022.3.20f1c1] game.
[21:09:14.746] [Il2CppInterop] Registered mono type XUnity.AutoTranslator.Plugin.Core.Il2CppManagedEnumerator in il2cpp domain
[21:09:15.132] Skipping plugin scan because no plugin-specific translations has been registered.
[21:09:15.342] [PVZ_Hyper_Fusion] OK! Replaced Texture SelectorScreen_Adventure_button
[21:09:15.343] [PVZ_Hyper_Fusion] OK! Replaced Texture SelectorScreen_Adventure_highlight
[21:09:15.343] [PVZ_Hyper_Fusion] OK! Replaced Texture SelectorScreen_Almanac
[21:09:15.344] [PVZ_Hyper_Fusion] OK! Replaced Texture SelectorScreen_AlmanacHighlight
[21:09:15.345] [PVZ_Hyper_Fusion] OK! Replaced Texture SelectorScreen_Challenge_button
[21:09:15.346] [PVZ_Hyper_Fusion] OK! Replaced Texture SelectorScreen_Challenge_highlight
[21:09:15.347] [PVZ_Hyper_Fusion] OK! Replaced Texture SelectorScreen_Challenges_button
[21:09:15.347] [PVZ_Hyper_Fusion] OK! Replaced Texture SelectorScreen_Challenges_highlight
[21:09:15.348] [PVZ_Hyper_Fusion] OK! Replaced Texture SelectorScreen_Help1
[21:09:15.348] [PVZ_Hyper_Fusion] OK! Replaced Texture SelectorScreen_Help2
[21:09:15.348] [PVZ_Hyper_Fusion] OK! Replaced Texture SelectorScreen_Options1
[21:09:15.349] [PVZ_Hyper_Fusion] OK! Replaced Texture SelectorScreen_Options2
[21:09:15.353] [PVZ_Hyper_Fusion] OK! Replaced Texture SelectorScreen_Quit1
[21:09:15.354] [PVZ_Hyper_Fusion] OK! Replaced Texture SelectorScreen_Quit2
[21:09:15.354] [PVZ_Hyper_Fusion] OK! Replaced Texture SelectorScreen_Store
[21:09:15.357] [PVZ_Hyper_Fusion] OK! Replaced Texture SelectorScreen_StoreHighlight
[21:09:15.358] [PVZ_Hyper_Fusion] OK! Replaced Texture SelectorScreen_Vasebreaker_button
[21:09:15.359] [PVZ_Hyper_Fusion] OK! Replaced Texture SelectorScreen_vasebreaker_highlight
[21:09:15.360] [PVZ_Hyper_Fusion] OK! Replaced Texture SelectorScreen_WoodSign1
[21:09:15.361] [PVZ_Hyper_Fusion] OK! Replaced Texture SelectorScreen_WoodSign2
[21:09:15.362] [PVZ_Hyper_Fusion] OK! Replaced Texture SelectorScreen_WoodSign2_press
[21:09:15.363] [PVZ_Hyper_Fusion] OK! Replaced Texture SelectorScreen_ZenGarden
[21:09:15.364] [PVZ_Hyper_Fusion] OK! Replaced Texture SelectorScreen_ZenGardenHighlight
[21:20:33.200] [PVZ_Hyper_Fusion] Strings loaded successfully.
[21:21:41.495] [PVZ_Hyper_Fusion] Strings loaded successfully.
[21:21:52.096] [PVZ_Hyper_Fusion] Strings loaded successfully.
[21:22:18.720] [PVZ_Hyper_Fusion] Strings loaded successfully.
[21:24:13.406] [PVZ_Hyper_Fusion] OK! Replaced Texture options_menuback
[21:24:26.066] [PVZ_Hyper_Fusion] Strings loaded successfully.
[21:41:35.869] Preferences Saved!
