[00:07:17.154] ------------------------------
[00:07:17.208] MelonLoader v0.6.5 Open-Beta
[00:07:17.211] OS: Windows 10
[00:07:17.211] Hash Code: ECEE59E98250B37FBAD36ACD622C0C177FB65E478F6B3EE58F58366B6557DF70
[00:07:17.211] ------------------------------
[00:07:17.212] Game Type: Il2cpp
[00:07:17.212] Game Arch: x64
[00:07:17.213] ------------------------------
[00:07:17.213] Command-Line: E:\PVZ_Hyper_Fusion\PlantsVsZombiesRH.exe
[00:07:17.214] ------------------------------
[00:07:17.214] Core::BasePath = E:\PVZ_Hyper_Fusion
[00:07:17.215] Game::BasePath = E:\PVZ_Hyper_Fusion
[00:07:17.216] Game::DataPath = E:\PVZ_Hyper_Fusion\PlantsVsZombiesRH_Data
[00:07:17.216] Game::ApplicationPath = E:\PVZ_Hyper_Fusion\PlantsVsZombiesRH.exe
[00:07:17.216] Runtime Type: net6
[00:07:17.433] ------------------------------
[00:07:17.434] Game Name: PlantsVsZombiesRH
[00:07:17.434] Game Developer: LanPiaoPiao
[00:07:17.437] Unity Version: 2022.3.20f1c1
[00:07:17.438] Game Version: 2.1.3
[00:07:17.438] ------------------------------

[00:07:19.653] Preferences Loaded!

[00:07:19.789] Loading UserLibs from 'E:\PVZ_Hyper_Fusion\UserLibs'...
[00:07:19.791] ------------------------------
[00:07:19.799] Melon Assembly loaded: '.\UserLibs\ExIni.dll'
[00:07:19.801] SHA256 Hash: 'C073DB2220667E6BBBFFF64E13ED4F7E744AF4B554C408F13EA80BFDFFD859D0'
[00:07:19.834] Melon Assembly loaded: '.\UserLibs\XUnity.AutoTranslator.Plugin.Core.dll'
[00:07:19.834] SHA256 Hash: '068A7021F48B97087F4AD3E201C18BEB5F4F1BCFF363655D57A8FE2E2D2CEC79'
[00:07:19.841] Melon Assembly loaded: '.\UserLibs\XUnity.AutoTranslator.Plugin.ExtProtocol.dll'
[00:07:19.841] SHA256 Hash: '15DC19FB833E55A7628023BB0BFFC18DFB94CB6CA5F6DBA4F171F3A3585A4FF3'
[00:07:19.849] Melon Assembly loaded: '.\UserLibs\XUnity.Common.dll'
[00:07:19.850] SHA256 Hash: '0313777972941AB61806649A74770EA79201E0E4063ADF4E24155976B3AC0D10'
[00:07:19.858] Melon Assembly loaded: '.\UserLibs\XUnity.ResourceRedirector.dll'
[00:07:19.858] SHA256 Hash: 'F65C057681063A60D3DB039427A4667FF473B71DEFB324BF9F7E9D99FA7BC571'

[00:07:19.876] Loading Plugins from 'E:\PVZ_Hyper_Fusion\Plugins'...
[00:07:19.882] 0 Plugins loaded.
[00:07:20.954] Loading Il2CppAssemblyGenerator...
[00:07:21.048] [Il2CppAssemblyGenerator] Contacting RemoteAPI...
[00:07:21.525] [Il2CppAssemblyGenerator] Game Not Found on RemoteAPI Host (https://api.melonloader.com/api/v1/game/plantsvszombiesrh)
[00:07:21.526] [Il2CppAssemblyGenerator] RemoteAPI.DumperVersion = null
[00:07:21.528] [Il2CppAssemblyGenerator] RemoteAPI.ObfuscationRegex = null
[00:07:21.530] [Il2CppAssemblyGenerator] RemoteAPI.MappingURL = null
[00:07:21.530] [Il2CppAssemblyGenerator] RemoteAPI.MappingFileSHA512 = null
[00:07:21.540] [Il2CppAssemblyGenerator] Using Cpp2IL Version: 2022.1.0-pre-release.18
[00:07:21.540] [Il2CppAssemblyGenerator] Using Il2CppInterop Version = 1.4.6-ci.545+3da49636029e18c88fe93901a893499a2d779805
[00:07:21.542] [Il2CppAssemblyGenerator] Using Unity Dependencies Version = 2022.3.20
[00:07:21.544] [Il2CppAssemblyGenerator] Using Deobfuscation Regex = null
[00:07:21.547] [Il2CppAssemblyGenerator] Cpp2IL is up to date.
[00:07:21.547] [Il2CppAssemblyGenerator] UnityDependencies is up to date.
[00:07:21.548] [Il2CppAssemblyGenerator] Checking GameAssembly...
[00:07:21.736] [Il2CppAssemblyGenerator] Assembly is up to date. No Generation Needed.

[00:07:21.740] Loading Mods from 'E:\PVZ_Hyper_Fusion\Mods'...
[00:07:21.742] ------------------------------
[00:07:21.774] Melon Assembly loaded: '.\Mods\PVZ_Hyper_Fusion.dll'
[00:07:21.776] SHA256 Hash: 'A5B6D291C94217965A43786F7693C5EB2B9817D03153996F3D67988E745D41D3'
[00:07:21.782] Melon Assembly loaded: '.\Mods\XUnity.AutoTranslator.Plugin.MelonMod.dll'
[00:07:21.782] SHA256 Hash: '9DBC7E5B0E3F854FFED9BCD39E10C6D7D1D68A45B9B739B3B9A63089697DC0D0'

[00:07:22.063] ------------------------------
[00:07:22.064] PVZ Hyper Fusion v0.0.3
[00:07:22.064] by arifrios1st
[00:07:22.065] Assembly: PVZ_Hyper_Fusion.dll
[00:07:22.067] ------------------------------
[00:07:22.083] ------------------------------
[00:07:22.085] XUnity Auto Translator v5.4.0
[00:07:22.085] by gravydevsupreme
[00:07:22.086] Assembly: XUnity.AutoTranslator.Plugin.MelonMod.dll
[00:07:22.088] ------------------------------
[00:07:22.088] ------------------------------
[00:07:22.089] 2 Mods loaded.

[00:07:26.948] [Il2CppInterop] Class::Init signatures have been exhausted, using a substitute!
[00:07:27.148] [Il2CppInterop] Registered mono type Il2CppInterop.Runtime.DelegateSupport+Il2CppToMonoDelegateReference in il2cpp domain
[00:07:27.295] [Il2CppInterop] Registered mono type MelonLoader.Support.MonoEnumeratorWrapper in il2cpp domain
[00:07:27.385] [Il2CppInterop] Registered mono type MelonLoader.Support.SM_Component in il2cpp domain
[00:07:27.418] Support Module Loaded: E:\PVZ_Hyper_Fusion\MelonLoader\Dependencies\SupportModules\Il2Cpp.dll
[00:07:29.528] [PVZ_Hyper_Fusion] Textures loaded successfully.
[00:07:30.073] [PVZ_Hyper_Fusion] Strings loaded successfully.
[00:08:04.089] [PVZ_Hyper_Fusion] OK! Replaced Texture Sproing
[00:08:04.161] [PVZ_Hyper_Fusion] OK! Replaced Texture Doom
[00:08:04.315] [PVZ_Hyper_Fusion] OK! Replaced Texture ExplosionPowie
[00:08:04.867] [PVZ_Hyper_Fusion] OK! Replaced Texture ExplosionSpudow
[00:08:05.453] [PVZ_Hyper_Fusion] OK! Replaced Texture guang
[00:08:11.224] [Il2CppInterop] Registered mono type XUnity.AutoTranslator.Plugin.Core.PluginLoader+AutoTranslatorProxyBehaviour in il2cpp domain
[00:08:33.277] Screen resolution determine to be: 1366x681
[00:08:33.283] Force loading ALL proxy assemblies.
[00:08:33.285] Force loading assembly: E:\PVZ_Hyper_Fusion\MelonLoader\Il2CppAssemblies\Assembly-CSharp.dll
[00:08:33.739] Force loading assembly: E:\PVZ_Hyper_Fusion\MelonLoader\Il2CppAssemblies\Il2CppMono.Security.dll
[00:08:34.253] Force loading assembly: E:\PVZ_Hyper_Fusion\MelonLoader\Il2CppAssemblies\Il2Cppmscorlib.dll
[00:08:36.503] Force loading assembly: E:\PVZ_Hyper_Fusion\MelonLoader\Il2CppAssemblies\Il2CppSystem.Configuration.dll
[00:08:36.532] Force loading assembly: E:\PVZ_Hyper_Fusion\MelonLoader\Il2CppAssemblies\Il2CppSystem.Core.dll
[00:08:38.361] Force loading assembly: E:\PVZ_Hyper_Fusion\MelonLoader\Il2CppAssemblies\Il2CppSystem.dll
[00:08:40.519] Force loading assembly: E:\PVZ_Hyper_Fusion\MelonLoader\Il2CppAssemblies\Il2CppSystem.Xml.dll
[00:08:41.119] Force loading assembly: E:\PVZ_Hyper_Fusion\MelonLoader\Il2CppAssemblies\Il2Cpp__Generated.dll
[00:08:41.292] Force loading assembly: E:\PVZ_Hyper_Fusion\MelonLoader\Il2CppAssemblies\Unity.2D.Animation.Runtime.dll
[00:08:42.393] Force loading assembly: E:\PVZ_Hyper_Fusion\MelonLoader\Il2CppAssemblies\Unity.Burst.dll
[00:08:43.450] Force loading assembly: E:\PVZ_Hyper_Fusion\MelonLoader\Il2CppAssemblies\Unity.Burst.Unsafe.dll
[00:08:44.028] Force loading assembly: E:\PVZ_Hyper_Fusion\MelonLoader\Il2CppAssemblies\Unity.Collections.dll
[00:08:45.627] Force loading assembly: E:\PVZ_Hyper_Fusion\MelonLoader\Il2CppAssemblies\Unity.Collections.LowLevel.ILSupport.dll
[00:08:45.717] Force loading assembly: E:\PVZ_Hyper_Fusion\MelonLoader\Il2CppAssemblies\Unity.InternalAPIEngineBridge.001.dll
[00:08:45.870] Force loading assembly: E:\PVZ_Hyper_Fusion\MelonLoader\Il2CppAssemblies\Unity.Mathematics.dll
[00:08:47.062] Force loading assembly: E:\PVZ_Hyper_Fusion\MelonLoader\Il2CppAssemblies\Unity.RenderPipeline.Universal.ShaderLibrary.dll
[00:08:47.190] Force loading assembly: E:\PVZ_Hyper_Fusion\MelonLoader\Il2CppAssemblies\Unity.RenderPipelines.Core.Runtime.dll
[00:08:47.987] Force loading assembly: E:\PVZ_Hyper_Fusion\MelonLoader\Il2CppAssemblies\Unity.RenderPipelines.Universal.Runtime.dll
[00:08:49.705] Force loading assembly: E:\PVZ_Hyper_Fusion\MelonLoader\Il2CppAssemblies\Unity.TextMeshPro.dll
[00:08:51.882] Force loading assembly: E:\PVZ_Hyper_Fusion\MelonLoader\Il2CppAssemblies\Unity.VisualScripting.Core.dll
[00:08:52.922] Force loading assembly: E:\PVZ_Hyper_Fusion\MelonLoader\Il2CppAssemblies\UnityEngine.AccessibilityModule.dll
[00:08:53.245] Force loading assembly: E:\PVZ_Hyper_Fusion\MelonLoader\Il2CppAssemblies\UnityEngine.AIModule.dll
[00:08:53.416] Force loading assembly: E:\PVZ_Hyper_Fusion\MelonLoader\Il2CppAssemblies\UnityEngine.AndroidJNIModule.dll
[00:08:53.984] Force loading assembly: E:\PVZ_Hyper_Fusion\MelonLoader\Il2CppAssemblies\UnityEngine.AnimationModule.dll
[00:08:55.564] Force loading assembly: E:\PVZ_Hyper_Fusion\MelonLoader\Il2CppAssemblies\UnityEngine.ARModule.dll
[00:08:55.830] Force loading assembly: E:\PVZ_Hyper_Fusion\MelonLoader\Il2CppAssemblies\UnityEngine.AssetBundleModule.dll
[00:08:55.959] Force loading assembly: E:\PVZ_Hyper_Fusion\MelonLoader\Il2CppAssemblies\UnityEngine.AudioModule.dll
[00:08:57.070] Force loading assembly: E:\PVZ_Hyper_Fusion\MelonLoader\Il2CppAssemblies\UnityEngine.ClothModule.dll
[00:08:57.124] Force loading assembly: E:\PVZ_Hyper_Fusion\MelonLoader\Il2CppAssemblies\UnityEngine.ClusterInputModule.dll
[00:08:57.184] Force loading assembly: E:\PVZ_Hyper_Fusion\MelonLoader\Il2CppAssemblies\UnityEngine.ClusterRendererModule.dll
[00:08:57.232] Force loading assembly: E:\PVZ_Hyper_Fusion\MelonLoader\Il2CppAssemblies\UnityEngine.ContentLoadModule.dll
[00:08:57.281] Force loading assembly: E:\PVZ_Hyper_Fusion\MelonLoader\Il2CppAssemblies\UnityEngine.CoreModule.dll
[00:08:57.827] Force loading assembly: E:\PVZ_Hyper_Fusion\MelonLoader\Il2CppAssemblies\UnityEngine.CrashReportingModule.dll
[00:08:57.878] Force loading assembly: E:\PVZ_Hyper_Fusion\MelonLoader\Il2CppAssemblies\UnityEngine.DirectorModule.dll
[00:08:57.942] Force loading assembly: E:\PVZ_Hyper_Fusion\MelonLoader\Il2CppAssemblies\UnityEngine.dll
[00:08:58.024] Force loading assembly: E:\PVZ_Hyper_Fusion\MelonLoader\Il2CppAssemblies\UnityEngine.DSPGraphModule.dll
[00:08:58.082] Force loading assembly: E:\PVZ_Hyper_Fusion\MelonLoader\Il2CppAssemblies\UnityEngine.GameCenterModule.dll
[00:08:58.139] Force loading assembly: E:\PVZ_Hyper_Fusion\MelonLoader\Il2CppAssemblies\UnityEngine.GIModule.dll
[00:08:58.194] Force loading assembly: E:\PVZ_Hyper_Fusion\MelonLoader\Il2CppAssemblies\UnityEngine.GridModule.dll
[00:08:58.250] Force loading assembly: E:\PVZ_Hyper_Fusion\MelonLoader\Il2CppAssemblies\UnityEngine.HotReloadModule.dll
[00:08:58.252] Force loading assembly: E:\PVZ_Hyper_Fusion\MelonLoader\Il2CppAssemblies\UnityEngine.ImageConversionModule.dll
[00:08:58.309] Force loading assembly: E:\PVZ_Hyper_Fusion\MelonLoader\Il2CppAssemblies\UnityEngine.IMGUIModule.dll
[00:08:58.404] Force loading assembly: E:\PVZ_Hyper_Fusion\MelonLoader\Il2CppAssemblies\UnityEngine.InputLegacyModule.dll
[00:08:58.454] Force loading assembly: E:\PVZ_Hyper_Fusion\MelonLoader\Il2CppAssemblies\UnityEngine.InputModule.dll
[00:08:58.515] Force loading assembly: E:\PVZ_Hyper_Fusion\MelonLoader\Il2CppAssemblies\UnityEngine.JSONSerializeModule.dll
[00:08:58.517] Force loading assembly: E:\PVZ_Hyper_Fusion\MelonLoader\Il2CppAssemblies\UnityEngine.LocalizationModule.dll
[00:08:58.566] Force loading assembly: E:\PVZ_Hyper_Fusion\MelonLoader\Il2CppAssemblies\UnityEngine.NVIDIAModule.dll
[00:08:58.615] Force loading assembly: E:\PVZ_Hyper_Fusion\MelonLoader\Il2CppAssemblies\UnityEngine.ParticleSystemModule.dll
[00:08:58.618] Force loading assembly: E:\PVZ_Hyper_Fusion\MelonLoader\Il2CppAssemblies\UnityEngine.PerformanceReportingModule.dll
[00:08:58.621] Force loading assembly: E:\PVZ_Hyper_Fusion\MelonLoader\Il2CppAssemblies\UnityEngine.Physics2DModule.dll
[00:08:58.624] Force loading assembly: E:\PVZ_Hyper_Fusion\MelonLoader\Il2CppAssemblies\UnityEngine.PhysicsModule.dll
[00:08:58.702] Force loading assembly: E:\PVZ_Hyper_Fusion\MelonLoader\Il2CppAssemblies\UnityEngine.ProfilerModule.dll
[00:08:58.704] Force loading assembly: E:\PVZ_Hyper_Fusion\MelonLoader\Il2CppAssemblies\UnityEngine.PropertiesModule.dll
[00:08:58.710] Force loading assembly: E:\PVZ_Hyper_Fusion\MelonLoader\Il2CppAssemblies\UnityEngine.RuntimeInitializeOnLoadManagerInitializerModule.dll
[00:08:58.756] Force loading assembly: E:\PVZ_Hyper_Fusion\MelonLoader\Il2CppAssemblies\UnityEngine.ScreenCaptureModule.dll
[00:08:58.802] Force loading assembly: E:\PVZ_Hyper_Fusion\MelonLoader\Il2CppAssemblies\UnityEngine.SharedInternalsModule.dll
[00:08:58.859] Force loading assembly: E:\PVZ_Hyper_Fusion\MelonLoader\Il2CppAssemblies\UnityEngine.SpriteMaskModule.dll
[00:08:58.922] Force loading assembly: E:\PVZ_Hyper_Fusion\MelonLoader\Il2CppAssemblies\UnityEngine.SpriteShapeModule.dll
[00:08:58.968] Force loading assembly: E:\PVZ_Hyper_Fusion\MelonLoader\Il2CppAssemblies\UnityEngine.StreamingModule.dll
[00:08:59.026] Force loading assembly: E:\PVZ_Hyper_Fusion\MelonLoader\Il2CppAssemblies\UnityEngine.SubstanceModule.dll
[00:08:59.076] Force loading assembly: E:\PVZ_Hyper_Fusion\MelonLoader\Il2CppAssemblies\UnityEngine.SubsystemsModule.dll
[00:08:59.125] Force loading assembly: E:\PVZ_Hyper_Fusion\MelonLoader\Il2CppAssemblies\UnityEngine.TerrainModule.dll
[00:08:59.177] Force loading assembly: E:\PVZ_Hyper_Fusion\MelonLoader\Il2CppAssemblies\UnityEngine.TerrainPhysicsModule.dll
[00:08:59.238] Force loading assembly: E:\PVZ_Hyper_Fusion\MelonLoader\Il2CppAssemblies\UnityEngine.TextCoreFontEngineModule.dll
[00:08:59.241] Force loading assembly: E:\PVZ_Hyper_Fusion\MelonLoader\Il2CppAssemblies\UnityEngine.TextCoreTextEngineModule.dll
[00:08:59.438] Force loading assembly: E:\PVZ_Hyper_Fusion\MelonLoader\Il2CppAssemblies\UnityEngine.TextRenderingModule.dll
[00:08:59.441] Force loading assembly: E:\PVZ_Hyper_Fusion\MelonLoader\Il2CppAssemblies\UnityEngine.TilemapModule.dll
[00:08:59.488] Force loading assembly: E:\PVZ_Hyper_Fusion\MelonLoader\Il2CppAssemblies\UnityEngine.TLSModule.dll
[00:08:59.540] Force loading assembly: E:\PVZ_Hyper_Fusion\MelonLoader\Il2CppAssemblies\UnityEngine.UI.dll
[00:08:59.877] Force loading assembly: E:\PVZ_Hyper_Fusion\MelonLoader\Il2CppAssemblies\UnityEngine.UIElementsModule.dll
[00:09:01.554] Force loading assembly: E:\PVZ_Hyper_Fusion\MelonLoader\Il2CppAssemblies\UnityEngine.UIModule.dll
[00:09:01.715] Force loading assembly: E:\PVZ_Hyper_Fusion\MelonLoader\Il2CppAssemblies\UnityEngine.UmbraModule.dll
[00:09:01.851] Force loading assembly: E:\PVZ_Hyper_Fusion\MelonLoader\Il2CppAssemblies\UnityEngine.UnityAnalyticsCommonModule.dll
[00:09:01.890] Force loading assembly: E:\PVZ_Hyper_Fusion\MelonLoader\Il2CppAssemblies\UnityEngine.UnityAnalyticsModule.dll
[00:09:02.329] Force loading assembly: E:\PVZ_Hyper_Fusion\MelonLoader\Il2CppAssemblies\UnityEngine.UnityConnectModule.dll
[00:09:02.619] Force loading assembly: E:\PVZ_Hyper_Fusion\MelonLoader\Il2CppAssemblies\UnityEngine.UnityCurlModule.dll
[00:09:02.896] Force loading assembly: E:\PVZ_Hyper_Fusion\MelonLoader\Il2CppAssemblies\UnityEngine.UnityTestProtocolModule.dll
[00:09:03.027] Force loading assembly: E:\PVZ_Hyper_Fusion\MelonLoader\Il2CppAssemblies\UnityEngine.UnityWebRequestAssetBundleModule.dll
[00:09:03.587] Force loading assembly: E:\PVZ_Hyper_Fusion\MelonLoader\Il2CppAssemblies\UnityEngine.UnityWebRequestAudioModule.dll
[00:09:03.749] Force loading assembly: E:\PVZ_Hyper_Fusion\MelonLoader\Il2CppAssemblies\UnityEngine.UnityWebRequestModule.dll
[00:09:03.898] Force loading assembly: E:\PVZ_Hyper_Fusion\MelonLoader\Il2CppAssemblies\UnityEngine.UnityWebRequestTextureModule.dll
[00:09:03.900] Force loading assembly: E:\PVZ_Hyper_Fusion\MelonLoader\Il2CppAssemblies\UnityEngine.UnityWebRequestWWWModule.dll
[00:09:03.946] Force loading assembly: E:\PVZ_Hyper_Fusion\MelonLoader\Il2CppAssemblies\UnityEngine.VehiclesModule.dll
[00:09:03.995] Force loading assembly: E:\PVZ_Hyper_Fusion\MelonLoader\Il2CppAssemblies\UnityEngine.VFXModule.dll
[00:09:04.185] Force loading assembly: E:\PVZ_Hyper_Fusion\MelonLoader\Il2CppAssemblies\UnityEngine.VideoModule.dll
[00:09:04.231] Force loading assembly: E:\PVZ_Hyper_Fusion\MelonLoader\Il2CppAssemblies\UnityEngine.VirtualTexturingModule.dll
[00:09:04.272] Force loading assembly: E:\PVZ_Hyper_Fusion\MelonLoader\Il2CppAssemblies\UnityEngine.VRModule.dll
[00:09:04.314] Force loading assembly: E:\PVZ_Hyper_Fusion\MelonLoader\Il2CppAssemblies\UnityEngine.WindModule.dll
[00:09:04.316] Force loading assembly: E:\PVZ_Hyper_Fusion\MelonLoader\Il2CppAssemblies\UnityEngine.XRModule.dll
[00:09:05.585] An error occurred while resolving type: UnityEngine.TextMesh
System.ArgumentException: TextMesh does not have a corresponding IL2CPP class pointer
   at Il2CppInterop.Runtime.Il2CppType.TypeFromPointerInternal(IntPtr classPointer, String typeName, Boolean throwOnFailure) in /home/runner/work/Il2CppInterop/Il2CppInterop/Il2CppInterop.Runtime/Il2CppType.cs:line 19
   at XUnity.Common.Constants.UnityTypes.FindType(String name)
[00:09:05.675] An error occurred while resolving type: UnityEngine.WWW
System.ArgumentException: WWW does not have a corresponding IL2CPP class pointer
   at Il2CppInterop.Runtime.Il2CppType.TypeFromPointerInternal(IntPtr classPointer, String typeName, Boolean throwOnFailure) in /home/runner/work/Il2CppInterop/Il2CppInterop/Il2CppInterop.Runtime/Il2CppType.cs:line 19
   at XUnity.Common.Constants.UnityTypes.FindType(String name)
[00:09:06.875] [Il2CppInterop] Nested type ToolbarButtonSize on GUI not found!
[00:09:06.876] An error occurred while resolving type: UnityEngine.GUI+ToolbarButtonSize
System.ArgumentException: ToolbarButtonSize does not have a corresponding IL2CPP class pointer
   at Il2CppInterop.Runtime.Il2CppType.TypeFromPointerInternal(IntPtr classPointer, String typeName, Boolean throwOnFailure) in /home/runner/work/Il2CppInterop/Il2CppInterop/Il2CppInterop.Runtime/Il2CppType.cs:line 19
   at XUnity.Common.Constants.UnityTypes.FindType(String name)
[00:09:06.882] An error occurred while resolving type: UnityEngine.ImageConversion
System.ArgumentException: ImageConversion does not have a corresponding IL2CPP class pointer
   at Il2CppInterop.Runtime.Il2CppType.TypeFromPointerInternal(IntPtr classPointer, String typeName, Boolean throwOnFailure) in /home/runner/work/Il2CppInterop/Il2CppInterop/Il2CppInterop.Runtime/Il2CppType.cs:line 19
   at XUnity.Common.Constants.UnityTypes.FindType(String name)
[00:09:07.109] An error occurred while resolving type: UnityEngine.AssetBundle
System.ArgumentException: AssetBundle does not have a corresponding IL2CPP class pointer
   at Il2CppInterop.Runtime.Il2CppType.TypeFromPointerInternal(IntPtr classPointer, String typeName, Boolean throwOnFailure) in /home/runner/work/Il2CppInterop/Il2CppInterop/Il2CppInterop.Runtime/Il2CppType.cs:line 19
   at XUnity.Common.Constants.UnityTypes.FindType(String name)
[00:09:17.047] Hooked UnityEngine.UI.Text.set_text through Harmony hooks.
[00:09:17.174] Hooked UnityEngine.UI.Text.OnEnable through Harmony hooks.
[00:09:17.739] Disabling certificate checks for endpoints because of configuration.
[00:09:17.744] Probing whether OnLevelWasLoaded or SceneManager is supported in this version of Unity. Any warnings related to OnLevelWasLoaded coming from Unity can safely be ignored.
[00:09:17.746] An error occurred while settings up scene-load scans.
System.NotSupportedException: Method unstripping failed
   at lambda_method2(Closure , UnityAction`2 )
   at XUnity.AutoTranslator.Plugin.Utilities.TranslationScopeHelper.RegisterSceneLoadCallback(Action`1 sceneLoaded)
   at XUnity.AutoTranslator.Plugin.Core.AutoTranslationPlugin.EnableSceneLoadScan()
[00:09:17.756] Loaded resize command text files.
[00:09:17.848] --- Loading Global Translations ---
[00:09:17.955] Loaded translation text files (took 0,02 seconds)
[00:09:18.086] Created variation translations (took -0,06 seconds)
[00:09:18.087] Created token translations (took -0 seconds)
[00:09:18.101] Loaded XUnity.AutoTranslator into Unity [2022.3.20f1c1] game.
[00:09:18.964] [Il2CppInterop] Registered mono type XUnity.AutoTranslator.Plugin.Core.Il2CppManagedEnumerator in il2cpp domain
[00:09:28.694] Skipping plugin scan because no plugin-specific translations has been registered.
[00:09:28.959] [PVZ_Hyper_Fusion] OK! Replaced Texture SelectorScreen_Adventure_button
[00:09:28.974] [PVZ_Hyper_Fusion] OK! Replaced Texture SelectorScreen_Adventure_highlight
[00:09:29.112] [PVZ_Hyper_Fusion] OK! Replaced Texture SelectorScreen_Almanac
[00:09:29.120] [PVZ_Hyper_Fusion] OK! Replaced Texture SelectorScreen_AlmanacHighlight
[00:09:29.137] [PVZ_Hyper_Fusion] OK! Replaced Texture SelectorScreen_Challenge_button
[00:09:29.160] [PVZ_Hyper_Fusion] OK! Replaced Texture SelectorScreen_Challenge_highlight
[00:09:29.175] [PVZ_Hyper_Fusion] OK! Replaced Texture SelectorScreen_Challenges_button
[00:09:29.195] [PVZ_Hyper_Fusion] OK! Replaced Texture SelectorScreen_Challenges_highlight
[00:09:29.198] [PVZ_Hyper_Fusion] OK! Replaced Texture SelectorScreen_Help1
[00:09:29.215] [PVZ_Hyper_Fusion] OK! Replaced Texture SelectorScreen_Help2
[00:09:29.293] [PVZ_Hyper_Fusion] OK! Replaced Texture SelectorScreen_Options1
[00:09:29.298] [PVZ_Hyper_Fusion] OK! Replaced Texture SelectorScreen_Options2
[00:09:29.303] [PVZ_Hyper_Fusion] OK! Replaced Texture SelectorScreen_Quit1
[00:09:29.309] [PVZ_Hyper_Fusion] OK! Replaced Texture SelectorScreen_Quit2
[00:09:29.355] [PVZ_Hyper_Fusion] OK! Replaced Texture SelectorScreen_Store
[00:09:29.372] [PVZ_Hyper_Fusion] OK! Replaced Texture SelectorScreen_StoreHighlight
[00:09:29.436] [PVZ_Hyper_Fusion] OK! Replaced Texture SelectorScreen_Vasebreaker_button
[00:09:29.492] [PVZ_Hyper_Fusion] OK! Replaced Texture SelectorScreen_vasebreaker_highlight
[00:09:29.529] [PVZ_Hyper_Fusion] OK! Replaced Texture SelectorScreen_WoodSign1
[00:09:29.587] [PVZ_Hyper_Fusion] OK! Replaced Texture SelectorScreen_WoodSign2
[00:09:29.632] [PVZ_Hyper_Fusion] OK! Replaced Texture SelectorScreen_WoodSign2_press
[00:09:29.683] [PVZ_Hyper_Fusion] OK! Replaced Texture SelectorScreen_ZenGarden
[00:09:29.739] [PVZ_Hyper_Fusion] OK! Replaced Texture SelectorScreen_ZenGardenHighlight
[00:09:34.192] [Il2CppInterop] During invoking native->managed trampoline
[00:10:02.235] [PVZ_Hyper_Fusion] Strings loaded successfully.
[00:10:31.920] [Il2CppInterop] During invoking native->managed trampoline
[00:10:40.184] [PVZ_Hyper_Fusion] Strings loaded successfully.
[00:10:59.798] [Il2CppInterop] During invoking native->managed trampoline
[00:11:18.446] [PVZ_Hyper_Fusion] Strings loaded successfully.
[00:11:23.847] [Il2CppInterop] During invoking native->managed trampoline
[00:11:31.840] [Il2CppInterop] During invoking native->managed trampoline
[00:11:37.833] [PVZ_Hyper_Fusion] OK! Replaced Texture options_menuback
[00:12:19.999] [Il2CppInterop] During invoking native->managed trampoline
[00:12:29.394] Preferences Saved!
